0.03946175053715706
0.04295901581645012
0.23505304753780365
0.032511647790670395
0.08959939330816269
0.016047660261392593
0.10612539201974869
0.15621720254421234
0.020623687654733658
0.07232401520013809
0.08473916351795197
0.06667731702327728
0.06762918084859848
0.05566795915365219
0.021654037758708
0.05034612491726875
0.06777498871088028
0.07526173442602158
0.13182377815246582
0.10755226016044617
0.1642000377178192
0.09249288588762283
0.18955259025096893
0.1419285088777542
0.022299854084849358
0.0760103315114975
0.08488888293504715
0.04592210054397583
0.11288755387067795
0.20999807119369507
0.017789440229535103
0.10227792710065842
0.1126488447189331
0.03213893994688988
0.14588519930839539
0.07001057267189026
0.12915022671222687
0.06962699443101883
0.024103092029690742
0.10275667160749435
0.18157415091991425
0.029176196083426476
0.09120827913284302
0.06255768984556198
0.03679349645972252
0.0655050128698349
0.07822426408529282
0.12204573303461075
0.08814040571451187
0.01740775816142559
0.12893246114253998
0.09944283962249756
0.05371084436774254
0.11601050198078156
0.03499946743249893
0.02765727788209915
0.04127627983689308
0.022179407998919487
0.0502147451043129
0.18893681466579437
0.07636438310146332
0.04200414940714836
0.05426258221268654
0.03392606973648071
0.19290058314800262
0.028993165120482445
0.17980630695819855
0.041686851531267166
0.10714071244001389
0.06426262110471725
0.06495906412601471
0.05984680354595184
0.17151115834712982
0.07647485285997391
0.10755972564220428
0.052862461656332016
0.15650975704193115
0.10795652866363525
0.10100670903921127
0.14498357474803925
0.03541932255029678
0.27291977405548096
0.05863288417458534
0.049840331077575684
0.033499814569950104
0.1617680937051773
0.05839398130774498
0.027115823701024055
0.07603388279676437
0.030659303069114685
0.024645090103149414
0.12645047903060913
0.07750624418258667
0.13104626536369324
0.08762771636247635
0.06401052325963974
0.10125109553337097
0.04123678058385849
0.22111549973487854
0.02709793671965599
0.08362815529108047
0.1858198344707489
0.07706931978464127
0.06848326325416565
0.04875165969133377
0.026878153905272484
0.05534277483820915
0.21334204077720642
0.022823942825198174
0.13377556204795837
0.03242930769920349
0.039575859904289246
0.09076449275016785
0.05663934722542763
0.02754386141896248
0.0404377356171608
0.03848816081881523
0.07818806916475296
0.06447804719209671
0.06416559964418411
0.08952554315328598
0.12968553602695465
0.024189408868551254
0.07899980992078781
0.06536846607923508
0.09576357901096344
0.1023339033126831
0.06291551142930984
0.11338739097118378
0.16004842519760132
0.010565044358372688
0.0273140799254179
0.15390917658805847
0.09936109185218811
0.05799822509288788
0.13007912039756775
0.09039242565631866
0.10735255479812622
0.20757439732551575
0.02113201655447483
0.08894059807062149
0.15522369742393494
0.0829731822013855
0.04742632061243057
0.0994761660695076
0.058700982481241226
0.08525264263153076
0.08925182372331619
0.06308858841657639
0.017697080969810486
0.09521955251693726
0.09197437763214111
0.15613241493701935
0.1784464716911316
0.05332888290286064
0.07199808210134506
0.11863499134778976
0.016616635024547577
0.05095946416258812
0.02457301691174507
0.15929538011550903
0.14715896546840668
0.11195629835128784
0.08123331516981125
0.10424966365098953
0.03571925684809685
0.04168395698070526
0.1806231141090393
0.10527762025594711
0.07247171550989151
0.08281882852315903
0.05917593464255333
0.09917131811380386
0.050567977130413055
0.10182307660579681
0.05653905123472214
0.11420103907585144
0.07758316397666931
0.059034671634435654
0.06846822053194046
0.019335385411977768
0.10375300794839859
0.0362357571721077
0.10612313449382782
0.15169043838977814
0.04175660014152527
0.042217887938022614
0.1414981186389923
0.11616102606058121
0.09478122740983963
0.07281262427568436
0.04677310213446617
0.12439630925655365
0.05140948295593262
0.026786809787154198
0.14387063682079315
0.12100452184677124
0.0671883374452591
0.09667190909385681
0.03499617427587509
0.06210565194487572
0.06324446946382523
0.02381650172173977
0.06562623381614685
0.09379493445158005
0.03096325322985649
0.04574866220355034
0.15489797294139862
0.10410872101783752
0.11145980656147003
0.038750872015953064
0.03988146409392357
0.09965809434652328
0.12915760278701782
0.12176541984081268
0.04427386075258255
0.13025663793087006
0.03850633651018143
0.06330571323633194
0.16338928043842316
0.034916602075099945
0.09215462952852249
0.06298775225877762
0.07693762332201004
0.11236636340618134
0.058410849422216415
0.1806018054485321
0.15672165155410767
0.08721985667943954
0.04262979328632355
0.03431244567036629
0.04481413960456848
0.03608710691332817
0.038918592035770416
0.05189824476838112
0.022690286859869957
0.0843004360795021
0.05491695553064346
0.04270777106285095
0.08184025436639786
0.16817620396614075
0.09645132720470428
0.13074415922164917
0.07316197454929352
0.08189180493354797
0.15014584362506866
0.14327237010002136
0.18482458591461182
0.033025771379470825
0.023386653512716293
0.016442185267806053
0.13744433224201202
0.1451243907213211
0.0906185731291771
0.09749345481395721
0.10079142451286316
0.135954812169075
0.07832440733909607
0.12304165214300156
0.03151390329003334
0.05378834530711174
0.1744982749223709
0.009469287469983101
0.09271110594272614
0.0528247095644474
0.06316883116960526
0.04299962520599365
0.05710818991065025
0.040654174983501434
0.13711689412593842
0.06337741017341614
0.1458645612001419
0.05848805978894234
0.27752557396888733
0.13630376756191254
0.17615678906440735
0.1053384318947792
0.05410616099834442
0.06071086600422859
0.06930052489042282
0.12418144196271896
0.16351695358753204
0.04060567915439606
0.0637006163597107
0.07546693086624146
0.07406320422887802
0.05046011507511139
0.07213176041841507
0.07313228398561478
0.156216561794281
0.04018734395503998
0.03612009808421135
0.05146324634552002
0.10078421235084534
0.168925940990448
0.04184607043862343
0.02007327415049076
0.15332211554050446
0.16405484080314636
0.025955522432923317
0.06704428046941757
0.15237662196159363
0.04681399092078209
0.02854827232658863
0.03363621607422829
0.0574389211833477
0.038589563220739365
0.13813534379005432
0.130971297621727
0.1138119325041771
0.09664054214954376
0.15430855751037598
0.03283538296818733
0.03606199100613594
0.06309140473604202
0.1241106316447258
0.06781800091266632
0.06969290226697922
0.07931097596883774
0.028925621882081032
0.030884727835655212
0.09018782526254654
0.04995962977409363
0.04609980434179306
0.08580140769481659
0.04432278126478195
0.13938459753990173
0.035550765693187714
0.034826647490262985
0.18536914885044098
0.0260993130505085
0.03458858281373978
0.013706534169614315
0.05687400698661804
0.01630321517586708
0.14599104225635529
0.02769097127020359
0.03505459427833557
0.16404728591442108
0.13795655965805054
0.12835778295993805
0.02372771129012108
0.14438803493976593
0.061928488314151764
0.008012654259800911
0.14025279879570007
0.11136463284492493
0.2661990523338318
0.028691215440630913
0.08320910483598709
0.04115166887640953
0.11236096918582916
0.03559033200144768
0.11709083616733551
0.03968915343284607
0.08732973784208298
0.13429148495197296
0.244760200381279
0.12723316252231598
0.034719258546829224
0.03422011807560921
0.22476249933242798
0.12376131862401962
0.11722347885370255
0.060152169317007065
0.15456324815750122
0.06701844930648804
0.08343441784381866
0.028335001319646835
0.07228429615497589
0.019410250708460808
0.30778953433036804
0.061813466250896454
0.12217095494270325
0.15975570678710938
0.07736621052026749
0.023839036002755165
0.04274289309978485
0.02525576949119568
0.0278694499284029
0.07880782335996628
0.01318692322820425
0.24578818678855896
0.03406570851802826
0.03463767468929291
0.042319510132074356
0.060614362359046936
0.08269824087619781
0.23443707823753357
0.04861266165971756
0.04968762770295143
0.0842471569776535
0.169014111161232
0.1044793501496315
0.1003102958202362
0.0783333033323288
0.09348297864198685
0.015714630484580994
0.15959961712360382
0.04042099416255951
0.08206198364496231
0.10093460977077484
0.016958435997366905
0.0820678249001503
0.13111649453639984
0.03710297495126724
0.0804724395275116
0.0798361673951149
0.10877710580825806
0.1423911452293396
0.09504348784685135
0.021827058866620064
0.05068706348538399
0.03147631883621216
0.046816885471343994
0.052035141736269
0.1113562136888504
0.056931253522634506
0.13950981199741364
0.08692127466201782
0.12313520163297653
0.058723438531160355
0.2317216843366623
0.20660223066806793
0.06166558712720871
0.035343557596206665
0.06064620241522789
0.01731831766664982
0.07644801586866379
0.07756560295820236
0.13834065198898315
0.16003595292568207
0.07969873398542404
0.023535192012786865
0.13055391609668732
0.1035766750574112
0.08247380703687668
0.029522301629185677
0.04336926341056824
0.04987894371151924
0.04509350657463074
0.06357813626527786
0.06213172525167465
0.0402190126478672
0.0830073207616806
0.03176729753613472
0.10617609322071075
0.1164810061454773
0.05581597238779068
0.12481720000505447
0.18606795370578766
0.055422890931367874
0.06559807807207108
0.008139398880302906
0.04488570988178253
0.11082382500171661
0.023244338110089302
0.01702166348695755
0.03542080521583557
0.02687021531164646
0.3925558030605316
0.0902499184012413
0.15342870354652405
0.1522827297449112
0.05687997117638588
0.13527779281139374
0.030410178005695343
0.06260216981172562
0.043240856379270554
0.14591790735721588
0.06577765941619873
0.17030590772628784
0.09186787158250809
0.0492728054523468
0.19084134697914124
0.20481306314468384
0.10882747173309326
0.2653183043003082
0.15710657835006714
0.06269577145576477
0.08100676536560059
0.06575127691030502
0.020479578524827957
0.0306435227394104
0.02399584650993347
0.07202467322349548
0.111666239798069
0.021974695846438408
0.08144743740558624
0.23455940186977386
0.030565399676561356
0.0374673493206501
0.09493690729141235
0.08435375243425369
0.010645203292369843
0.03952288627624512
0.08779075741767883
0.18927785754203796
0.0790344625711441
0.011536868289113045
0.05071588233113289
0.07082120329141617
0.1025572419166565
0.08500835299491882
0.06793729215860367
0.32851895689964294
0.18706737458705902
0.08651693165302277
0.03967646136879921
0.0792246088385582
0.0715130865573883
0.05433434247970581
0.18499693274497986
0.16372521221637726
0.1354576200246811
0.03139059990644455
0.1502985954284668
0.1362910121679306
0.07825583964586258
0.040465883910655975
0.09573204815387726
0.19108259677886963
0.09179651737213135
0.042893074452877045
0.03538744896650314
0.09950593113899231
0.11438024044036865
0.08367380499839783
0.07580626755952835
0.07524105906486511
0.0966111347079277
0.018804630264639854
0.05832277610898018
0.024460075423121452
0.015001697465777397
0.027715124189853668
0.03801249340176582
0.19422538578510284
0.04651331901550293
0.044102273881435394
0.09751947224140167
0.12298325449228287
0.06834898889064789
0.14922450482845306
0.043357688933610916
0.0762140303850174
0.023745236918330193
0.03259113058447838
0.07964425534009933
0.04016620293259621
0.09695714712142944
0.18531736731529236
0.11071116477251053
0.12748397886753082
0.14492468535900116
0.032815348356962204
0.08917340636253357
0.04655620455741882
0.03442343696951866
0.07505860924720764
0.07516679167747498
0.06523889303207397
0.11619774997234344
0.07988034933805466
0.17898651957511902
0.09442570060491562
0.042946476489305496
0.051576558500528336
0.1260855495929718
0.04348667338490486
0.02809172123670578
0.07127268612384796
0.13729643821716309
0.022088533267378807
0.03987080231308937
0.046266887336969376
0.07243792712688446
0.12089446932077408
0.1755102127790451
0.13992683589458466
0.02381053753197193
0.09796598553657532
0.07356008142232895
0.065104179084301
0.07088741660118103
0.09072142839431763
0.06933347880840302
0.1013760045170784
0.225348100066185
0.03821391984820366
0.08450362086296082
0.043789684772491455
0.06969458609819412
0.03582790866494179
0.15285146236419678
0.07513133436441422
0.04865962639451027
0.061656780540943146
0.054491762071847916
0.022959310561418533
0.03216911852359772
0.022985322400927544
0.05568356066942215
0.09774116426706314
0.1480635106563568
0.07639621943235397
0.024987930431962013
0.06201053783297539
0.027021024376153946
0.09416196495294571
0.10425698757171631
0.0843430683016777
0.06847424060106277
0.008748526684939861
0.022047126665711403
0.07599633187055588
0.08444329351186752
0.1749766618013382
0.039075128734111786
0.11973993480205536
0.01835905946791172
0.10679005831480026
0.17874881625175476
0.06024422124028206
0.016043588519096375
0.09950097650289536
0.04827391356229782
0.036078814417123795
0.06501029431819916
0.044949326664209366
0.17290495336055756
0.10342877358198166
0.11065705865621567
0.0740230455994606
0.05147241801023483
0.06037282571196556
0.03531349450349808
0.0660756453871727
0.07293105870485306
0.06114985793828964
0.13519662618637085
0.025141621008515358
0.02368887886404991
0.09784143418073654
0.07345075905323029
0.2643326222896576
0.031278468668460846
0.08558940142393112
0.027890322729945183
0.08331388235092163
0.04957457259297371
0.07951539754867554
0.05250881239771843
0.047242216765880585
0.09173223376274109
0.18988512456417084
0.06650018692016602
0.12717771530151367
0.035741180181503296
0.06161690503358841
0.1030348390340805
0.1490120142698288
0.042256321758031845
0.15814334154129028
0.0957501009106636
0.05887969955801964
0.11379414796829224
0.04907028004527092
0.09238822013139725
0.016971955075860023
0.0838821530342102
0.02032223343849182
0.1915666162967682
0.11622500419616699
0.015277215279638767
0.0231991708278656
0.05412472039461136
0.06695452332496643
0.09471549838781357
0.1015542522072792
0.03168773278594017
0.06039430946111679
0.02710399404168129
0.10761430859565735
0.09603418409824371
0.0927252322435379
0.030687524005770683
0.1378064602613449
0.02563193440437317
0.030790159478783607
0.02055566944181919
0.10913413017988205
0.06496968120336533
0.025730200111865997
0.02387496829032898
0.022191740572452545
0.09590473771095276
0.0872223898768425
0.10022231936454773
0.016648689284920692
0.043673403561115265
0.03314786031842232
0.13399432599544525
0.10225698351860046
0.035777412354946136
0.11245071142911911
0.0987931564450264
0.10268228501081467
0.09494318068027496
0.10906027257442474
0.14857211709022522
0.012767326086759567
0.01776745356619358
0.08558472245931625
0.09226515144109726
0.19021999835968018
0.05940977483987808
0.04971466213464737
0.1578281968832016
0.05419527366757393
0.14543068408966064
0.12761321663856506
0.10640785098075867
0.18339714407920837
0.020988069474697113
0.23490338027477264
0.01811886578798294
0.05179876834154129
0.16896438598632813
0.04396931082010269
0.07690190523862839
0.16705045104026794
0.020687930285930634
0.0826866552233696
0.29796555638313293
0.05715760588645935
0.02942565828561783
0.024773169308900833
0.05783028528094292
0.016866181045770645
0.09601540863513947
0.03661264106631279
0.13200664520263672
0.18110421299934387
0.05652633309364319
0.1739160418510437
0.05600598827004433
0.009155282750725746
0.10848162323236465
0.08746644109487534
0.08865329623222351
0.1340208649635315
0.04097583517432213
0.057819824665784836
0.02683107741177082
0.03577807545661926
0.10965554416179657
0.0567118376493454
0.19319288432598114
0.07521188259124756
0.009855964221060276
0.01119166612625122
0.0141168013215065
0.11225037276744843
0.02805052138864994
0.028988933190703392
0.21913285553455353
0.06746156513690948
0.09675543755292892
0.05621843412518501
0.03614329174160957
0.08730613440275192
0.039181988686323166
0.08244888484477997
0.028659062460064888
0.162831112742424
0.05741555988788605
0.08925291150808334
0.03696691244840622
0.030433153733611107
0.16176976263523102
0.1280299574136734
0.03527245670557022
0.14099818468093872
0.08356652408838272
0.02959609031677246
0.13524654507637024
0.006935960613191128
0.12195971608161926
0.1190972700715065
0.060598988085985184
0.03243567794561386
0.07404260337352753
0.06483899056911469
0.052380017936229706
0.12997689843177795
0.01778421178460121
0.14167039096355438
0.04098183289170265
0.031840670853853226
0.03714371845126152
0.07161078602075577
0.015387473627924919
0.0400385707616806
0.06697665899991989
0.061550114303827286
0.034876398742198944
0.045135971158742905
0.037154585123062134
0.13363556563854218
0.06940735876560211
0.02782365307211876
0.07154025137424469
0.11867067217826843
0.04290356487035751
0.11098673939704895
0.06777222454547882
0.2059655636548996
0.1716586947441101
0.0084877610206604
0.32176780700683594
0.08235028386116028
0.025904597714543343
0.10598993301391602
0.2902379631996155
0.027100535109639168
0.04369538649916649
0.07737385481595993
0.11265667527914047
0.09829598665237427
0.13079969584941864
0.11160015314817429
0.11713830381631851
0.2671511471271515
0.0753355547785759
0.03727557137608528
0.11224821209907532
0.02806016430258751
0.02007417008280754
0.10867131501436234
0.10650905966758728
0.0680389478802681
0.07382258027791977
0.056617967784404755
0.023004712536931038
0.13631169497966766
0.0981653481721878
0.04676974192261696
0.022977713495492935
0.08055564016103745
0.09497111290693283
0.15364253520965576
0.0713430717587471
0.05962236598134041
0.07780943810939789
0.19552578032016754
0.1235969066619873
0.11169087886810303
0.06637521088123322
0.05852346122264862
0.08755946904420853
0.01941799372434616
0.13349641859531403
0.08413418382406235
0.059490710496902466
0.07446656376123428
0.09753122180700302
0.12554265558719635
0.07098062336444855
0.08020932227373123
0.030782263725996017
0.11013247072696686
0.04162465035915375
0.08120817691087723
0.06381284445524216
0.09513147920370102
0.2550380825996399
0.08008973300457001
0.030393021181225777
0.07310488820075989
0.12344430387020111
0.11309036612510681
0.022440802305936813
0.04919079691171646
0.04191533103585243
0.045416589826345444
0.05487404391169548
0.028251249343156815
0.09722447395324707
0.09223460406064987
0.13698402047157288
0.03176451101899147
0.05177418515086174
0.0523054301738739
0.019393010064959526
0.0769694522023201
0.04596872255206108
0.1072506308555603
0.13148513436317444
0.05303220823407173
0.0695047602057457
0.062467657029628754
0.03516772389411926
0.09522119164466858
0.03281041234731674
0.03878124803304672
0.09181153029203415
0.0771273523569107
0.030227545648813248
0.023738721385598183
0.1633692979812622
0.18338997662067413
0.09889344125986099
0.13908125460147858
0.02694321610033512
0.029315268620848656
0.0803966298699379
0.057620640844106674
0.015344163402915001
0.04471950605511665
0.1397472321987152
0.14826619625091553
0.07666943967342377
0.04687519371509552
0.1323138028383255
0.026613619178533554
0.04930996522307396
0.02919372357428074
0.0501302033662796
0.03285603225231171
0.021194707602262497
0.010994679294526577
0.18209144473075867
0.10718539357185364
0.07935988157987595
0.12855008244514465
0.1480526626110077
0.06116412580013275
0.055633943527936935
0.019457709044218063
