0.17337831854820251
0.0592767633497715
0.17072881758213043
0.14941583573818207
0.22195178270339966
0.16165339946746826
0.14383774995803833
0.15624839067459106
0.2717674672603607
0.28172871470451355
0.09093987941741943
0.12921299040317535
0.24252234399318695
0.11795686930418015
0.30231088399887085
0.2156553864479065
0.2956944704055786
0.2158917933702469
0.3835875391960144
0.2038269191980362
0.21046724915504456
0.1637093871831894
0.13889093697071075
0.11195510625839233
0.22109346091747284
0.09764748066663742
0.19474810361862183
0.14353755116462708
0.18221580982208252
0.19787421822547913
0.24778518080711365
0.40213319659233093
0.4033582806587219
0.15923959016799927
0.4317067861557007
0.19185440242290497
0.13430313766002655
0.12503986060619354
0.15173259377479553
0.3414608836174011
0.10707195848226547
0.29669389128685
0.4300521910190582
0.35335662961006165
0.3070351183414459
0.1694352924823761
0.18860384821891785
0.2626909613609314
0.2030971348285675
0.13644738495349884
0.2654047906398773
0.2483213096857071
0.12754060328006744
0.21723391115665436
0.1345294862985611
0.31400224566459656
0.11764387786388397
0.09649331122636795
0.22298729419708252
0.21312549710273743
0.12576593458652496
0.3904109299182892
0.09788684546947479
0.14992813766002655
0.21595503389835358
0.3951197564601898
0.3412272334098816
0.17927616834640503
0.11573413014411926
0.19551514089107513
0.3269530236721039
0.2129143625497818
0.21225585043430328
0.10229892283678055
0.1801076978445053
0.12047173827886581
0.14882689714431763
0.16042187809944153
0.24815498292446136
0.18081384897232056
0.22828374803066254
0.27146291732788086
0.2435903698205948
0.15316687524318695
0.20761199295520782
0.19942040741443634
0.3168310821056366
0.10384250432252884
0.1778499037027359
0.20829348266124725
0.0811217650771141
0.3289119005203247
0.0986889898777008
0.3251901865005493
0.11925564706325531
0.2711348831653595
0.1554543524980545
0.13476550579071045
0.09436635673046112
0.17607562243938446
0.163019597530365
0.2947334051132202
0.12766306102275848
0.09101618081331253
0.3766869902610779
0.23701950907707214
0.3568435311317444
0.10298451036214828
0.2595786154270172
0.2517286241054535
0.16840386390686035
0.1485772430896759
0.18694950640201569
0.12670309841632843
0.07927246391773224
0.14468242228031158
0.04534682631492615
0.24631546437740326
0.13856765627861023
0.08467932790517807
0.4292190372943878
0.15299005806446075
0.06891009211540222
0.1803806573152542
0.2801884710788727
0.1814408302307129
0.20416532456874847
0.19161434471607208
0.13258662819862366
0.21664565801620483
0.22075283527374268
0.19226960837841034
0.2751580476760864
0.19014206528663635
0.22591517865657806
0.08911935240030289
0.10612837225198746
0.1629904955625534
0.25350213050842285
0.11152280867099762
0.15790407359600067
0.28222018480300903
0.35718607902526855
0.1980648785829544
0.16722065210342407
0.24946792423725128
0.12795057892799377
0.16585606336593628
0.3415950536727905
0.20590806007385254
0.17029407620429993
0.2787921726703644
0.2548596262931824
0.2865822911262512
0.12439275532960892
0.12251109629869461
0.2080088108778
0.09711513668298721
0.05634551867842674
0.23233509063720703
0.2534097135066986
0.2214885950088501
0.15921154618263245
0.2504325807094574
0.16793860495090485
0.21688590943813324
0.34666675329208374
0.15168370306491852
0.19009432196617126
0.16237451136112213
0.41807007789611816
0.24636653065681458
0.11564520001411438
0.25394880771636963
0.08272293955087662
0.21550056338310242
0.10818812996149063
0.2982463240623474
0.18562936782836914
0.21502810716629028
0.20423869788646698
0.29521942138671875
0.19760428369045258
0.17008376121520996
0.18946027755737305
0.24059414863586426
0.1804131716489792
0.23351946473121643
0.15661071240901947
0.1944195032119751
0.1749993860721588
0.3194923400878906
0.15276455879211426
0.11765391379594803
0.07683596014976501
0.16110385954380035
0.2520265281200409
0.23054583370685577
0.1460137963294983
0.08751888573169708
0.21920233964920044
0.12203332036733627
0.22621026635169983
0.13270454108715057
0.13470734655857086
0.0687589943408966
0.09967420995235443
0.09266858547925949
0.2935056686401367
0.16635876893997192
0.118110291659832
0.11731098592281342
0.11839210987091064
0.1545034795999527
0.17433246970176697
0.2323186844587326
0.2358803153038025
0.08657760173082352
0.34400874376296997
0.03801615908741951
0.19855210185050964
0.12213731557130814
0.2279750406742096
0.19055713713169098
0.17126941680908203
0.13292056322097778
0.1393517404794693
0.16410139203071594
0.16200098395347595
0.1832483410835266
0.3324473202228546
0.07219425588846207
0.06694567948579788
0.21317540109157562
0.10701002180576324
0.2777908146381378
0.21995921432971954
0.1594051718711853
0.24259935319423676
0.18951931595802307
0.22436614334583282
0.20227795839309692
0.29115891456604004
0.16928668320178986
0.16342075169086456
0.0707501471042633
0.2647724747657776
0.09515588730573654
0.13078010082244873
0.05581735447049141
0.274642676115036
0.09165117144584656
0.08529722690582275
0.21125182509422302
0.1618141382932663
0.09525732696056366
0.11867654323577881
0.13779425621032715
0.15257355570793152
0.17743459343910217
0.09907884895801544
0.4455375075340271
0.29895874857902527
0.5076386332511902
0.15954460203647614
0.20208871364593506
0.14386728405952454
0.3331839144229889
0.1510995328426361
0.1566706895828247
0.2762434780597687
0.2151317149400711
0.3803039789199829
0.09328177571296692
0.07896704226732254
0.21842435002326965
0.28765302896499634
0.3053005337715149
0.14862218499183655
0.17797599732875824
0.1396329700946808
0.227164626121521
0.2541807293891907
0.15489518642425537
0.04077555611729622
0.17859399318695068
0.11637754738330841
0.2445409595966339
0.11250290274620056
0.048825703561306
0.0859660655260086
0.20056070387363434
0.08992114663124084
0.208436518907547
0.14331422746181488
0.20740897953510284
0.12680277228355408
0.11601467430591583
0.1512949913740158
0.1674254983663559
0.1611366868019104
0.2027093470096588
0.1483074277639389
0.09784428775310516
0.14982125163078308
0.13538119196891785
0.1720532476902008
0.2453756332397461
0.20808379352092743
0.10841938853263855
0.09629131853580475
0.15323874354362488
0.2919295132160187
0.16153958439826965
0.20252203941345215
0.1596507728099823
0.2012692391872406
0.08016229420900345
0.11622900515794754
0.2352541834115982
0.20258231461048126
0.1528562754392624
0.1669033169746399
0.17296451330184937
0.13285955786705017
0.09334500133991241
0.13517917692661285
0.19259023666381836
0.08312966674566269
0.1762450784444809
0.286929726600647
0.3332996070384979
0.16634781658649445
0.14341327548027039
0.1390078365802765
0.13745632767677307
0.12132435292005539
0.10488387942314148
0.2467418760061264
0.46501532196998596
0.14887113869190216
0.30144715309143066
0.09271056205034256
0.2513236105442047
0.07768076658248901
0.2328939139842987
0.11695732921361923
0.14684998989105225
0.15367183089256287
0.18824268877506256
0.10921259969472885
0.17816667258739471
0.1480993628501892
0.23435591161251068
0.07875309139490128
0.20008423924446106
0.18029767274856567
0.10700313001871109
0.2088547945022583
0.2051147073507309
0.12777677178382874
0.15866294503211975
0.29883232712745667
0.11870914697647095
0.11811983585357666
0.1901261955499649
0.15708881616592407
0.19214355945587158
0.10523517429828644
0.07907472550868988
0.10790940374135971
0.14618214964866638
0.05366336926817894
0.038298606872558594
0.14404374361038208
0.09360165894031525
0.16754460334777832
0.1582648754119873
0.2166493684053421
0.17900137603282928
0.12023533135652542
0.29210299253463745
0.3018234968185425
0.2999119758605957
0.4123326539993286
0.12293924391269684
0.09275539219379425
0.09265897423028946
0.13771609961986542
0.4334504306316376
0.20091307163238525
0.17249619960784912
0.13831162452697754
0.15498171746730804
0.12279494106769562
0.193635955452919
0.21775177121162415
0.10516346991062164
0.30332106351852417
0.1586611121892929
0.19912979006767273
0.24196085333824158
0.14258213341236115
0.23872743546962738
0.26988211274147034
0.1320742964744568
0.24165980517864227
0.15745870769023895
0.11241786181926727
0.17164340615272522
0.21271201968193054
0.20740368962287903
0.3118961453437805
0.27046993374824524
0.18316550552845
0.3250176012516022
0.20920023322105408
0.09399894624948502
0.13774488866329193
0.0875726267695427
0.1738554984331131
0.11614029109477997
0.18515807390213013
0.20246684551239014
0.1926192194223404
0.11895405501127243
0.2663224935531616
0.2095256745815277
0.27093154191970825
0.28266632556915283
0.24735721945762634
0.18138602375984192
0.1202453225851059
0.08985594660043716
0.14585712552070618
0.21877865493297577
0.12432002276182175
0.1389971822500229
0.20610928535461426
0.12252307683229446
0.20628522336483002
0.09287597984075546
0.11900509893894196
0.2307043969631195
0.22418193519115448
0.12286733835935593
0.07250210642814636
0.11520080268383026
0.109288789331913
0.13275444507598877
0.12222838401794434
0.2310415506362915
0.12147199362516403
0.2585265636444092
0.06224098801612854
0.15020029246807098
0.16295641660690308
0.23060005903244019
0.20114447176456451
0.1832883208990097
0.13976594805717468
0.15122433006763458
0.21387037634849548
0.13371290266513824
0.11882331222295761
0.09946686029434204
0.1488361805677414
0.3623444736003876
0.21405825018882751
0.1594962179660797
0.2020309865474701
0.1965065449476242
0.26835897564888
0.10014422237873077
0.03799981623888016
0.2635120153427124
0.13977009057998657
0.2726333737373352
0.2065466046333313
0.1994570791721344
0.16180773079395294
0.3803060054779053
0.07330478727817535
0.12011554837226868
0.16144898533821106
0.2748818099498749
0.06550511717796326
0.08750824630260468
0.12286381423473358
0.2691377103328705
0.09779088199138641
0.17639011144638062
0.38681480288505554
0.19449195265769958
0.2413405179977417
0.18374285101890564
0.05844306945800781
0.1495770514011383
0.24228273332118988
0.11612636595964432
0.18015602231025696
0.1142139732837677
0.261403888463974
0.22437646985054016
0.31007882952690125
0.11164361238479614
0.15930287539958954
0.13055777549743652
0.10313566774129868
0.25931355357170105
0.22919534146785736
0.21851889789104462
0.21623757481575012
0.10476198047399521
0.13597823679447174
0.13367462158203125
0.1553274542093277
0.1444619745016098
0.13441459834575653
0.07099290937185287
0.11286469548940659
0.09448909759521484
0.19966274499893188
0.3524627387523651
0.25743865966796875
0.13696299493312836
0.26790401339530945
0.19249331951141357
0.26657554507255554
0.11556228250265121
0.08127147704362869
0.08374962955713272
0.1335086077451706
0.10147224366664886
0.22454966604709625
0.27222415804862976
0.10579412430524826
0.24076642096042633
0.2788505554199219
0.19420109689235687
0.34517642855644226
0.07090204209089279
0.20888371765613556
0.0675068348646164
0.1692892163991928
0.3587436378002167
0.147096186876297
0.11794273555278778
0.18525318801403046
0.11449086666107178
0.3070375323295593
0.22778302431106567
0.34429144859313965
0.15577515959739685
0.21259474754333496
0.2287502884864807
0.23628805577754974
0.2092655450105667
0.22795507311820984
0.14927224814891815
0.10664485394954681
0.0639481171965599
0.07997311651706696
0.17557814717292786
0.14151696860790253
0.19644704461097717
0.1765289157629013
0.12557539343833923
0.3174058198928833
0.2375916689634323
0.15541724860668182
0.2084455043077469
0.23634344339370728
0.14432795345783234
0.1768844723701477
0.15745319426059723
0.28217828273773193
0.2564019560813904
0.07016041874885559
0.26989680528640747
0.2505028247833252
0.5348179340362549
0.23539003729820251
0.12424133718013763
0.07955034077167511
0.0762282982468605
0.0954839214682579
0.2067285031080246
0.08427878469228745
0.2309870570898056
0.06720678508281708
0.14898771047592163
0.15134091675281525
0.19127093255519867
0.09289491921663284
0.2037784904241562
0.34416866302490234
0.2697325646877289
0.0764806866645813
0.13765938580036163
0.26504239439964294
0.14823724329471588
0.24639351665973663
0.15553559362888336
0.22609035670757294
0.23739135265350342
0.23877455294132233
0.19050255417823792
0.046490028500556946
0.16044330596923828
0.1868947297334671
0.028245553374290466
0.1377374678850174
0.1439051479101181
0.10039520263671875
0.19078177213668823
0.20320533215999603
0.20638002455234528
0.1908627599477768
0.22236888110637665
0.22793065011501312
0.1636229306459427
0.33176368474960327
0.343865305185318
0.17793017625808716
0.12622328102588654
0.1659531444311142
0.1800742894411087
0.23604290187358856
0.12637656927108765
0.20798395574092865
0.19606547057628632
0.12929733097553253
0.20679576694965363
0.12174861878156662
0.2378966361284256
0.2657843232154846
0.19876909255981445
0.18163135647773743
0.2082793116569519
0.32880252599716187
0.13373297452926636
0.14392851293087006
0.18361346423625946
0.1376255303621292
0.20212239027023315
0.14145337045192719
0.2443726360797882
0.2252621054649353
0.17483462393283844
0.09098825603723526
0.11848656833171844
0.22114922106266022
0.29253700375556946
0.0976933091878891
0.28845641016960144
0.06966180354356766
0.2774741053581238
0.17405278980731964
0.11793262511491776
0.08846691250801086
0.07062198221683502
0.23642806708812714
0.14861339330673218
0.08028800785541534
0.25818660855293274
0.2369598001241684
0.1826714277267456
0.26217007637023926
0.2137254923582077
0.16520100831985474
0.08460035920143127
0.1329098343849182
0.09379217028617859
0.16461242735385895
0.34003835916519165
0.17108921706676483
0.24712154269218445
0.20720623433589935
0.14275740087032318
0.1291896551847458
0.08979006856679916
0.21035446226596832
0.13726262748241425
0.15565267205238342
0.14769458770751953
0.3949231803417206
0.13598176836967468
0.11735851317644119
0.15461033582687378
0.21676260232925415
0.17508265376091003
0.1702519953250885
0.15464071929454803
0.19636031985282898
0.21466386318206787
0.2198157012462616
0.0698927789926529
0.18266789615154266
0.13812470436096191
0.10918272286653519
0.16052861511707306
0.2691531181335449
0.21157559752464294
0.2766488790512085
0.10321743041276932
0.05643828958272934
0.19272960722446442
0.07718457281589508
0.15463754534721375
0.2508026361465454
0.23731952905654907
0.2162117063999176
0.0872042253613472
0.22648991644382477
0.19333314895629883
0.29191768169403076
0.16071942448616028
0.09584901481866837
0.07445377856492996
0.3070310354232788
0.11444535106420517
0.0678737461566925
0.22250263392925262
0.3508765995502472
0.21254947781562805
0.26919645071029663
0.09463972598314285
0.13699254393577576
0.24579490721225739
0.11463536322116852
0.13357332348823547
0.15857626497745514
0.3573485016822815
0.15678952634334564
0.06658945232629776
0.16946493089199066
0.16460676491260529
0.1326378434896469
0.2520636022090912
0.14751116931438446
0.27139437198638916
0.1131548285484314
0.1526826024055481
0.11909882724285126
0.12391836941242218
0.13270431756973267
0.12818168103694916
0.30922409892082214
0.12958036363124847
0.16884364187717438
0.13048334419727325
0.21037474274635315
0.18736861646175385
0.11059662699699402
0.18369223177433014
0.10850957036018372
0.2682841718196869
0.09162482619285583
0.11528867483139038
0.14144404232501984
0.16331128776073456
0.2354520559310913
0.08869948983192444
0.3755239248275757
0.14085981249809265
0.1685110479593277
0.3941836655139923
0.1715383380651474
0.20066337287425995
0.11395729333162308
0.11928560584783554
0.05708535388112068
0.2727322578430176
0.10498829931020737
0.04647688940167427
0.05278654024004936
0.3088754713535309
0.23235002160072327
0.19028601050376892
0.10585414618253708
0.16651442646980286
0.2527868449687958
0.09430794417858124
0.3140943944454193
0.14229461550712585
0.3867511451244354
0.20064380764961243
0.21890811622142792
0.16897669434547424
0.19001150131225586
0.21607579290866852
0.11496584862470627
0.1293797791004181
0.1514362394809723
0.1473948061466217
0.18809421360492706
0.10460557043552399
0.2942056655883789
0.17597801983356476
0.18191735446453094
0.25588077306747437
0.23506833612918854
0.2055184543132782
0.15794408321380615
0.08946619182825089
0.12368505448102951
0.11983674019575119
0.1500639021396637
0.2725614011287689
0.28118759393692017
0.10311027616262436
0.10726359486579895
0.07069104164838791
0.2824065089225769
0.13729006052017212
0.1396644413471222
0.1439913511276245
0.23679561913013458
0.17715243995189667
0.20171202719211578
0.12774698436260223
0.2968864142894745
0.08908702433109283
0.07782293111085892
0.21727998554706573
0.2182481288909912
0.11760503053665161
0.1274062544107437
0.18536554276943207
0.23355185985565186
0.13578635454177856
0.11612007766962051
0.12124999612569809
0.1905604749917984
0.13662320375442505
0.1913105845451355
0.07646534591913223
0.15009304881095886
0.10473280400037766
0.147226482629776
0.4695168733596802
0.20817981660366058
0.26308515667915344
0.1961921602487564
0.15185973048210144
0.1243559867143631
0.07278767228126526
0.1519196629524231
0.18163242936134338
0.1837572306394577
0.08983243256807327
0.3281829059123993
0.292709082365036
0.12498904019594193
0.23806306719779968
0.1109859049320221
0.1005542203783989
0.0746864452958107
0.2184256613254547
0.20443876087665558
0.21780118346214294
0.19958923757076263
0.13498929142951965
0.05239031836390495
0.1646691858768463
0.18393860757350922
0.06692900508642197
0.18203647434711456
0.25230133533477783
0.23059312999248505
0.1449604630470276
0.32707345485687256
0.06326672434806824
0.2809884548187256
0.13091729581356049
0.10822903364896774
0.17958252131938934
0.22788499295711517
0.24967233836650848
0.2045578509569168
0.1321244090795517
0.12144074589014053
0.10913510620594025
0.07665742933750153
0.07166076451539993
0.17985183000564575
0.10339049249887466
0.2494570016860962
0.12132060527801514
0.12360506504774094
0.15702737867832184
0.1741076111793518
0.07559871673583984
0.12523724138736725
0.1346815526485443
0.1622099131345749
0.11224351823329926
0.1515815407037735
0.11366625130176544
0.14134302735328674
0.14137111604213715
0.09776127338409424
0.11975787580013275
0.10547202080488205
0.2233767807483673
0.37295690178871155
0.23701460659503937
0.0855206549167633
0.24076655507087708
0.2643716037273407
0.19758574664592743
0.13220077753067017
0.0970701351761818
0.15001839399337769
0.13746985793113708
0.08894515037536621
0.1789102405309677
0.14997194707393646
0.1327807903289795
0.14763621985912323
0.2050246149301529
0.053273145109415054
0.16505269706249237
0.1756340116262436
0.03651978820562363
0.06520561873912811
0.3567907214164734
0.035499367862939835
0.14818532764911652
0.11912589520215988
0.3281659781932831
0.1682008057832718
0.12774355709552765
0.09636066854000092
0.16442596912384033
0.09169550985097885
0.05144645646214485
0.22194378077983856
0.024676969274878502
