0.09381883591413498
0.17239311337471008
0.11450284719467163
0.10157718509435654
0.14782753586769104
0.17943927645683289
0.10342491418123245
0.054368872195482254
0.13544458150863647
0.10309060662984848
0.10542134195566177
0.0975891649723053
0.04993105307221413
0.03907664492726326
0.0585881769657135
0.06990022957324982
0.059593088924884796
0.11525647342205048
0.07216472178697586
0.12992021441459656
0.11883547902107239
0.10477504879236221
0.09951169788837433
0.16035445034503937
0.0671183317899704
0.20551519095897675
0.04917782172560692
0.06270094215869904
0.11438319832086563
0.1429542899131775
0.11794611811637878
0.02057909220457077
0.029085174202919006
0.07874921709299088
0.1361446976661682
0.07750900834798813
0.04170599952340126
0.15022172033786774
0.07236519455909729
0.07746061682701111
0.17218980193138123
0.10114257782697678
0.013415909372270107
0.09304572641849518
0.04063599929213524
0.05367462709546089
0.02462689019739628
0.10433846712112427
0.35381272435188293
0.08386604487895966
0.17191259562969208
0.10895755141973495
0.14124654233455658
0.11726713180541992
0.14323531091213226
0.05352040007710457
0.06911908835172653
0.06446532160043716
0.08149635046720505
0.2708253860473633
0.11259663105010986
0.11038961261510849
0.0880873054265976
0.04024426266551018
0.2191683053970337
0.14133132994174957
0.226009801030159
0.11682965606451035
0.07401160150766373
0.09174564480781555
0.03821850195527077
0.07971715182065964
0.05183139443397522
0.12332943081855774
0.07786248624324799
0.3080090582370758
0.05825784429907799
0.054495275020599365
0.09286868572235107
0.20036160945892334
0.05219363793730736
0.0811387449502945
0.0689530149102211
0.06879772245883942
0.13393749296665192
0.12258602678775787
0.024826353415846825
0.06335195153951645
0.02612150087952614
0.089318186044693
0.08263372629880905
0.0704767256975174
0.1473243683576584
0.14777295291423798
0.1474122554063797
0.08662500977516174
0.2437828630208969
0.0841316431760788
0.055844083428382874
0.2739492654800415
0.11744382232427597
0.14056147634983063
0.009779267013072968
0.04075772687792778
0.05768350139260292
0.2083226442337036
0.2519896626472473
0.04147287830710411
0.22212490439414978
0.13625574111938477
0.13908489048480988
0.09769640862941742
0.2118535041809082
0.15854297578334808
0.2010212540626526
0.08508928120136261
0.07566698640584946
0.09867025166749954
0.028459221124649048
0.07328901439905167
0.11701343208551407
0.021521683782339096
0.019960928708314896
0.037237510085105896
0.04124874249100685
0.1780959516763687
0.0806819424033165
0.03670095279812813
0.04446394741535187
0.0655365064740181
0.18967731297016144
0.14068429172039032
0.04879726096987724
0.1762540489435196
0.040493354201316833
0.044096689671278
0.042816199362277985
0.028767645359039307
0.06809308379888535
0.041331104934215546
0.12006019055843353
0.08123031258583069
0.07716067880392075
0.2042490690946579
0.07068461179733276
0.08828975260257721
0.08091835677623749
0.031462542712688446
0.14716407656669617
0.21708686649799347
0.10802458971738815
0.03657207265496254
0.17140620946884155
0.08374549448490143
0.05866815894842148
0.05880730226635933
0.1013309434056282
0.17956210672855377
0.17761214077472687
0.21030884981155396
0.06160269305109978
0.1075797900557518
0.05091504752635956
0.11653552949428558
0.10266679525375366
0.08733121305704117
0.06616558134555817
0.1408216506242752
0.22416278719902039
0.04468502104282379
0.03056403249502182
0.21485039591789246
0.21500056982040405
0.10857468843460083
0.031363245099782944
0.18513403832912445
0.14971961081027985
0.029538488015532494
0.14135004580020905
0.08683447539806366
0.07588589191436768
0.16192278265953064
0.2085772603750229
0.04648209363222122
0.0413503497838974
0.07879659533500671
0.1726541817188263
0.15276767313480377
0.09581245481967926
0.07510170340538025
0.0715562030673027
0.13150842487812042
0.08527306467294693
0.018657106906175613
0.1264488250017166
0.05853988975286484
0.07945455610752106
0.06143719330430031
0.14499081671237946
0.056137923151254654
0.0385233610868454
0.038665998727083206
0.09797335416078568
0.17835202813148499
0.18411219120025635
0.19072990119457245
0.035509850829839706
0.07281498610973358
0.16313855350017548
0.021258944645524025
0.06977357715368271
0.06943514198064804
0.0868975892663002
0.09718802571296692
0.018145259469747543
0.14509940147399902
0.13121013343334198
0.08132422715425491
0.07417852431535721
0.06229717284440994
0.11065325140953064
0.13802772760391235
0.017959877848625183
0.049739912152290344
0.12103141844272614
0.06991700083017349
0.16852250695228577
0.07178820669651031
0.20763757824897766
0.07656516879796982
0.23990586400032043
0.06369784474372864
0.038008783012628555
0.04265802353620529
0.16042502224445343
0.1391071081161499
0.09216459095478058
0.22663405537605286
0.13838912546634674
0.10056118667125702
0.03050641156733036
0.07262401282787323
0.08398701995611191
0.1661711484193802
0.11413012444972992
0.15137919783592224
0.15637555718421936
0.09118612855672836
0.13458693027496338
0.08734966814517975
0.1694517284631729
0.1246265098452568
0.2867596745491028
0.03413810208439827
0.04755570366978645
0.1620177924633026
0.029009899124503136
0.04941629245877266
0.10293092578649521
0.2414378821849823
0.09272529929876328
0.18665973842144012
0.08300280570983887
0.14183199405670166
0.033665355294942856
0.11022836714982986
0.03071904554963112
0.054039500653743744
0.0931435227394104
0.15629616379737854
0.17134729027748108
0.05460542440414429
0.023907188326120377
0.1521368771791458
0.040511034429073334
0.09322711080312729
0.1574968844652176
0.16983503103256226
0.07864507287740707
0.11121650040149689
0.15974633395671844
0.140281081199646
0.05435482785105705
0.10629021376371384
0.14081524312496185
0.06627973169088364
0.05750967562198639
0.2549837827682495
0.023480206727981567
0.128244087100029
0.11477538198232651
0.04527543485164642
0.08653517812490463
0.07933059334754944
0.12528346478939056
0.08349652588367462
0.059771016240119934
0.047838013619184494
0.0850367546081543
0.09730896353721619
0.10004042834043503
0.07024740427732468
0.09746817499399185
0.15349546074867249
0.06951402872800827
0.10805578529834747
0.039672963321208954
0.10082778334617615
0.09207694977521896
0.049915820360183716
0.18712402880191803
0.07522870600223541
0.12736932933330536
0.06511519849300385
0.222843199968338
0.12953691184520721
0.14776727557182312
0.03762795776128769
0.05400339514017105
0.09433111548423767
0.08754327893257141
0.08900011330842972
0.020452022552490234
0.18545792996883392
0.09074976295232773
0.0786898285150528
0.08638438582420349
0.07125569880008698
0.122615285217762
0.06667879223823547
0.11681042611598969
0.04538455232977867
0.2582941949367523
0.09943874925374985
0.057376570999622345
0.07212579995393753
0.16841550171375275
0.15917760133743286
0.08347463607788086
0.049240853637456894
0.22257386147975922
0.04356612637639046
0.04834067076444626
0.09964582324028015
0.13898584246635437
0.07616034150123596
0.09438774734735489
0.11370430886745453
0.19575871527194977
0.08476623147726059
0.054376136511564255
0.14420518279075623
0.07619158178567886
0.05942465737462044
0.08036449551582336
0.05342268943786621
0.17757701873779297
0.04790806770324707
0.14052514731884003
0.17653633654117584
0.1421913355588913
0.057553235441446304
0.12634792923927307
0.07172133773565292
0.028752382844686508
0.13797003030776978
0.04562962055206299
0.09069915115833282
0.3511902391910553
0.12029799818992615
0.04436471685767174
0.14524860680103302
0.05476762354373932
0.03423870727419853
0.08654973655939102
0.1758335828781128
0.07678928971290588
0.09727510809898376
0.26999372243881226
0.13337130844593048
0.07631246000528336
0.24634692072868347
0.08040393143892288
0.03452485799789429
0.17199285328388214
0.049980346113443375
0.116752490401268
0.17159584164619446
0.08569082617759705
0.058745648711919785
0.03906484320759773
0.10522346943616867
0.04709877818822861
0.024208230897784233
0.0502484031021595
0.025341492146253586
0.04083321988582611
0.20592756569385529
0.04329318180680275
0.04432395473122597
0.17117024958133698
0.06163351982831955
0.05257095396518707
0.049832187592983246
0.0872260332107544
0.22875452041625977
0.0398319773375988
0.11057151108980179
0.144741028547287
0.10220656543970108
0.07158644497394562
0.0912349745631218
0.1367400586605072
0.1487767994403839
0.1023939698934555
0.06186573579907417
0.05625281482934952
0.23096278309822083
0.12228427827358246
0.07144846022129059
0.08703504502773285
0.13647548854351044
0.10644007474184036
0.07643034309148788
0.052383195608854294
0.06465401500463486
0.024883775040507317
0.08947166800498962
0.06867407262325287
0.14425267279148102
0.02000599354505539
0.038322895765304565
0.12297938764095306
0.06393470615148544
0.02883964031934738
0.17679190635681152
0.1793157458305359
0.08773265779018402
0.06860322505235672
0.11880861222743988
0.09164757281541824
0.10013467818498611
0.1795395016670227
0.052735090255737305
0.07154775410890579
0.3059294819831848
0.10501154512166977
0.06418050825595856
0.043702296912670135
0.2583189308643341
0.17168623208999634
0.09080415219068527
0.030262470245361328
0.02263166941702366
0.09676443785429001
0.05071960762143135
0.06224879249930382
0.12041401118040085
0.19828662276268005
0.19968807697296143
0.07960648834705353
0.09491337090730667
0.05793190747499466
0.06104736030101776
0.05349763110280037
0.03773856535553932
0.031182529404759407
0.10696810483932495
0.0481804721057415
0.21577169001102448
0.10293100029230118
0.13612791895866394
0.0631038025021553
0.15699781477451324
0.03525535389780998
0.11611338704824448
0.23224897682666779
0.026773571968078613
0.06509790569543839
0.13806715607643127
0.08617173880338669
0.08224201947450638
0.09635873138904572
0.13216595351696014
0.161103293299675
0.10398417711257935
0.12831470370292664
0.061830293387174606
0.046755120158195496
0.22174666821956635
0.11903388798236847
0.04525477811694145
0.06128079816699028
0.18896104395389557
0.04846778139472008
0.05787087231874466
0.12396781891584396
0.1304275393486023
0.12626540660858154
0.07223069667816162
0.12754586338996887
0.2046763002872467
0.12574663758277893
0.12230921536684036
0.20899279415607452
0.19639185070991516
0.09974884986877441
0.11331543326377869
0.10559099912643433
0.08976493030786514
0.22369325160980225
0.05416546389460564
0.2467074692249298
0.08853991329669952
0.059785787016153336
0.03243429586291313
0.05502975359559059
0.1803375780582428
0.16135838627815247
0.023067845031619072
0.11171048134565353
0.14044584333896637
0.058085061609745026
0.19190259277820587
0.09984227269887924
0.06270058453083038
0.07594839483499527
0.16538330912590027
0.09402919560670853
0.10602842271327972
0.06614641100168228
0.06522111594676971
0.04868738353252411
0.02756718546152115
0.04919756203889847
0.049986984580755234
0.03673909977078438
0.09243767708539963
0.12150567770004272
0.15494512021541595
0.07449012249708176
0.11140921711921692
0.10380275547504425
0.11213041096925735
0.04165913537144661
0.050426263362169266
0.10029551386833191
0.12101152539253235
0.05515078455209732
0.0915016382932663
0.12110645323991776
0.11337202042341232
0.052554674446582794
0.04761844128370285
0.2704012095928192
0.1405971348285675
0.1138107031583786
0.0838896706700325
0.029516827315092087
0.09558413177728653
0.07765772938728333
0.12484591454267502
0.06243370845913887
0.17983822524547577
0.05289075896143913
0.14596983790397644
0.11844530701637268
0.20152978599071503
0.12086615711450577
0.05793137475848198
0.08827454596757889
0.14518171548843384
0.04290923848748207
0.13731969892978668
0.12276329100131989
0.1277589350938797
0.09228765219449997
0.06192959472537041
0.11785298585891724
0.11301488429307938
0.019255992025136948
0.16742344200611115
0.04338022321462631
0.047630425542593
0.029250672087073326
0.05587906017899513
0.043344173580408096
0.14689072966575623
0.06825892627239227
0.031022213399410248
0.050288960337638855
0.05668310075998306
0.0422506220638752
0.07214304059743881
0.1200789213180542
0.025598760694265366
0.13746672868728638
0.06624637544155121
0.08999638259410858
0.0847359448671341
0.054268594831228256
0.22950950264930725
0.06929762661457062
0.028802426531910896
0.10691716521978378
0.036879148334264755
0.148037388920784
0.09633981436491013
0.18672902882099152
0.11189750581979752
0.060590602457523346
0.19045093655586243
0.15603280067443848
0.11636793613433838
0.20039543509483337
0.10705476254224777
0.028288520872592926
0.08038114756345749
0.18304157257080078
0.09432041645050049
0.11040880531072617
0.05099405720829964
0.1402415633201599
0.0495932400226593
0.18283510208129883
0.202026829123497
0.08791165053844452
0.04031995311379433
0.12745487689971924
0.0734957903623581
0.1793023943901062
0.031316984444856644
0.09542199969291687
0.09838660806417465
0.07606980204582214
0.10053424537181854
0.20048192143440247
0.099397674202919
0.06732784956693649
0.16188257932662964
0.05409129709005356
0.09779290854930878
0.12174228578805923
0.13069316744804382
0.10120527446269989
0.14261549711227417
0.13366828858852386
0.07395419478416443
0.1864597499370575
0.05507155507802963
0.044843640178442
0.07291960716247559
0.18544787168502808
0.1758020967245102
0.15531456470489502
0.15469376742839813
0.254060298204422
0.08590628951787949
0.14080657064914703
0.12424992769956589
0.08805043250322342
0.13931392133235931
0.08569006621837616
0.06369941681623459
0.057384926825761795
0.046074092388153076
0.11341758817434311
0.05000346153974533
0.19524475932121277
0.05623703449964523
0.12853960692882538
0.05050670728087425
0.09647908806800842
0.04326224699616432
0.07656975090503693
0.015344991348683834
0.056315578520298004
0.14525537192821503
0.07232300937175751
0.1570732742547989
0.039408568292856216
0.15088729560375214
0.06575970351696014
0.04608582705259323
0.09714581817388535
0.1408550888299942
0.17190302908420563
0.1081484854221344
0.05114488676190376
0.21478326618671417
0.0784621611237526
0.01375248096883297
0.17404292523860931
0.03220418095588684
0.2099001258611679
0.22466708719730377
0.1335221230983734
0.057377319782972336
0.03800387680530548
0.030566424131393433
0.02944635972380638
0.06580035388469696
0.053412143141031265
0.15847167372703552
0.10917401313781738
0.024731947109103203
0.01906922645866871
0.06640466302633286
0.08958261460065842
0.0696660503745079
0.03540032356977463
0.1455473005771637
0.09332338720560074
0.10931424051523209
0.06648145616054535
0.0329405702650547
0.030152078717947006
0.09217742830514908
0.08889533579349518
0.10911072045564651
0.09030046314001083
0.017455926164984703
0.11885667592287064
0.10070925951004028
0.04519880563020706
0.1366594284772873
0.05489690974354744
0.09055416285991669
0.15012948215007782
0.07758544385433197
0.10829000920057297
0.06315943598747253
0.14504551887512207
0.133200541138649
0.07296053320169449
0.028874093666672707
0.22838589549064636
0.12436982244253159
0.08051939308643341
0.04183918237686157
0.02952415496110916
0.03677750751376152
0.12098141014575958
0.11113103479146957
0.060238875448703766
0.1486503928899765
0.10833346098661423
0.1367916315793991
0.11598369479179382
0.06463579833507538
0.12004946917295456
0.07492359727621078
0.1381792575120926
0.2591850757598877
0.018538983538746834
0.11270149052143097
0.2291564792394638
0.10786225646734238
0.05505837872624397
0.10042661428451538
0.046515755355358124
0.054857321083545685
0.039146531373262405
0.10534509271383286
0.13173331320285797
0.08160074055194855
0.12111811339855194
0.046123355627059937
0.10508803278207779
0.07214228063821793
0.4951721131801605
0.12119018286466599
0.13873888552188873
0.210227832198143
0.0714862197637558
0.0606037974357605
0.14256712794303894
0.07266959547996521
0.09463173151016235
0.038650043308734894
0.09298847615718842
0.08775106817483902
0.08312653750181198
0.06412973254919052
0.05014090985059738
0.09299854189157486
0.06028469651937485
0.18072377145290375
0.12633299827575684
0.14945092797279358
0.139971062541008
0.10951471328735352
0.02806832455098629
0.14865782856941223
0.08175165951251984
0.065170057117939
0.20468021929264069
0.14413736760616302
0.038123488426208496
0.04532396048307419
0.10341355204582214
0.05147932469844818
0.03954831883311272
0.03080189786851406
0.05638328939676285
0.08282903581857681
0.17819026112556458
0.057504575699567795
0.23016569018363953
0.038528673350811005
0.10114424675703049
0.0863514393568039
0.0331798754632473
0.1067814826965332
0.07682410627603531
0.08546619117259979
0.15892040729522705
0.284256249666214
0.020385919138789177
0.0810525193810463
0.061297640204429626
0.18104001879692078
0.10305185616016388
0.08722709119319916
0.18728546798229218
0.0887225866317749
0.2065279483795166
0.10325223952531815
0.20392756164073944
0.15883910655975342
0.118892140686512
0.11100950837135315
0.05703098699450493
0.11402443796396255
0.043500252068042755
0.04198204353451729
0.12330722063779831
0.09921413660049438
0.19260551035404205
0.15112891793251038
0.09831023961305618
0.06592010706663132
0.038959965109825134
0.08568325638771057
0.09176081418991089
0.0500979907810688
0.09573956578969955
0.15222768485546112
0.08976801484823227
0.02865239791572094
0.07653648406267166
0.04590825363993645
0.06256407499313354
0.20974813401699066
0.07652776688337326
0.06676792353391647
0.1177091896533966
0.16971807181835175
0.06862983852624893
0.07938510179519653
0.046084214001894
0.19440960884094238
0.05408138409256935
0.11102032661437988
0.17933198809623718
0.12905608117580414
0.1392359733581543
0.04120275005698204
0.2584681510925293
0.10418172925710678
0.0805262103676796
0.041016869246959686
0.21738645434379578
0.05879821255803108
0.02536292001605034
0.11491130292415619
0.18450944125652313
0.052364278584718704
0.11595501005649567
0.03557200729846954
0.15577875077724457
0.14625467360019684
0.12133633345365524
0.26165685057640076
0.026889657601714134
0.03339472413063049
0.05049232020974159
0.03238821029663086
0.06462236493825912
0.10269611328840256
0.02130388468503952
0.06702905893325806
0.12021071463823318
0.15242348611354828
0.02539968676865101
0.09036453068256378
0.08819460868835449
0.08501948416233063
0.09915310889482498
0.10284207761287689
0.2037297785282135
0.10284056514501572
0.07309303432703018
0.05765781179070473
0.02388654835522175
0.0982154905796051
0.06957564502954483
0.08170466870069504
0.06295861303806305
0.3009355366230011
0.22574429214000702
0.02843315526843071
0.055710889399051666
0.19529667496681213
0.11487525701522827
0.11933726072311401
0.05617522448301315
0.13671040534973145
0.029443850740790367
0.17503167688846588
0.10870584100484848
0.09666530787944794
0.056626029312610626
0.13291560113430023
0.017998401075601578
0.11615446209907532
0.18826079368591309
0.12463231384754181
0.08376414328813553
0.018235621973872185
0.180558979511261
0.1425805240869522
0.1624707132577896
0.06872297823429108
0.2842697501182556
0.17279647290706635
0.07707381248474121
0.021779950708150864
0.061688728630542755
0.08803100883960724
