0.22646623849868774
0.28939804434776306
0.2542513310909271
0.37118983268737793
0.24329018592834473
0.2236873060464859
0.41904008388519287
0.2364763766527176
0.15279798209667206
0.3348451554775238
0.3773231506347656
0.3297228515148163
0.3693796992301941
0.25234657526016235
0.36537250876426697
0.2790800631046295
0.22839467227458954
0.1836114525794983
0.3944786489009857
0.27910229563713074
0.3666639029979706
0.29639604687690735
0.37395912408828735
0.15995074808597565
0.4390222132205963
0.19737234711647034
0.22014684975147247
0.17566204071044922
0.4884093105792999
0.39936700463294983
0.43457719683647156
0.286095529794693
0.31579774618148804
0.1852947622537613
0.1815199851989746
0.34695252776145935
0.3911108672618866
0.3010592758655548
0.31284281611442566
0.24524953961372375
0.18551449477672577
0.3855989873409271
0.3028665781021118
0.2040327936410904
0.1774054318666458
0.2233184278011322
0.27400267124176025
0.34782177209854126
0.13407282531261444
0.2488267868757248
0.251173198223114
0.40900078415870667
0.21943101286888123
0.5781828165054321
0.19750364124774933
0.30454328656196594
0.28066328167915344
0.2713524103164673
0.2669065594673157
0.4373503625392914
0.42302975058555603
0.34988245368003845
0.2609826624393463
0.34245026111602783
0.23466606438159943
0.5839835405349731
0.21178409457206726
0.2768632471561432
0.24802249670028687
0.34977900981903076
0.38399335741996765
0.2974282503128052
0.4017472267150879
0.455812007188797
0.19646084308624268
0.1541449874639511
0.31045353412628174
0.37898004055023193
0.3012864291667938
0.30116450786590576
0.26538607478141785
0.3388635814189911
0.3144523799419403
0.5082864165306091
0.21387596428394318
0.3320833444595337
0.31756818294525146
0.3088986575603485
0.18470846116542816
0.2246677577495575
0.29615887999534607
0.39725199341773987
0.5759913325309753
0.2283332645893097
0.5797429084777832
0.20484909415245056
0.2613286077976227
0.16422811150550842
0.17508462071418762
0.3260025680065155
0.3489806652069092
0.2695295214653015
0.1707337349653244
0.39727482199668884
0.1923280656337738
0.2694186270236969
0.18286412954330444
0.16002510488033295
0.38269132375717163
0.2338208109140396
0.2706359326839447
0.4580347537994385
0.25306907296180725
0.24934226274490356
0.371830016374588
0.34268632531166077
0.3278820216655731
0.3253829777240753
0.3491225242614746
0.11591962724924088
0.3120919466018677
0.22256699204444885
0.545767068862915
0.178935706615448
0.3213929533958435
0.2065446823835373
0.29069292545318604
0.33657872676849365
0.2783297598361969
0.2835098206996918
0.14175041019916534
0.23536719381809235
0.5889668464660645
0.32971757650375366
0.17839846014976501
0.404802531003952
0.24047358334064484
0.24805253744125366
0.3367308974266052
0.38204237818717957
0.48375043272972107
0.28558477759361267
0.27990463376045227
0.22953589260578156
0.3305720388889313
0.337430864572525
0.2555387616157532
0.2358451932668686
0.24950583279132843
0.1265602856874466
0.21766571700572968
0.323580265045166
0.33555829524993896
0.2869529128074646
0.3292773365974426
0.27166885137557983
0.31875380873680115
0.22675584256649017
0.3991389572620392
0.2333083152770996
0.1579117774963379
0.2818516492843628
0.29870015382766724
0.14705201983451843
0.20364779233932495
0.1499924510717392
0.18123777210712433
0.26301413774490356
0.20671725273132324
0.2057476043701172
0.16437485814094543
0.3655325770378113
0.18145495653152466
0.29326942563056946
0.1755700558423996
0.21754090487957
0.3377489745616913
0.26819390058517456
0.38987934589385986
0.27472439408302307
0.29143226146698
0.30950766801834106
0.2397216409444809
0.33806201815605164
0.28236401081085205
0.2525245249271393
0.2362014502286911
0.15956753492355347
0.29630377888679504
0.36451226472854614
0.4435684084892273
0.22439873218536377
0.4684615433216095
0.2794561982154846
0.20748838782310486
0.2810025215148926
0.26283010840415955
0.2530694603919983
0.23082205653190613
0.4535420536994934
0.33098089694976807
0.26171404123306274
0.21956013143062592
0.20315012335777283
0.2518765926361084
0.2709234952926636
0.3025467097759247
0.339578777551651
0.19784946739673615
0.3286234438419342
0.27799108624458313
0.2891794443130493
0.2534049153327942
0.34919852018356323
0.5764656662940979
0.13136026263237
0.15074345469474792
0.18357402086257935
0.22062911093235016
0.2848520278930664
0.3295459449291229
0.2974405288696289
0.49046045541763306
0.2285090833902359
0.37079960107803345
0.20239217579364777
0.28832903504371643
0.2603882849216461
0.46902817487716675
0.3229787349700928
0.2870563268661499
0.32268834114074707
0.2535204291343689
0.18912243843078613
0.14928865432739258
0.22781066596508026
0.4313323497772217
0.25231170654296875
0.25058019161224365
0.32172855734825134
0.20273537933826447
0.22976788878440857
0.3998141288757324
0.20400281250476837
0.23312221467494965
0.31028681993484497
0.17997866868972778
0.27070459723472595
0.2916211485862732
0.08989517390727997
0.26835897564888
0.26925790309906006
0.2512078583240509
0.37015798687934875
0.2978624403476715
0.34724509716033936
0.2598935663700104
0.19849199056625366
0.14528536796569824
0.37024974822998047
0.20319923758506775
0.3504476249217987
0.1891530156135559
0.41266047954559326
0.2032046914100647
0.2944478392601013
0.17607320845127106
0.21226778626441956
0.17056035995483398
0.1838388592004776
0.17461954057216644
0.2531384229660034
0.4203842878341675
0.18975725769996643
0.12522351741790771
0.15671581029891968
0.37445420026779175
0.34142839908599854
0.21074295043945313
0.27264419198036194
0.16788451373577118
0.2204200178384781
0.27300184965133667
0.3008684515953064
0.23916560411453247
0.37945592403411865
0.16400781273841858
0.36999204754829407
0.16739799082279205
0.15660306811332703
0.4274202883243561
0.40965569019317627
0.1933678686618805
0.397382915019989
0.2241077721118927
0.22573396563529968
0.22468310594558716
0.4544045627117157
0.2278485894203186
0.26145079731941223
0.1597972959280014
0.21227745711803436
0.29967501759529114
0.13954371213912964
0.2690291106700897
0.22780419886112213
0.4146537780761719
0.20472648739814758
0.3389885723590851
0.2947631776332855
0.2613903284072876
0.16737990081310272
0.23644888401031494
0.3285313844680786
0.19821973145008087
0.3281584680080414
0.2788150906562805
0.41057080030441284
0.2708261013031006
0.4066760540008545
0.4429311156272888
0.21514049172401428
0.17270277440547943
0.2735153138637543
0.32176876068115234
0.14472614228725433
0.22011321783065796
0.11655927449464798
0.24553272128105164
0.3212250769138336
0.2189253717660904
0.15111801028251648
0.12947019934654236
0.18748700618743896
0.2527470886707306
0.29440784454345703
0.26147037744522095
0.21096959710121155
0.2091139853000641
0.1986302137374878
0.22486208379268646
0.2217603325843811
0.35243159532546997
0.5949885845184326
0.12185472995042801
0.39417487382888794
0.2627487778663635
0.31227990984916687
0.21965712308883667
0.343601793050766
0.34002435207366943
0.2710970938205719
0.2471536099910736
0.43506675958633423
0.30422675609588623
0.2355719357728958
0.15456417202949524
0.3492220938205719
0.19526806473731995
0.2762744724750519
0.1776047646999359
0.13130433857440948
0.13933014869689941
0.2865782082080841
0.12358492612838745
0.2578001618385315
0.33592134714126587
0.1838894933462143
0.09855076670646667
0.26028650999069214
0.1962144523859024
0.38087520003318787
0.2769991457462311
0.33654072880744934
0.23991192877292633
0.2826736867427826
0.3402339518070221
0.21756723523139954
0.20714358985424042
0.1459769606590271
0.27624309062957764
0.360399454832077
0.14892134070396423
0.2243775576353073
0.3756841719150543
0.2941723167896271
0.24451985955238342
0.23671923577785492
0.18201449513435364
0.18758782744407654
0.18943339586257935
0.3886592388153076
0.5439297556877136
0.2142452895641327
0.26094740629196167
0.20300719141960144
0.13465264439582825
0.22389908134937286
0.13201944530010223
0.2708165943622589
0.3234177529811859
0.2718063294887543
0.2952845096588135
0.2514816224575043
0.16246499121189117
0.49774259328842163
0.1894805133342743
0.24469098448753357
0.3047226667404175
0.32290446758270264
0.29953354597091675
0.3437666893005371
0.2448417842388153
0.13062073290348053
0.26158803701400757
0.17437805235385895
0.15587645769119263
0.20480680465698242
0.21819321811199188
0.28943121433258057
0.1774408519268036
0.30163443088531494
0.2511364817619324
0.3070768713951111
0.4176131784915924
0.1103987917304039
0.10915306210517883
0.23282122611999512
0.1846190094947815
0.13127022981643677
0.30795109272003174
0.3429998755455017
0.29895827174186707
0.23728279769420624
0.29788753390312195
0.25339511036872864
0.2508663237094879
0.3084850013256073
0.24382679164409637
0.22834324836730957
0.17975440621376038
0.2793389558792114
0.2834658920764923
0.18382424116134644
0.2900177538394928
0.1983543485403061
0.5027371644973755
0.19992472231388092
0.3131257891654968
0.21902456879615784
0.20461304485797882
0.23881006240844727
0.14135463535785675
0.16133850812911987
0.231141597032547
0.2248450219631195
0.2570425570011139
0.2680850923061371
0.28317123651504517
0.15559831261634827
0.28225526213645935
0.2259887307882309
0.1786210983991623
0.27829521894454956
0.19850662350654602
0.7010973691940308
0.282749742269516
0.1599317044019699
0.12228067964315414
0.24384811520576477
0.09068699181079865
0.15599119663238525
0.3067436218261719
0.2849964499473572
0.22630926966667175
0.22212457656860352
0.2888350784778595
0.26008012890815735
0.2515139877796173
0.31899017095565796
0.22744102776050568
0.1716087907552719
0.45881330966949463
0.11909642815589905
0.1766577661037445
0.3294910192489624
0.11737442016601563
0.2598848342895508
0.23223631083965302
0.29922306537628174
0.34808576107025146
0.12070517987012863
0.23756203055381775
0.3171008229255676
0.15800674259662628
0.18575012683868408
0.3326681852340698
0.21125805377960205
0.3077581226825714
0.25352200865745544
0.26363152265548706
0.1377517133951187
0.4164043366909027
0.29763615131378174
0.27435413002967834
0.2249213308095932
0.1493859738111496
0.4231223464012146
0.2681906819343567
0.4088176190853119
0.17062318325042725
0.21402743458747864
0.33714595437049866
0.24883303046226501
0.3298299312591553
0.3438875079154968
0.3424466848373413
0.40866923332214355
0.1088918000459671
0.32696154713630676
0.22809256613254547
0.16855718195438385
0.13695967197418213
0.06911682337522507
0.29623499512672424
0.4683566093444824
0.1724952608346939
0.13417580723762512
0.2486068606376648
0.16082219779491425
0.20062550902366638
0.28729286789894104
0.3694579005241394
0.17821812629699707
0.1420089155435562
0.1296589970588684
0.14609143137931824
0.31072190403938293
0.1523754745721817
0.19374383985996246
0.31710171699523926
0.2694634199142456
0.2035677433013916
0.1445264369249344
0.13921132683753967
0.2644863426685333
0.16112954914569855
0.39953526854515076
0.23489530384540558
0.21310509741306305
0.08409740030765533
0.18721845746040344
0.40606555342674255
0.1759091317653656
0.23333072662353516
0.3575974404811859
0.28251808881759644
0.3129575252532959
0.17777734994888306
0.1686636358499527
0.2444852888584137
0.2616541087627411
0.33868756890296936
0.16726107895374298
0.10839792340993881
0.27762913703918457
0.2742420732975006
0.3305409252643585
0.15869998931884766
0.06732234358787537
0.1465776264667511
0.21046480536460876
0.3279898166656494
0.22632825374603271
0.3571847379207611
0.2704465389251709
0.3290269672870636
0.10352713614702225
0.3011249005794525
0.3464782238006592
0.1809013932943344
0.2223009318113327
0.27730387449264526
0.17667189240455627
0.28133291006088257
0.20114663243293762
0.1327144354581833
0.18694141507148743
0.19379320740699768
0.2921866178512573
0.16574135422706604
0.10758819431066513
0.27734994888305664
0.12085612863302231
0.16074831783771515
0.36762040853500366
0.34380030632019043
0.34870579838752747
0.20834486186504364
0.1317814290523529
0.14828002452850342
0.22292663156986237
0.24812491238117218
0.1187467947602272
0.4109434485435486
0.3762853443622589
0.3377707302570343
0.2524333894252777
0.21737678349018097
0.29397445917129517
0.16450917720794678
0.18818598985671997
0.2228430211544037
0.3545358180999756
0.15525460243225098
0.17714454233646393
0.22820909321308136
0.12900274991989136
0.24054986238479614
0.21234531700611115
0.29468098282814026
0.16791868209838867
0.14283952116966248
0.3105372488498688
0.21435591578483582
0.1388620138168335
0.18853530287742615
0.24528180062770844
0.0991915762424469
0.29417884349823
0.40136393904685974
0.2157135307788849
0.19096660614013672
0.1163923367857933
0.14940564334392548
0.2263980358839035
0.23475612699985504
0.26027268171310425
0.33458638191223145
0.26243799924850464
0.08627878874540329
0.350791871547699
0.1778511106967926
0.3041786253452301
0.23370501399040222
0.12802518904209137
0.1552668958902359
0.37819620966911316
0.18568061292171478
0.19276762008666992
0.17538146674633026
0.18311701714992523
0.3368159234523773
0.2184862196445465
0.10669713467359543
0.11122967302799225
0.20761235058307648
0.2987983822822571
0.19955633580684662
0.12031622231006622
0.317293256521225
0.23006032407283783
0.3062662184238434
0.20264990627765656
0.32003286480903625
0.2061893194913864
0.12329455465078354
0.1594272404909134
0.41985592246055603
0.14922024309635162
0.19708062708377838
0.12375184148550034
0.20941223204135895
0.18066859245300293
0.43265703320503235
0.16173385083675385
0.09652163833379745
0.21265864372253418
0.24656301736831665
0.1724751740694046
0.2750747799873352
0.20787522196769714
0.07216959446668625
0.22013822197914124
0.19250993430614471
0.37884873151779175
0.1046152114868164
0.2273382544517517
0.24148516356945038
0.28751739859580994
0.22584372758865356
0.35446983575820923
0.21210883557796478
0.3067530393600464
0.20748379826545715
0.19786451756954193
0.17402547597885132
0.27984514832496643
0.09368511289358139
0.17226682603359222
0.12627947330474854
0.15324124693870544
0.2034333348274231
0.1625269502401352
0.19052524864673615
0.25352251529693604
0.2068922519683838
0.23666511476039886
0.33347147703170776
0.10411647707223892
0.18030323088169098
0.07139435410499573
0.28080257773399353
0.13676543533802032
0.2641778886318207
0.1391492336988449
0.3042212128639221
0.2701672911643982
0.2987264394760132
0.3129670321941376
0.16382789611816406
0.17498289048671722
0.22325456142425537
0.24560414254665375
0.14651358127593994
0.23578158020973206
0.07479920983314514
0.2972615957260132
0.2647727131843567
0.11878462880849838
0.2320328950881958
0.21332837641239166
0.13386693596839905
0.38153475522994995
0.2785966992378235
0.09571337699890137
0.24042673408985138
0.07521118968725204
0.07649262249469757
