0.20771747827529907
0.09513988345861435
0.1894248127937317
0.2505472004413605
0.11998230218887329
0.16441676020622253
0.10065442323684692
0.15367214381694794
0.05057584494352341
0.15463197231292725
0.23709338903427124
0.08709072321653366
0.2012912780046463
0.2769835889339447
0.19145193696022034
0.12387542426586151
0.1816682517528534
0.15587234497070313
0.04779939725995064
0.18668818473815918
0.046929989010095596
0.042810309678316116
0.21167270839214325
0.14077027142047882
0.1096227690577507
0.15476764738559723
0.2110145092010498
0.10284019261598587
0.2109520435333252
0.09285131096839905
0.07895589619874954
0.13704586029052734
0.05023227632045746
0.06272557377815247
0.10859717428684235
0.22638146579265594
0.050617821514606476
0.1870560348033905
0.10231178253889084
0.10693368315696716
0.2505122423171997
0.13518625497817993
0.10826893150806427
0.09147661924362183
0.09031005948781967
0.10943245142698288
0.07945460826158524
0.05467518791556358
0.2560310959815979
0.20567381381988525
0.08667059242725372
0.142683744430542
0.1004062369465828
0.06600852310657501
0.27972331643104553
0.0893491730093956
0.12057890743017197
0.14512163400650024
0.07478627562522888
0.07552727311849594
0.1639994978904724
0.13035047054290771
0.15444926917552948
0.08718376606702805
0.15430761873722076
0.07459183037281036
0.08485061675310135
0.17851270735263824
0.10783952474594116
0.13804729282855988
0.03079714998602867
0.15739020705223083
0.18755294382572174
0.10959950089454651
0.20025622844696045
0.039807628840208054
0.05336570739746094
0.1742563098669052
0.06098088249564171
0.1311362236738205
0.3054341971874237
0.2096801996231079
0.20569679141044617
0.22880345582962036
0.1795298159122467
0.1281774789094925
0.048127416521310806
0.0556311160326004
0.07295817136764526
0.18027819693088531
0.3815389573574066
0.07498998939990997
0.056860968470573425
0.10664551705121994
0.1553679257631302
0.1671021431684494
0.0717068538069725
0.08342796564102173
0.15054349601268768
0.1949385702610016
0.16578905284404755
0.08065881580114365
0.043977994471788406
0.0670744776725769
0.16901394724845886
0.03633131459355354
0.07427564263343811
0.07978425920009613
0.13800090551376343
0.12272167205810547
0.09825551509857178
0.11308107525110245
0.36253514885902405
0.09743056446313858
0.095891073346138
0.024388760328292847
0.13948635756969452
0.08600839972496033
0.08844273537397385
0.07252226024866104
0.15047387778759003
0.02387254685163498
0.06730418652296066
0.13407397270202637
0.09010719507932663
0.17327876389026642
0.05564233288168907
0.1507102996110916
0.16893555223941803
0.08260084688663483
0.14572493731975555
0.1912589967250824
0.1584029346704483
0.22391250729560852
0.07279058545827866
0.18538789451122284
0.11482646316289902
0.1014631912112236
0.04235735908150673
0.19569948315620422
0.1373518407344818
0.0994514599442482
0.07513214647769928
0.08366363495588303
0.20654506981372833
0.03605138510465622
0.09551341831684113
0.18318521976470947
0.06539749354124069
0.18713168799877167
0.27546828985214233
0.04002681374549866
0.026097828522324562
0.1971634328365326
0.1367342472076416
0.1034625694155693
0.16123299300670624
0.2103235274553299
0.08521378040313721
0.3248728811740875
0.15240779519081116
0.29236769676208496
0.12117907404899597
0.1006256714463234
0.0666627511382103
0.13911958038806915
0.16222356259822845
0.16013622283935547
0.11244815587997437
0.15786272287368774
0.22072669863700867
0.15450328588485718
0.11879053711891174
0.11073315888643265
0.1842420995235443
0.08307323604822159
0.1389055699110031
0.16520123183727264
0.16812843084335327
0.055416032671928406
0.2850898802280426
0.1171397939324379
0.17525264620780945
0.1259053349494934
0.11759115755558014
0.20292165875434875
0.10424799472093582
0.05172852426767349
0.14868895709514618
0.14074307680130005
0.1463257372379303
0.1302725374698639
0.11260707676410675
0.2256087213754654
0.1767522394657135
0.09368310868740082
0.08804548531770706
0.15498019754886627
0.08315806090831757
0.19051529467105865
0.08370781689882278
0.16000893712043762
0.06503354012966156
0.09351827204227448
0.08277029544115067
0.11522666364908218
0.048194900155067444
0.1328541487455368
0.1161830797791481
0.23787227272987366
0.19214782118797302
0.05837133526802063
0.12417876720428467
0.05019610747694969
0.11359039694070816
0.18521419167518616
0.03440093621611595
0.1791951209306717
0.09199750423431396
0.13152846693992615
0.10191182792186737
0.128749817609787
0.15506045520305634
0.22096160054206848
0.11610595136880875
0.13338503241539001
0.027425125241279602
0.2034461498260498
0.2062709629535675
0.08799193054437637
0.07272667437791824
0.09965648502111435
0.3115624785423279
0.13321831822395325
0.08368071168661118
0.12462449073791504
0.1538529247045517
0.050571464002132416
0.10847002267837524
0.06744565069675446
0.18298913538455963
0.28838950395584106
0.07308398187160492
0.2079066038131714
0.07590191066265106
0.058295778930187225
0.136840358376503
0.26848724484443665
0.18190880119800568
0.12016335129737854
0.1126219630241394
0.03723642975091934
0.1028202474117279
0.41039666533470154
0.1153806522488594
0.13650156557559967
0.06584972888231277
0.07358130812644958
0.15667936205863953
0.05169185250997543
0.04886653274297714
0.08267831802368164
0.1173456683754921
0.08412928134202957
0.22258348762989044
0.14356277883052826
0.053247444331645966
0.14399659633636475
0.13659369945526123
0.14232134819030762
0.10263890773057938
0.10718143731355667
0.17290055751800537
0.1636415272951126
0.10953191667795181
0.2411162406206131
0.12624037265777588
0.1273665577173233
0.09699241816997528
0.07068344950675964
0.08369574695825577
0.18972666561603546
0.13659171760082245
0.23102450370788574
0.099314384162426
0.15127626061439514
0.1891685575246811
0.09419095516204834
0.14125852286815643
0.02881334163248539
0.0546572245657444
0.04180319234728813
0.09300830960273743
0.08970165252685547
0.14018601179122925
0.10848158597946167
0.09572791308164597
0.06796856969594955
0.1781042218208313
0.13952143490314484
0.4578404724597931
0.12077391147613525
0.032484717667102814
0.06864383071660995
0.15071040391921997
0.14486730098724365
0.20490239560604095
0.08322989195585251
0.1278524398803711
0.10707908123731613
0.1541934758424759
0.14471778273582458
0.14458970725536346
0.06117618829011917
0.04112965986132622
0.20187532901763916
0.12903274595737457
0.11685459315776825
0.0924970954656601
0.11124368757009506
0.030921397730708122
0.12869101762771606
0.1096731573343277
0.07656433433294296
0.14390848577022552
0.14579541981220245
0.19427627325057983
0.0981837585568428
0.08031424880027771
0.1266488879919052
0.21192841231822968
0.1312279850244522
0.0656186044216156
0.277793824672699
0.19907984137535095
0.07342854887247086
0.1577516496181488
0.22359400987625122
0.08327004313468933
0.17977499961853027
0.10923992097377777
0.09221327304840088
0.05513555929064751
0.0632404312491417
0.04506639018654823
0.20448000729084015
0.20366892218589783
0.16694997251033783
0.14841166138648987
0.07303792238235474
0.11495042592287064
0.2730315625667572
0.07053368538618088
0.22980788350105286
0.09689830243587494
0.09072774648666382
0.024802235886454582
0.14830335974693298
0.06299939751625061
0.12419047206640244
0.08791282027959824
0.19392737746238708
0.053707074373960495
0.21556028723716736
0.12642326951026917
0.23096567392349243
0.05990653485059738
0.18258421123027802
0.023102261126041412
0.12659168243408203
0.18281494081020355
0.0986485555768013
0.026706703007221222
0.04985542967915535
0.06727105379104614
0.04788243770599365
0.2485770881175995
0.0869847908616066
0.04079308360815048
0.05776017904281616
0.08824522793292999
0.1668185293674469
0.09567353129386902
0.12682406604290009
0.11126216500997543
0.0921218991279602
0.1863131821155548
0.15583956241607666
0.05207782983779907
0.1324315220117569
0.14732559025287628
0.16707052290439606
0.06429008394479752
0.14138051867485046
0.09582889825105667
0.02576260268688202
0.12863215804100037
0.13744686543941498
0.06519053131341934
0.16927213966846466
0.07766411453485489
0.0954454317688942
0.07698357105255127
0.2722770571708679
0.10219542682170868
0.11932918429374695
0.1682412475347519
0.025498202070593834
0.059633903205394745
0.16154243052005768
0.19477948546409607
0.220717653632164
0.088994100689888
0.15363019704818726
0.032738152891397476
0.08504796028137207
0.09431768953800201
0.24020203948020935
0.11472203582525253
0.08321409672498703
0.10999306291341782
0.14972981810569763
0.08592331409454346
0.059450216591358185
0.09611236304044724
0.12008634209632874
0.06958822160959244
0.10485333949327469
0.09546911716461182
0.06426427513360977
0.09253471344709396
0.249704509973526
0.21089044213294983
0.19719043374061584
0.09497052431106567
0.10517238825559616
0.1125091165304184
0.15946687757968903
0.05210094526410103
0.1458360105752945
0.05603073909878731
0.1371782273054123
0.1016782820224762
0.09947732090950012
0.09974424540996552
0.27080750465393066
0.2502979338169098
0.32550889253616333
0.07767362147569656
0.05612882226705551
0.19290927052497864
0.14946207404136658
0.11950700730085373
0.08014746755361557
0.11249131709337234
0.03606143966317177
0.08437196910381317
0.09829992800951004
0.03373965993523598
0.08668283373117447
0.059504568576812744
0.09430236369371414
0.2448599636554718
0.09006401151418686
0.06305951625108719
0.057701099663972855
0.09700912237167358
0.10502082854509354
0.18413250148296356
0.2412453591823578
0.02888551726937294
0.03143484145402908
0.1806163787841797
0.08061964809894562
0.12659908831119537
0.08174613863229752
0.09584712237119675
0.15423321723937988
0.16479547321796417
0.06697826832532883
0.021054662764072418
0.03851339593529701
0.07960733771324158
0.14844341576099396
0.24893443286418915
0.05757357180118561
0.041703615337610245
0.1597057729959488
0.06067771464586258
0.07823985815048218
0.09483391046524048
0.09362653642892838
0.30711036920547485
0.21363776922225952
0.1334187239408493
0.17189306020736694
0.16381123661994934
0.11597735434770584
0.09158901125192642
0.11925934255123138
0.1193348690867424
0.10409944504499435
0.11582845449447632
0.18029984831809998
0.25395697355270386
0.054025549441576004
0.12139226496219635
0.15414129197597504
0.01731165312230587
0.0881309062242508
0.04301898926496506
0.07576669007539749
0.07667078822851181
0.06213713809847832
0.1044425219297409
0.07575467973947525
0.11474039405584335
0.10888484120368958
0.16689470410346985
0.13792645931243896
0.14951883256435394
0.151006281375885
0.14239543676376343
0.07776419818401337
0.1392909288406372
0.15633386373519897
0.10133467614650726
0.06193672865629196
0.15579363703727722
0.06263485550880432
0.08271593600511551
0.10224830359220505
0.1047150194644928
0.08124510943889618
0.04523789882659912
0.088375024497509
0.11136879771947861
0.10715340822935104
0.07508073002099991
0.18018965423107147
0.10400857031345367
0.023291362449526787
0.19920645654201508
0.08526932448148727
0.14022047817707062
0.1637912541627884
0.035379279404878616
0.03742893040180206
0.10718032717704773
0.159899041056633
0.1931365728378296
0.1258743405342102
0.17070885002613068
0.07092314958572388
0.11349542438983917
0.1269882768392563
0.2305951565504074
0.15933261811733246
0.15783891081809998
0.12710151076316833
0.10879803448915482
0.049804072827100754
0.16716685891151428
0.060003142803907394
0.05979284644126892
0.10414616763591766
0.10398639738559723
0.04481356963515282
0.2065575271844864
0.10508283972740173
0.3525856137275696
0.15852460265159607
0.10047641396522522
0.09303247928619385
0.15319085121154785
0.049984563142061234
0.04814639687538147
0.20694245398044586
0.2152930498123169
0.17372770607471466
0.11158180981874466
0.1631263941526413
0.2004862129688263
0.15561719238758087
0.12031781673431396
0.11125679314136505
0.06349724531173706
0.2923465669155121
0.13516981899738312
0.08439259976148605
0.19642005860805511
0.1090511754155159
0.17789359390735626
0.22056639194488525
0.2575874328613281
0.0811215192079544
0.11008933931589127
0.240593820810318
0.22435858845710754
0.03604894131422043
0.16444061696529388
0.10931804776191711
0.16556943953037262
0.1671278476715088
0.06344296038150787
0.12814810872077942
0.15983867645263672
0.10198983550071716
0.149403914809227
0.0942779928445816
0.15754540264606476
0.12762975692749023
0.10524735599756241
0.08907967060804367
0.12367317080497742
0.2609945237636566
0.07593882083892822
0.21663852035999298
0.20512333512306213
0.2842998802661896
0.047687046229839325
0.1366899013519287
0.07322744280099869
0.11815235763788223
0.1656285673379898
0.25183308124542236
0.193266361951828
0.11795015633106232
0.25682851672172546
0.23439398407936096
0.09878995269536972
0.06075221300125122
0.1251421570777893
0.3532659113407135
0.23833884298801422
0.07528004050254822
0.1130022257566452
0.17242516577243805
0.3143444061279297
0.0612192377448082
0.14979848265647888
0.08985462039709091
0.10525466501712799
0.18319062888622284
0.10676059871912003
0.18230274319648743
0.048590004444122314
0.14503756165504456
0.11558011174201965
0.1464846134185791
0.1342596411705017
0.1531667411327362
0.20578981935977936
0.17838402092456818
0.07604476809501648
0.13242818415164948
0.021437764167785645
0.14421938359737396
0.11569993197917938
0.06392569094896317
0.13638383150100708
0.08269195258617401
0.059491705149412155
0.1453143209218979
0.053128890693187714
0.3232830762863159
0.1639479100704193
0.051433585584163666
0.16026444733142853
0.07965724170207977
0.16301999986171722
0.15280701220035553
0.10999498516321182
0.059532586485147476
0.07906319200992584
0.04282020777463913
0.22268839180469513
0.06401312351226807
0.11805301904678345
0.11381834745407104
0.12228668481111526
0.11911796778440475
0.22317907214164734
0.1651858389377594
0.06602691859006882
0.10363058000802994
0.060266733169555664
0.11644020676612854
0.041280630975961685
0.12801344692707062
0.10888071358203888
0.2191728800535202
0.061048492789268494
0.1523737758398056
0.14973242580890656
0.13849478960037231
0.09746035188436508
0.2813495099544525
0.08512715250253677
0.12710069119930267
0.09121397882699966
0.22729691863059998
0.0889165848493576
0.15038956701755524
0.09432139992713928
0.02610684372484684
0.05982892960309982
0.16354255378246307
0.15817171335220337
0.1805022656917572
0.13731060922145844
0.0638270303606987
0.10773566365242004
0.05621226876974106
0.0953623354434967
0.1132519319653511
0.08466782420873642
0.02548637054860592
0.16377606987953186
0.23950469493865967
0.18442662060260773
0.15160498023033142
0.2489568591117859
0.112740159034729
0.09399259835481644
0.12222941219806671
0.04421042278409004
0.17509983479976654
0.09198810905218124
0.06329486519098282
0.10905338823795319
0.2507178485393524
0.11894115805625916
0.05504642799496651
0.09553459286689758
0.08940254896879196
0.09661708772182465
0.042076367884874344
0.10314005613327026
0.08431100845336914
0.11024829000234604
0.16612176597118378
0.10908249765634537
0.18246574699878693
0.05031032860279083
0.14382053911685944
0.08895254135131836
0.1288178563117981
0.09939577430486679
0.12527474761009216
0.17090944945812225
0.10915829241275787
0.0887269452214241
0.0843520388007164
0.2053215354681015
0.16111476719379425
0.1663350611925125
0.08537860959768295
0.24929603934288025
0.09153605252504349
0.11684533953666687
0.11831215769052505
0.16787682473659515
0.16104476153850555
0.06403443962335587
0.11639367789030075
0.20644773542881012
0.12536847591400146
0.07320427149534225
0.25445258617401123
0.1499091535806656
0.12423674017190933
0.06955385953187943
0.05997224524617195
0.10668997466564178
0.10157352685928345
0.07388703525066376
0.1637817621231079
0.13437242805957794
0.1682504266500473
0.11693891137838364
0.026292849332094193
0.1234876811504364
0.15416644513607025
0.037869784981012344
0.17867520451545715
0.22821824252605438
0.15617291629314423
0.2004978358745575
0.2991550862789154
0.240256667137146
0.10979364067316055
0.0747576504945755
0.17059791088104248
0.08559039980173111
0.15578055381774902
0.1066504567861557
0.19690918922424316
0.13369271159172058
0.15131336450576782
0.331130713224411
0.12862752377986908
0.05136413127183914
0.147431880235672
0.14686131477355957
0.08943922817707062
0.07710950076580048
0.12206213921308517
0.1560894250869751
0.028759468346834183
0.05769479274749756
0.05357058718800545
0.10601940006017685
0.12839612364768982
0.052510764449834824
0.0777978003025055
0.11788429319858551
0.14037497341632843
0.1390312910079956
0.1226489394903183
0.32324573397636414
0.12188993394374847
0.16620692610740662
0.07070878148078918
0.07603489607572556
0.06766489893198013
0.07720467448234558
0.06572489440441132
0.10130280256271362
0.08265318721532822
0.04538361728191376
0.16542932391166687
0.06431160122156143
0.07020442932844162
0.268588125705719
0.05259216949343681
0.14046646654605865
0.0635400041937828
0.20613349974155426
0.14261341094970703
0.14239469170570374
0.17873729765415192
0.08553016185760498
0.17267529666423798
0.17713117599487305
0.064588762819767
0.09930319339036942
0.1287231594324112
0.1663910448551178
0.2116352766752243
0.09105947613716125
0.01957210898399353
0.22788812220096588
0.04586128145456314
0.07000617682933807
0.11437416076660156
0.10211624205112457
0.15033622086048126
0.1945810616016388
0.06396333873271942
0.034840263426303864
0.04450144246220589
0.21653509140014648
0.1600870043039322
0.07458439469337463
0.15479867160320282
0.22833429276943207
0.08147415518760681
0.09392488747835159
0.12214496731758118
0.08693940937519073
0.17908644676208496
0.061375122517347336
0.07911629229784012
0.12114731967449188
0.07919217646121979
0.2451207935810089
0.1196623370051384
0.2740233838558197
0.06679101288318634
0.1446128934621811
0.08692362904548645
0.07164491713047028
0.10610366612672806
0.13031324744224548
0.06282396614551544
0.20206472277641296
0.11157269775867462
0.18014933168888092
0.12120810896158218
0.07061351090669632
0.2310926616191864
0.13029347360134125
0.1893242448568344
0.10933135449886322
0.04059586301445961
0.06708463281393051
0.11818085610866547
0.05824223533272743
0.16461020708084106
0.04932904243469238
0.049040570855140686
0.12931160628795624
0.12943650782108307
0.10331320762634277
0.21865910291671753
0.1417226791381836
0.17850475013256073
0.15534824132919312
0.09594538807868958
0.1447833925485611
0.21459060907363892
0.15056683123111725
0.12822270393371582
0.10584744065999985
0.07542568445205688
0.09081361442804337
0.09759973734617233
0.22061848640441895
0.23537197709083557
0.1213313639163971
0.04484152793884277
0.1051640510559082
0.16210630536079407
0.040171872824430466
0.10051365196704865
0.14831595122814178
0.07949809730052948
0.07149986922740936
0.01418077852576971
0.1631547063589096
0.08830171823501587
0.10055189579725266
0.07066690921783447
0.1081356629729271
0.06309856474399567
0.0591394267976284
0.07416947931051254
0.17478643357753754
0.05409146472811699
