7.8125
14.0625
10.9375
10.9375
14.0625
15.625
10.9375
18.75
21.875
10.9375
12.5
14.0625
15.625
20.3125
25
21.875
25
23.4375
32.8125
28.125
42.1875
29.6875
42.1875
34.375
32.8125
35.9375
31.25
43.75
48.4375
48.4375
45.3125
51.5625
45.3125
54.6875
37.5
48.4375
60.9375
54.6875
54.6875
48.4375
39.0625
56.25
60.9375
45.3125
54.6875
48.4375
67.1875
57.8125
56.25
65.625
57.8125
51.5625
59.375
65.625
57.8125
57.8125
76.5625
57.8125
70.3125
73.4375
56.25
65.625
51.5625
70.3125
59.375
71.875
59.375
62.5
73.4375
62.5
64.0625
64.0625
64.0625
57.8125
70.3125
67.1875
60.9375
70.3125
68.75
60.9375
70.3125
73.4375
68.75
84.375
70.3125
71.875
51.5625
64.0625
81.25
76.5625
68.75
70.3125
65.625
76.5625
68.75
65.625
67.1875
70.3125
68.75
64.0625
70.3125
73.4375
71.875
71.875
70.3125
71.875
76.5625
81.25
71.875
75
70.3125
65.625
65.625
68.75
68.75
70.3125
75
75
76.5625
79.6875
73.4375
81.25
65.625
71.875
82.8125
79.6875
79.6875
81.25
78.125
87.5
73.4375
84.375
71.875
68.75
81.25
78.125
78.125
79.6875
78.125
79.6875
81.25
73.4375
82.8125
75
73.4375
85.9375
68.75
79.6875
73.4375
75
67.1875
71.875
79.6875
68.75
73.4375
81.25
81.25
79.6875
81.25
78.125
84.375
73.4375
79.6875
82.8125
81.25
79.6875
82.8125
73.4375
78.125
81.25
75
85.9375
73.4375
79.6875
89.0625
78.125
76.5625
85.9375
79.6875
78.125
82.8125
82.8125
81.25
76.5625
78.125
82.8125
89.0625
84.375
84.375
79.6875
78.125
79.6875
81.25
85.9375
76.5625
79.6875
85.9375
82.8125
78.125
73.4375
81.25
81.25
73.4375
70.3125
82.8125
78.125
75
84.375
84.375
92.1875
84.375
78.125
84.375
81.25
79.6875
81.25
76.5625
87.5
82.8125
81.25
78.125
79.6875
82.8125
82.8125
87.5
87.5
79.6875
82.8125
75
84.375
89.0625
82.8125
75
71.875
75
82.8125
87.5
85.9375
87.5
89.0625
85.9375
78.125
87.5
81.25
90.625
90.625
78.125
75
85.9375
82.8125
85.9375
89.0625
89.0625
84.375
81.25
84.375
85.9375
87.5
84.375
82.8125
85.9375
85.9375
89.0625
87.5
84.375
89.0625
81.25
87.5
93.75
84.375
82.8125
82.8125
87.5
90.625
89.0625
81.25
85.9375
84.375
85.9375
84.375
85.9375
95.3125
90.625
89.0625
82.8125
90.625
85.9375
73.4375
82.8125
82.8125
87.5
89.0625
76.5625
92.1875
81.25
81.25
81.25
89.0625
79.6875
92.1875
93.75
82.8125
89.0625
85.9375
84.375
89.0625
78.125
81.25
84.375
85.9375
78.125
81.25
90.625
89.0625
87.5
90.625
70.3125
89.0625
81.25
78.125
92.1875
89.0625
90.625
84.375
89.0625
78.125
85.9375
79.6875
85.9375
73.4375
79.6875
81.25
89.0625
89.0625
87.5
89.0625
87.5
87.5
82.8125
79.6875
87.5
79.6875
93.75
87.5
84.375
79.6875
92.1875
93.75
84.375
87.5
79.6875
84.375
87.5
90.625
89.0625
84.375
85.9375
90.625
90.625
81.25
90.625
90.625
89.0625
85.9375
85.9375
87.5
79.6875
84.375
95.3125
85.9375
81.25
85.9375
84.375
82.8125
87.5
79.6875
87.5
89.0625
85.9375
85.9375
89.0625
89.0625
95.3125
87.5
84.375
78.125
89.0625
78.125
85.9375
89.0625
84.375
89.0625
89.0625
76.5625
85.9375
90.625
90.625
87.5
78.125
89.0625
87.5
89.0625
79.6875
79.6875
90.625
89.0625
87.5
81.25
85.9375
89.0625
85.9375
89.0625
90.625
92.1875
89.0625
87.5
95.3125
84.375
85.9375
85.9375
84.375
90.625
92.1875
89.0625
89.0625
82.8125
89.0625
96.875
84.375
85.9375
76.5625
90.625
81.25
87.5
90.625
89.0625
82.8125
85.9375
89.0625
89.0625
85.9375
90.625
95.3125
81.25
85.9375
90.625
89.0625
84.375
87.5
92.1875
87.5
87.5
87.5
85.9375
92.1875
85.9375
81.25
98.4375
87.5
90.625
85.9375
82.8125
82.8125
87.5
84.375
82.8125
78.125
89.0625
93.75
84.375
87.5
84.375
85.9375
92.1875
90.625
93.75
87.5
96.875
92.1875
84.375
90.625
90.625
93.75
89.0625
87.5
89.0625
89.0625
90.625
90.625
81.25
93.75
92.1875
82.8125
81.25
92.1875
81.25
81.25
84.375
85.9375
87.5
87.5
84.375
87.5
81.25
92.1875
82.8125
90.625
87.5
90.625
82.8125
84.375
79.6875
87.5
87.5
85.9375
82.8125
87.5
92.1875
87.5
87.5
87.5
82.8125
89.0625
79.6875
89.0625
89.0625
89.0625
92.1875
84.375
95.3125
85.9375
90.625
79.6875
85.9375
84.375
90.625
89.0625
87.5
82.8125
92.1875
90.625
90.625
82.8125
87.5
82.8125
95.3125
81.25
84.375
87.5
89.0625
84.375
87.5
81.25
90.625
87.5
95.3125
89.0625
87.5
93.75
85.9375
89.0625
84.375
95.3125
89.0625
93.75
87.5
82.8125
85.9375
92.1875
89.0625
90.625
92.1875
85.9375
90.625
93.75
81.25
85.9375
89.0625
84.375
89.0625
90.625
85.9375
85.9375
85.9375
85.9375
92.1875
85.9375
93.75
87.5
84.375
93.75
90.625
85.9375
87.5
90.625
92.1875
89.0625
87.5
85.9375
82.8125
93.75
89.0625
87.5
92.1875
89.0625
85.9375
87.5
87.5
92.1875
87.5
93.75
92.1875
85.9375
87.5
92.1875
89.0625
82.8125
89.0625
87.5
92.1875
85.9375
95.3125
82.8125
79.6875
84.375
90.625
95.3125
84.375
87.5
81.25
92.1875
87.5
84.375
92.1875
85.9375
92.1875
85.9375
89.0625
95.3125
90.625
89.0625
90.625
93.75
87.5
93.75
85.9375
92.1875
89.0625
90.625
92.1875
81.25
93.75
87.5
89.0625
85.9375
84.375
87.5
90.625
87.5
84.375
93.75
100
90.625
85.9375
87.5
90.625
90.625
87.5
79.6875
89.0625
93.75
92.1875
87.5
89.0625
92.1875
85.9375
84.375
89.0625
89.0625
89.0625
87.5
96.875
85.9375
84.375
87.5
89.0625
90.625
89.0625
82.8125
89.0625
87.5
90.625
93.75
90.625
87.5
84.375
92.1875
89.0625
93.75
89.0625
89.0625
90.625
87.5
92.1875
82.8125
90.625
87.5
93.75
89.0625
87.5
84.375
87.5
87.5
92.1875
89.0625
84.375
90.625
95.3125
90.625
79.6875
90.625
93.75
85.9375
93.75
87.5
87.5
85.9375
92.1875
93.75
92.1875
90.625
90.625
92.1875
89.0625
92.1875
93.75
90.625
90.625
95.3125
95.3125
92.1875
93.75
89.0625
89.0625
93.75
92.1875
87.5
90.625
95.3125
92.1875
89.0625
92.1875
93.75
87.5
87.5
92.1875
90.625
82.8125
87.5
87.5
95.3125
93.75
85.9375
87.5
89.0625
79.6875
85.9375
82.8125
89.0625
79.6875
84.375
84.375
93.75
93.75
92.1875
93.75
90.625
82.8125
89.0625
95.3125
92.1875
89.0625
95.3125
92.1875
90.625
85.9375
87.5
95.3125
81.25
92.1875
89.0625
93.75
89.0625
89.0625
90.625
87.5
93.75
87.5
92.1875
92.1875
89.0625
93.75
79.6875
100
92.1875
90.625
90.625
93.75
85.9375
89.0625
95.3125
92.1875
87.5
90.625
90.625
90.625
92.1875
85.9375
89.0625
93.75
93.75
92.1875
95.3125
93.75
87.5
96.875
93.75
100
87.5
89.0625
93.75
87.5
90.625
89.0625
90.625
85.9375
92.1875
89.0625
92.1875
87.5
90.625
93.75
90.625
85.9375
85.9375
93.75
90.625
87.5
90.625
90.625
84.375
92.1875
93.75
93.75
93.75
90.625
95.3125
84.375
87.5
90.625
90.625
89.0625
93.75
90.625
96.875
92.1875
96.875
89.0625
84.375
95.3125
89.0625
93.75
92.1875
98.4375
92.1875
87.5
93.75
95.3125
89.0625
89.0625
90.625
89.0625
87.5
89.0625
93.75
92.1875
93.75
89.0625
87.5
92.1875
98.4375
92.1875
87.5
87.5
90.625
95.3125
90.625
95.3125
85.9375
89.0625
95.3125
92.1875
92.1875
87.5
92.1875
85.9375
90.625
92.1875
95.3125
96.875
93.75
89.0625
87.5
85.9375
85.9375
85.9375
90.625
90.625
84.375
89.0625
90.625
93.75
95.3125
90.625
92.1875
85.9375
95.3125
92.1875
89.0625
89.0625
93.75
93.75
96.875
93.75
100
91.66666666666666
92.1875
92.1875
95.83333333333334
95.83333333333334
