2.3119795322418213
2.293668746948242
2.2982325553894043
2.2795827388763428
2.277853012084961
2.2863922119140625
2.2941501140594482
2.2586252689361572
2.241743326187134
2.270354747772217
2.2521767616271973
2.2789690494537354
2.2384119033813477
2.2557883262634277
2.2308461666107178
2.2622153759002686
2.214740514755249
2.2327263355255127
2.1961746215820313
2.205415964126587
2.1634910106658936
2.217984199523926
2.1916849613189697
2.177793025970459
2.185737371444702
2.1864984035491943
2.1714298725128174
2.166473150253296
2.141913890838623
2.1287810802459717
2.1254079341888428
2.09837007522583
2.107776165008545
2.0915751457214355
2.117650270462036
2.094287633895874
2.049999952316284
2.0659258365631104
2.0270299911499023
2.0618555545806885
2.089597463607788
2.0167880058288574
1.9577099084854126
2.031237840652466
1.9751240015029907
2.046356439590454
1.9221354722976685
1.9299051761627197
1.9655355215072632
1.9220213890075684
1.912683367729187
1.95221745967865
1.9078048467636108
1.8856374025344849
1.883394479751587
1.86353600025177
1.7651606798171997
1.8631179332733154
1.7856212854385376
1.7867571115493774
1.7890236377716064
1.8130332231521606
1.8187099695205688
1.76277494430542
1.7367751598358154
1.742302656173706
1.7605564594268799
1.7507710456848145
1.5887218713760376
1.768146276473999
1.6771022081375122
1.6978552341461182
1.7029435634613037
1.6041903495788574
1.636912226676941
1.4785382747650146
1.707694172859192
1.472315788269043
1.488005518913269
1.5807002782821655
1.4718351364135742
1.4883891344070435
1.5209325551986694
1.3242462873458862
1.4388889074325562
1.3740886449813843
1.5614432096481323
1.4232524633407593
1.312437891960144
1.386100172996521
1.3865575790405273
1.324784278869629
1.385087013244629
1.2532283067703247
1.3168528079986572
1.2612779140472412
1.321649432182312
1.2961910963058472
1.2927820682525635
1.283328652381897
1.238809585571289
1.1705230474472046
1.1755385398864746
1.1268595457077026
1.149846076965332
1.1440259218215942
1.102763295173645
1.0083966255187988
1.183547019958496
1.0371909141540527
1.1745318174362183
1.2071155309677124
1.201903223991394
1.1744952201843262
1.1646357774734497
1.1620540618896484
1.031733512878418
1.022479772567749
1.0439938306808472
1.0518792867660522
0.9903789758682251
0.9676647782325745
1.1329100131988525
1.0211294889450073
0.8892650008201599
0.9480589628219604
0.9753737449645996
0.9424742460250854
0.8384264707565308
0.7370869517326355
1.0475397109985352
0.7833574414253235
0.9241254329681396
1.0630717277526855
0.8741300702095032
0.9394010305404663
0.8190065622329712
0.8950734734535217
0.8379363417625427
0.8167325854301453
0.8783299922943115
0.8858013153076172
0.7580955028533936
0.8713464140892029
0.905112087726593
0.673309326171875
1.039981484413147
0.7900378108024597
0.8030571341514587
0.8236227035522461
1.0339226722717285
0.8008281588554382
0.7341471314430237
0.9512051343917847
0.8526486754417419
0.6240386366844177
0.6694751977920532
0.6566599011421204
0.749247670173645
0.7383423447608948
0.5895727872848511
0.9944882988929749
0.7559685111045837
0.7179038524627686
0.6932297348976135
0.7799199223518372
0.7253373861312866
0.8434289693832397
0.6890407204627991
0.6965581178665161
0.859159529209137
0.5826032757759094
0.6911821961402893
0.6884149312973022
0.6955687999725342
0.6846981644630432
0.7491780519485474
0.5329759120941162
0.7790563702583313
0.6423007845878601
0.7154006958007813
0.553572952747345
0.6153185963630676
0.796217143535614
0.5727275013923645
0.6810240745544434
0.3922315537929535
0.5980044007301331
0.6106917262077332
0.7090352773666382
0.6704860329627991
0.6648284792900085
0.5897952914237976
0.5314368009567261
0.7935461401939392
0.6574668288230896
0.5068565607070923
0.6739151477813721
0.6371589303016663
0.6702925562858582
0.6344819664955139
0.6991866230964661
0.6711338758468628
0.7677370309829712
0.514183521270752
0.8082162737846375
0.6163512468338013
0.575020968914032
0.6032668948173523
0.4192139804363251
0.5386769771575928
0.5777944326400757
0.6471418738365173
0.5863744020462036
0.7717006802558899
0.5202751159667969
0.650669515132904
0.5442224740982056
0.5748581886291504
0.5457485914230347
0.6511852145195007
0.5541242957115173
0.5980347394943237
0.5327579975128174
0.45578765869140625
0.5664156079292297
0.6525537967681885
0.5735228061676025
0.6704374551773071
0.5581662058830261
0.4047982394695282
0.5813207626342773
0.7159945964813232
0.7584286332130432
0.7849786281585693
0.4463309645652771
0.44571635127067566
0.6040824055671692
0.4789128005504608
0.45408570766448975
0.515733540058136
0.5920298099517822
0.42253175377845764
0.5260984897613525
0.4474751651287079
0.4242256283760071
0.6268740892410278
0.6435241103172302
0.4499896764755249
0.5788290500640869
0.5509953498840332
0.4540172219276428
0.5014559030532837
0.5277325510978699
0.56864994764328
0.5533287525177002
0.6228698492050171
0.48292237520217896
0.6699255108833313
0.5533276200294495
0.4656485915184021
0.45980364084243774
0.4762991666793823
0.4483666718006134
0.4691111445426941
0.3818930983543396
0.657505452632904
0.5150001049041748
0.2925318479537964
0.47617679834365845
0.4807973802089691
0.5987383723258972
0.5363097190856934
0.49222198128700256
0.5658729672431946
0.5295363664627075
0.42702722549438477
0.4924929738044739
0.5196987986564636
0.49594420194625854
0.5993379354476929
0.346048504114151
0.33818185329437256
0.4157278835773468
0.4529680609703064
0.31928494572639465
0.5405659675598145
0.7106834650039673
0.6946293115615845
0.39684996008872986
0.43857455253601074
0.33437690138816833
0.62587571144104
0.3308194577693939
0.5153835415840149
0.529934287071228
0.748100221157074
0.5176951289176941
0.5933460593223572
0.3806401491165161
0.2787793278694153
0.4003090262413025
0.38064491748809814
0.4260910153388977
0.45407232642173767
0.37250545620918274
0.5309620499610901
0.6226133108139038
0.5856156349182129
0.37956702709198
0.5600928068161011
0.5715261697769165
0.382415235042572
0.40945592522621155
0.35193270444869995
0.3863314986228943
0.7845205664634705
0.4273475706577301
0.6971031427383423
0.5953409671783447
0.33400991559028625
0.5765224695205688
0.4148215055465698
0.5205759406089783
0.36936330795288086
0.5949915051460266
0.505154550075531
0.629070520401001
0.4788276255130768
0.8852807283401489
0.5991590023040771
0.5273752808570862
0.3973242938518524
0.39329156279563904
0.4839847683906555
0.5065356492996216
0.396575927734375
0.43368440866470337
0.6074607968330383
0.6613785028457642
0.4097723662853241
0.5717988014221191
0.22537550330162048
0.5984255075454712
0.45204678177833557
0.5764417052268982
0.349183589220047
0.360568642616272
0.4423882067203522
0.4345204830169678
0.5285474061965942
0.4694370627403259
0.35852110385894775
0.4181500971317291
0.4937366843223572
0.5107762217521667
0.4943479895591736
0.33177417516708374
0.4241332709789276
0.5591422915458679
0.34254366159439087
0.4312148094177246
0.49648550152778625
0.550428569316864
0.5678160190582275
0.43195027112960815
0.7712157964706421
0.5401904582977295
0.2522125542163849
0.35175302624702454
0.5963440537452698
0.5062565207481384
0.48831406235694885
0.4756067097187042
0.4908960163593292
0.4942029118537903
0.39992833137512207
0.40663787722587585
0.4399133324623108
0.5058639049530029
0.5359145998954773
0.3925926089286804
0.24012038111686707
0.34837886691093445
0.515861451625824
0.6163297891616821
0.5245445370674133
0.4845139682292938
0.5290218591690063
0.3237326741218567
0.522372841835022
0.3253593444824219
0.49123039841651917
0.5748513340950012
0.6104326844215393
0.33679258823394775
0.2331697940826416
0.45942121744155884
0.6126684546470642
0.5306084156036377
0.2856428325176239
0.45682939887046814
0.5255232453346252
0.4787995517253876
0.28475356101989746
0.47420957684516907
0.37582385540008545
0.5298576354980469
0.3647759258747101
0.3148832619190216
0.579724907875061
0.38785091042518616
0.3626054525375366
0.3625751733779907
0.3282531201839447
0.33587393164634705
0.287063330411911
0.404373437166214
0.5207204818725586
0.40775972604751587
0.5438482165336609
0.32613977789878845
0.21329131722450256
0.375200092792511
0.3868914842605591
0.4357631802558899
0.3159976601600647
0.1381753385066986
0.6360538601875305
0.5596199035644531
0.681134045124054
0.3103432059288025
0.49330583214759827
0.3246467113494873
0.3723722994327545
0.3528395891189575
0.5478700995445251
0.3807767331600189
0.3762334883213043
0.47774624824523926
0.4486596882343292
0.3694263696670532
0.21122562885284424
0.5436143279075623
0.4496704936027527
0.3332047760486603
0.4891083538532257
0.485690176486969
0.4216434359550476
0.20224612951278687
0.38007181882858276
0.4375436007976532
0.34601402282714844
0.48357030749320984
0.26221051812171936
0.5513176918029785
0.48333415389060974
0.20135799050331116
0.40205371379852295
0.3909870982170105
0.4218084514141083
0.4577212631702423
0.5363359451293945
0.3780553340911865
0.6943575739860535
0.4308096468448639
0.5790588855743408
0.2959047853946686
0.31139707565307617
0.33563923835754395
0.4111946225166321
0.4276244342327118
0.3023703992366791
0.33451515436172485
0.4539729654788971
0.2870728075504303
0.3408278524875641
0.16327548027038574
0.30129459500312805
0.4483600854873657
0.3371630311012268
0.2849321961402893
0.23232315480709076
0.3130103647708893
0.44405314326286316
0.35632044076919556
0.3200196325778961
0.25364625453948975
0.3068816363811493
0.5399140119552612
0.22494372725486755
0.2880201041698456
0.4232214093208313
0.40479862689971924
0.29191216826438904
0.5490148067474365
0.4832175374031067
0.3947041630744934
0.3874744474887848
0.5178458094596863
0.408797025680542
0.43089261651039124
0.4409407079219818
0.5699607133865356
0.28021037578582764
0.42366838455200195
0.43202856183052063
0.4411140978336334
0.3374980092048645
0.44102293252944946
0.4121791422367096
0.631801426410675
0.3981606066226959
0.45418041944503784
0.4024105370044708
0.4677518606185913
0.4398283362388611
0.2728385627269745
0.45913073420524597
0.3311194181442261
0.30539876222610474
0.5995263457298279
0.28736329078674316
0.6295890212059021
0.3066878318786621
0.33868929743766785
0.4257231056690216
0.3622765839099884
0.44731900095939636
0.21184034645557404
0.4342972934246063
0.38018280267715454
0.5757201910018921
0.4644956588745117
0.4785108268260956
0.34012922644615173
0.281740665435791
0.33305102586746216
0.5874102711677551
0.2831287384033203
0.3058936595916748
0.525208055973053
0.542300283908844
0.51914381980896
0.4755811393260956
0.2912842035293579
0.44733649492263794
0.5286266207695007
0.6511834263801575
0.29389557242393494
0.42045149207115173
0.5094067454338074
0.3665471076965332
0.44241809844970703
0.3664775490760803
0.2256617397069931
0.3050210475921631
0.34028151631355286
0.3251727819442749
0.47996312379837036
0.4083012044429779
0.4816219210624695
0.21583688259124756
0.3921985328197479
0.33484360575675964
0.4137234687805176
0.4232304096221924
0.3921303451061249
0.2646641731262207
0.3197733163833618
0.3642401695251465
0.2516288161277771
0.33957812190055847
0.31163591146469116
0.29220080375671387
0.3987264335155487
0.46405211091041565
0.3204960823059082
0.4735417664051056
0.3185203969478607
0.3781437277793884
0.6938267946243286
0.4380176365375519
0.3983727991580963
0.6046044826507568
0.27379530668258667
0.4777635931968689
0.39853569865226746
0.37784263491630554
0.31664204597473145
0.2349553257226944
0.3225705027580261
0.48341795802116394
0.3026236593723297
0.3617076277732849
0.3148919343948364
0.2880464494228363
0.4024759829044342
0.43089258670806885
0.49189066886901855
0.22180475294589996
0.3226861357688904
0.3418956995010376
0.5022847056388855
0.3925427198410034
0.3934284448623657
0.3555641770362854
0.4067451059818268
0.2080373913049698
0.4664306938648224
0.29583320021629333
0.3617026209831238
0.368969202041626
0.4210045635700226
0.32526302337646484
0.46851852536201477
0.4610489308834076
0.3711012303829193
0.3281540274620056
0.314637690782547
0.4670683443546295
0.23793864250183105
0.5685209035873413
0.48199716210365295
0.5104369521141052
0.2882726490497589
0.31645944714546204
0.5889940857887268
0.308290958404541
0.4217778444290161
0.3154979348182678
0.4877190887928009
0.40375059843063354
0.2933860123157501
0.5127426385879517
0.22388559579849243
0.37400323152542114
0.3178485035896301
0.2432250678539276
0.3068538308143616
0.2955147325992584
0.28124913573265076
0.2117786556482315
0.23522621393203735
0.22037681937217712
0.6789765357971191
0.22136257588863373
0.3430054783821106
0.32531413435935974
0.26943516731262207
0.4794875383377075
0.24297401309013367
0.36041510105133057
0.2485002875328064
0.4949546456336975
0.6112088561058044
0.35002684593200684
0.30785679817199707
0.31622886657714844
0.5195281505584717
0.246554896235466
0.16770686209201813
0.33958685398101807
0.46019163727760315
0.6516199707984924
0.4034610688686371
0.32569047808647156
0.2891443371772766
0.6532511711120605
0.3932303786277771
0.3121088743209839
0.3745966851711273
0.35889601707458496
0.3701181411743164
0.2821339964866638
0.4737563729286194
0.33921223878860474
0.29519525170326233
0.4812033772468567
0.4019947946071625
0.3227367699146271
0.14659392833709717
0.38191550970077515
0.3378830552101135
0.424211710691452
0.3236123323440552
0.2697402834892273
0.3936029076576233
0.37968602776527405
0.4132320284843445
0.37713897228240967
0.272441565990448
0.2986796200275421
0.3999600112438202
0.5368420481681824
0.5218295454978943
0.29934680461883545
0.2932017147541046
0.21060283482074738
0.3832831382751465
0.3586812913417816
0.3067470192909241
0.33433008193969727
0.28408876061439514
0.46961426734924316
0.3061486482620239
0.3293585777282715
0.15780170261859894
0.42749547958374023
0.430659681558609
0.3409949839115143
0.34257712960243225
0.470857173204422
0.29264384508132935
0.34776678681373596
0.5054736733436584
0.31424465775489807
0.1766541451215744
0.28708577156066895
0.6975851655006409
0.3217657506465912
0.1913727968931198
0.5128445029258728
0.22405768930912018
0.3553231358528137
0.4039299786090851
0.38348525762557983
0.40020081400871277
0.3193786144256592
0.30166029930114746
0.3052234351634979
0.3850548267364502
0.22834846377372742
0.3561059534549713
0.34376421570777893
0.29231569170951843
0.3456992506980896
0.2414426952600479
0.151790589094162
0.23043450713157654
0.26156216859817505
0.22352176904678345
0.31931284070014954
0.2888396978378296
0.22638113796710968
0.31733742356300354
0.40818601846694946
0.33705997467041016
0.1647125780582428
0.28423750400543213
0.40006589889526367
0.27587154507637024
0.2390412986278534
0.4123394191265106
0.4183208644390106
0.3297269642353058
0.3239896297454834
0.5205321311950684
0.3201605975627899
0.4969719350337982
0.21947453916072845
0.14203447103500366
0.4088692367076874
0.523177444934845
0.34557127952575684
0.6078143119812012
0.3679486811161041
0.42555639147758484
0.5288088917732239
0.5452743768692017
0.46137332916259766
0.4985743761062622
0.2217584252357483
0.2719306945800781
0.35838794708251953
0.24218302965164185
0.22745046019554138
0.4299163818359375
0.5186320543289185
0.2802773714065552
0.25384727120399475
0.3785446286201477
0.27793362736701965
0.3203617036342621
0.3129808306694031
0.32614970207214355
0.36022982001304626
0.17727507650852203
0.39698657393455505
0.3726600408554077
0.2917700707912445
0.35812312364578247
0.35697054862976074
0.401279479265213
0.260741651058197
0.4055198132991791
0.3061572015285492
0.3722571134567261
0.28810960054397583
0.3245013356208801
0.3767351508140564
0.3019622266292572
0.5478256940841675
0.06353799253702164
0.2463865429162979
0.2945634126663208
0.3377777338027954
0.2824321687221527
0.45945510268211365
0.2777169644832611
0.19208070635795593
0.2883683145046234
0.3825908601284027
0.28460976481437683
0.3595847189426422
0.2564709484577179
0.31055229902267456
0.5435529351234436
0.39142340421676636
0.2831130623817444
0.22732965648174286
0.2905903160572052
0.2484312504529953
0.25478696823120117
0.6639341711997986
0.29556208848953247
0.39602336287498474
0.16642899811267853
0.492003858089447
0.3230285048484802
0.21770401298999786
0.36042797565460205
0.20038048923015594
0.3064374327659607
0.30469849705696106
0.4017399847507477
0.2796969413757324
0.2488185316324234
0.25070300698280334
0.32458803057670593
0.3618624210357666
0.2549266815185547
0.30111798644065857
0.3393224775791168
0.35513657331466675
0.1950470358133316
0.2889295220375061
0.42234697937965393
0.37577053904533386
0.33941930532455444
0.5372113585472107
0.3171122372150421
0.24584724009037018
0.241103395819664
0.23853133618831635
0.3995412290096283
0.26887616515159607
0.5136775970458984
0.4364004135131836
0.40792280435562134
0.2780398726463318
0.3786642849445343
0.24553526937961578
0.4234533905982971
0.1751522272825241
0.3745027184486389
0.20085979998111725
0.4512523412704468
0.6313601732254028
0.2029019594192505
0.4187989830970764
0.2438545525074005
0.36106401681900024
0.17130322754383087
0.1980658769607544
0.4854710102081299
0.2062654197216034
0.2841751277446747
0.32654261589050293
0.24036943912506104
0.38075539469718933
0.3291044235229492
0.45749786496162415
0.4371647238731384
0.29718586802482605
0.29402822256088257
0.42809417843818665
0.3823995292186737
0.36586281657218933
0.19155201315879822
0.1335255354642868
0.2738288938999176
0.3661072254180908
0.4609942138195038
0.38040128350257874
0.30570194125175476
0.3169819414615631
0.28469616174697876
0.48949673771858215
0.30826276540756226
0.27027732133865356
0.35147833824157715
0.2616632282733917
0.33368638157844543
0.2538597285747528
0.29514533281326294
0.29838693141937256
0.266558438539505
0.20907899737358093
0.16443488001823425
0.22214792668819427
0.4023663103580475
0.38373297452926636
0.47404131293296814
0.5267652869224548
0.38521260023117065
0.30809858441352844
0.25975990295410156
0.3245405852794647
0.2667194604873657
0.2979525327682495
0.21897880733013153
0.17729336023330688
0.35403165221214294
0.22232607007026672
0.5149203538894653
0.23978158831596375
0.26235610246658325
0.309016615152359
0.34637853503227234
0.2050291746854782
0.1734459102153778
0.12104130536317825
0.2429426610469818
0.05621863529086113
0.322711706161499
0.29570266604423523
0.33900687098503113
0.1516493558883667
0.1462809145450592
