0.17441774904727936
0.0787770077586174
0.1375967562198639
0.15275602042675018
0.15267647802829742
0.03597843274474144
0.09716400504112244
0.049049340188503265
0.12499324232339859
0.21000446379184723
0.05549948662519455
0.23384691774845123
0.09541521966457367
0.06352206319570541
0.06375250220298767
0.03182658553123474
0.21826252341270447
0.13433541357517242
0.07526391744613647
0.39634257555007935
0.14961181581020355
0.17119280993938446
0.14641769230365753
0.1582777202129364
0.2232057750225067
0.14296852052211761
0.28299808502197266
0.11075663566589355
0.12176445126533508
0.20803476870059967
0.10862386971712112
0.04517980292439461
0.10236543416976929
0.1313006579875946
0.07674935460090637
0.13010823726654053
0.23372089862823486
0.10800602287054062
0.12573395669460297
0.11006507277488708
0.08027439564466476
0.1463059037923813
0.23987209796905518
0.1400012969970703
0.07358960807323456
0.26043272018432617
0.11451837420463562
0.12594951689243317
0.16195166110992432
0.16076147556304932
0.24519972503185272
0.3383617699146271
0.14164280891418457
0.08222115784883499
0.24271027743816376
0.2851925194263458
0.19285383820533752
0.06916990131139755
0.18006892502307892
0.16099485754966736
0.1410859227180481
0.13961678743362427
0.17535699903964996
0.22672970592975616
0.16321881115436554
0.22685517370700836
0.16290301084518433
0.12684690952301025
0.24078182876110077
0.09754252433776855
0.0685734897851944
0.09006204456090927
0.10643044114112854
0.17781789600849152
0.1408262848854065
0.15713530778884888
0.04743940383195877
0.1363496333360672
0.17039205133914948
0.17204388976097107
0.1473367065191269
0.1953321397304535
0.13999290764331818
0.27454081177711487
0.27637529373168945
0.13081765174865723
0.06578203290700912
0.09428372979164124
0.10993942618370056
0.13561905920505524
0.1587613970041275
0.16595031321048737
0.0894693061709404
0.3386423587799072
0.06453067064285278
0.219612717628479
0.15766218304634094
0.15101991593837738
0.3711666166782379
0.12980854511260986
0.11041957139968872
0.08109311759471893
0.1805170625448227
0.17040514945983887
0.19627271592617035
0.08548121154308319
0.2481788992881775
0.22763316333293915
0.19683097302913666
0.11525178700685501
0.28102347254753113
0.08725179731845856
0.2092410922050476
0.1902942806482315
0.12145125865936279
0.2991693317890167
0.33384132385253906
0.2641342282295227
0.11502619832754135
0.11307837814092636
0.22603827714920044
0.14898709952831268
0.168626606464386
0.3005678653717041
0.12081112712621689
0.1194230392575264
0.060403045266866684
0.1602599322795868
0.09725380688905716
0.1848990023136139
0.2489175796508789
0.16772663593292236
0.1563008576631546
0.17178194224834442
0.0838141217827797
0.1425444483757019
0.07600616663694382
0.09568867087364197
0.34621408581733704
0.14512139558792114
0.05320717766880989
0.24871641397476196
0.09246579557657242
0.13289618492126465
0.09186836332082748
0.31449875235557556
0.1517753154039383
0.162619948387146
0.1910940557718277
0.1057155579328537
0.22633537650108337
0.0489695742726326
0.19760355353355408
0.27835211157798767
0.1664082109928131
0.136922225356102
0.20332419872283936
0.1684204638004303
0.07930516451597214
0.094841368496418
0.12251397222280502
0.10008101910352707
0.12505832314491272
0.2528347969055176
0.21643126010894775
0.20933349430561066
0.09123644977807999
0.08512210845947266
0.23768584430217743
0.17374253273010254
0.14245085418224335
0.18323276937007904
0.15896426141262054
0.1490567922592163
0.07424839586019516
0.25773563981056213
0.16727082431316376
0.2697436213493347
0.09951972216367722
0.07233845442533493
0.07379428297281265
0.14739850163459778
0.11947041749954224
0.26933395862579346
0.15483422577381134
0.08930328488349915
0.08854378014802933
0.21746250987052917
0.10416443645954132
0.09504710882902145
0.16560013592243195
0.15545585751533508
0.21475188434123993
0.16199789941310883
0.2749216556549072
0.11871490627527237
0.11290773749351501
0.04445059224963188
0.13119125366210938
0.09843401610851288
0.03107571229338646
0.05757255107164383
0.09783313423395157
0.13456158339977264
0.1812521070241928
0.07918655872344971
0.24118277430534363
0.25067153573036194
0.06800851970911026
0.1512640416622162
0.29209575057029724
0.04778692126274109
0.14434312283992767
0.19521833956241608
0.1667301207780838
0.057618919759988785
0.26524969935417175
0.05529085919260979
0.1380845010280609
0.1258089691400528
0.12904277443885803
0.21652767062187195
0.11662539839744568
0.17030617594718933
0.33954185247421265
0.3751099407672882
0.26406803727149963
0.21190188825130463
0.19538654386997223
0.12547990679740906
0.16360682249069214
0.10966237634420395
0.08117727190256119
0.1739424467086792
0.09919679164886475
0.18330052495002747
0.09804337471723557
0.10848836600780487
0.11693911254405975
0.1634398251771927
0.07986658066511154
0.20405010879039764
0.21148301661014557
0.10321342945098877
0.09974401444196701
0.3482344448566437
0.13223989307880402
0.07705762982368469
0.08308449387550354
0.1847582906484604
0.30316025018692017
0.15970222651958466
0.18359360098838806
0.12998364865779877
0.10156199336051941
0.16410934925079346
0.2733842432498932
0.2045964151620865
0.04620259255170822
0.3238575756549835
0.25213006138801575
0.3312739133834839
0.28386354446411133
0.28454625606536865
0.08577588945627213
0.10751340538263321
0.07882414758205414
0.2218632847070694
0.31071868538856506
0.11028647422790527
0.17092305421829224
0.2883969843387604
0.17870590090751648
0.10090765357017517
0.1697150617837906
0.20865163207054138
0.0616043284535408
0.1253402829170227
0.1010451391339302
0.03990474343299866
0.11413000524044037
0.0965099111199379
0.10578808188438416
0.29172444343566895
0.10663517564535141
0.1336348056793213
0.23921746015548706
0.10160031169652939
0.09283251315355301
0.0987759456038475
0.081071637570858
0.2850959002971649
0.2907598912715912
0.1555427610874176
0.22334682941436768
0.0636109933257103
0.07117026299238205
0.11924489587545395
0.2820449471473694
0.06915947794914246
0.19035190343856812
0.14263495802879333
0.23708434402942657
0.1325739026069641
0.1155584305524826
0.10233799368143082
0.15584658086299896
0.04707328602671623
0.2201850414276123
0.10721383988857269
0.19117021560668945
0.06653746217489243
0.12600715458393097
0.24287784099578857
0.07841901481151581
0.12761710584163666
0.19067838788032532
0.12022708356380463
0.14107505977153778
0.2414630949497223
0.09939605742692947
0.13557754456996918
0.12297423183917999
0.11511821299791336
0.08548097312450409
0.1989057958126068
0.16895420849323273
0.13074055314064026
0.0876859501004219
0.048859626054763794
0.15876315534114838
0.15627941489219666
0.20395883917808533
0.07976971566677094
0.1363527923822403
0.10786053538322449
0.20176653563976288
0.26622456312179565
0.10979331284761429
0.12782354652881622
0.03862156346440315
0.09925759583711624
0.12422986328601837
0.11320499330759048
0.21482577919960022
0.07171742618083954
0.10789205133914948
0.15737606585025787
0.18539302051067352
0.12926849722862244
0.07458700984716415
0.16043521463871002
0.1590421497821808
0.24212408065795898
0.21873556077480316
0.06400167942047119
0.10099709779024124
0.05657227337360382
0.06004397198557854
0.14036984741687775
0.14489072561264038
0.25837188959121704
0.04878699779510498
0.05172653868794441
0.33583834767341614
0.2846556603908539
0.1509128361940384
0.14610004425048828
0.08127095550298691
0.10834578424692154
0.10170763731002808
0.19585902988910675
0.08089617639780045
0.12474578619003296
0.1478395164012909
0.20287512242794037
0.15720616281032562
0.13997909426689148
0.12204654514789581
0.33022499084472656
0.0960368737578392
0.37435340881347656
0.1272316873073578
0.16011643409729004
0.06336497515439987
0.1481226682662964
0.07638713717460632
0.14152175188064575
0.2905197739601135
0.14890305697917938
0.3371298015117645
0.27129510045051575
0.1468277871608734
0.17434369027614594
0.11410051584243774
0.2126649171113968
0.1831214725971222
0.05296313017606735
0.16807375848293304
0.25110724568367004
0.0967029556632042
0.07996067404747009
0.07769233733415604
0.06612879782915115
0.06723557412624359
0.09809114038944244
0.06562843918800354
0.08412855863571167
0.16274800896644592
0.06579028815031052
0.14865395426750183
0.12334064394235611
0.3023155629634857
0.190085768699646
0.09723753482103348
0.11685734242200851
0.2384713739156723
0.11360153555870056
0.2054280787706375
0.07620853185653687
0.19402681291103363
0.12636332213878632
0.17167124152183533
0.1545810103416443
0.05205724015831947
0.07971857488155365
0.20950834453105927
0.09287159889936447
0.10675571113824844
0.2018384337425232
0.0830690786242485
0.108875572681427
0.07855425029993057
0.07927165925502777
0.21527142822742462
0.06528761982917786
0.0629936084151268
0.2355954349040985
0.09708563983440399
0.08869486302137375
0.2131439596414566
0.15749096870422363
0.2109253704547882
0.13416357338428497
0.052770428359508514
0.12822845578193665
0.32227692008018494
0.19962815940380096
0.14973025023937225
0.14010605216026306
0.20491917431354523
0.19682848453521729
0.08244553953409195
0.31012043356895447
0.23340773582458496
0.19046762585639954
0.1423831731081009
0.10203707218170166
0.3230315148830414
0.3670025169849396
0.1540558934211731
0.13614031672477722
0.08550907671451569
0.11255239695310593
0.09834405779838562
0.10801438987255096
0.17736490070819855
0.05396612361073494
0.1345691680908203
0.05896952748298645
0.07977572828531265
0.1880832463502884
0.0842542052268982
0.167819082736969
0.33481156826019287
0.028708793222904205
0.13074594736099243
0.09029123932123184
0.0698186457157135
0.21502012014389038
0.09142164140939713
0.12420056015253067
0.17233973741531372
0.13039276003837585
0.24694980680942535
0.11338520795106888
0.02755267173051834
0.1943807154893875
0.17744071781635284
0.1510493904352188
0.18741880357265472
0.15842647850513458
0.11261364072561264
0.060842327773571014
0.038888782262802124
0.10607309639453888
0.19507870078086853
0.2136894017457962
0.09983901679515839
0.21511238813400269
0.09461712092161179
0.1327309012413025
0.05228471755981445
0.16192016005516052
0.0521259531378746
0.4127419590950012
0.07161290943622589
0.22662325203418732
0.1608765870332718
0.10575646907091141
0.04834325611591339
0.08776731789112091
0.13774578273296356
0.07342321425676346
0.29362261295318604
0.04946591332554817
0.15524834394454956
0.1431064009666443
0.09542278200387955
0.04149579256772995
0.0871770977973938
0.07062426209449768
0.14383798837661743
0.09088395535945892
0.09425543248653412
0.09336012601852417
0.09816817939281464
0.07869628071784973
0.10364583134651184
0.16129346191883087
0.22097600996494293
0.1795002818107605
0.19396156072616577
0.0916578397154808
0.07776156067848206
0.11502736806869507
0.15345783531665802
0.18376100063323975
0.14585472643375397
0.31299853324890137
0.17604361474514008
0.10379119962453842
0.0491827018558979
0.07467596977949142
0.2226056605577469
0.19519680738449097
0.14241480827331543
0.2859191298484802
0.10499434918165207
0.06700659543275833
0.1873091757297516
0.23894613981246948
0.1466447412967682
0.37283530831336975
0.2778523862361908
0.15173758566379547
0.14047542214393616
0.11621703952550888
0.13711820542812347
0.05841377377510071
0.058425936847925186
0.14329087734222412
0.12206347286701202
0.2281172275543213
0.07509764283895493
0.11662917584180832
0.09125860780477524
0.2517586350440979
0.08896967023611069
0.10756871849298477
0.16375292837619781
0.1267610639333725
0.2460852712392807
0.11341356486082077
0.11557997763156891
0.09630508720874786
0.18690185248851776
0.13150139153003693
0.06918814033269882
0.10852713137865067
0.10016607493162155
0.20804236829280853
0.0746384859085083
0.24181440472602844
0.04465964809060097
0.1831914782524109
0.2336239367723465
0.10070306062698364
0.09239093214273453
0.13951201736927032
0.3815537393093109
0.13022783398628235
0.18754392862319946
0.1603153645992279
0.18452617526054382
0.138582244515419
0.1470193862915039
0.07626628130674362
0.14960946142673492
0.1943080574274063
0.10107315331697464
0.09413495659828186
0.079398512840271
0.1698438972234726
0.13286110758781433
0.2708342969417572
0.09649200737476349
0.13124693930149078
0.06828884035348892
0.11712417006492615
0.12303844839334488
0.03929530829191208
0.07373691350221634
0.13123397529125214
0.13059990108013153
0.09355015307664871
0.10499405860900879
0.20698381960391998
0.19986367225646973
0.16069912910461426
0.1039617508649826
0.17262622714042664
0.10548118501901627
0.08285117894411087
0.12334155291318893
0.0597236230969429
0.25603798031806946
0.21367819607257843
0.11790275573730469
0.2437814623117447
0.07708548754453659
0.13067230582237244
0.24111488461494446
0.093869149684906
0.21794547140598297
0.14463919401168823
0.1940872222185135
0.08047264069318771
0.08477050065994263
0.04155733436346054
0.2011621743440628
0.15939287841320038
0.09471073001623154
0.08762925863265991
0.13515086472034454
0.15752734243869781
0.29593583941459656
0.08609667420387268
0.13634775578975677
0.21092389523983002
0.18320994079113007
0.1258658617734909
0.11563143879175186
0.1957632154226303
0.20417934656143188
0.0403231680393219
0.0954018160700798
0.20770812034606934
0.17410899698734283
0.10265291482210159
0.23086382448673248
0.2110578417778015
0.08029747009277344
0.10399775952100754
0.1830320656299591
0.07292698323726654
0.1717112511396408
0.13337954878807068
0.09639766067266464
0.22874775528907776
0.033830977976322174
0.16494497656822205
0.1899692714214325
0.2855082154273987
0.06763889640569687
0.08099836111068726
0.09239658713340759
0.18310275673866272
0.07860415428876877
0.16565312445163727
0.05844196677207947
0.07638522982597351
0.17537406086921692
0.07475107908248901
0.05219314619898796
0.1590689867734909
0.16057029366493225
0.18558920919895172
0.12674066424369812
0.2300586849451065
0.10608702152967453
0.08035203814506531
0.26087838411331177
0.2719862759113312
0.18213467299938202
0.13062062859535217
0.26743897795677185
0.08936989307403564
0.1746317446231842
0.07496104389429092
0.08949412405490875
0.05202138423919678
0.1646677404642105
0.06110503897070885
0.08107277005910873
0.10579680651426315
0.2570895552635193
0.22754889726638794
0.1280408650636673
0.17802177369594574
0.09414509683847427
0.082807756960392
0.09470050781965256
0.1816541850566864
0.11338876187801361
0.1600549817085266
0.08758635073900223
0.059458475559949875
0.12456129491329193
0.11667287349700928
0.047028798609972
0.04402269423007965
0.05516967177391052
0.21697910130023956
0.1487036645412445
0.05526326224207878
0.17646068334579468
0.1497623473405838
0.10824528336524963
0.18203237652778625
0.22570708394050598
0.0653286725282669
0.07271115481853485
0.22758424282073975
0.1903260499238968
0.049151159822940826
0.06967800110578537
0.11104796826839447
0.1228993758559227
0.1590372771024704
0.1736617088317871
0.14588060975074768
0.20488964021205902
0.14384374022483826
0.1685526818037033
0.09812759608030319
0.08631700277328491
0.11633472889661789
0.2226095348596573
0.1372458040714264
0.10437130928039551
0.09237112104892731
0.11826667934656143
0.15500035881996155
0.09472557157278061
0.09975586086511612
0.13934798538684845
0.06190331280231476
0.1062745526432991
0.0377504900097847
0.25277912616729736
0.20502294600009918
0.12778334319591522
0.11470978707075119
0.05813642218708992
0.12381676584482193
0.20119708776474
0.12821660935878754
0.038074836134910583
0.15706904232501984
0.0631900280714035
0.06657620519399643
0.2074151337146759
0.26112937927246094
0.20564807951450348
0.1799972653388977
0.2865908145904541
0.0744057446718216
0.06451788544654846
0.13085782527923584
0.1625668704509735
0.04766975715756416
0.049087073653936386
0.28639474511146545
0.11849411576986313
0.25620755553245544
0.1071019396185875
0.19836291670799255
0.11790887266397476
0.23691540956497192
0.2736726999282837
0.1958485096693039
0.3236885964870453
0.11931601911783218
0.1298612803220749
0.37061071395874023
0.16511431336402893
0.0958731546998024
0.12159207463264465
0.05049760639667511
0.14486075937747955
0.21451330184936523
0.051144249737262726
0.09316431730985641
0.08273666352033615
0.08849308639764786
0.05366090312600136
0.059599850326776505
0.15812067687511444
0.2396194338798523
0.16063931584358215
0.06971599906682968
0.23159915208816528
0.08801072835922241
0.08970066159963608
0.09730833023786545
0.22833351790905
0.3140619993209839
0.19037893414497375
0.04444063454866409
0.17180834710597992
0.08659162372350693
0.15864808857440948
0.08615519851446152
0.12321316450834274
0.07976503670215607
0.08888483047485352
0.0976267009973526
0.18479807674884796
0.043475985527038574
0.16986580193042755
0.1606500744819641
0.15571258962154388
0.20301657915115356
0.12323541194200516
0.11718782037496567
0.16714096069335938
0.16388417780399323
0.06637274473905563
0.09310302138328552
0.2695894241333008
0.2200486660003662
0.1434575468301773
0.21313893795013428
0.06278114020824432
0.08282167464494705
0.10830751061439514
0.1130637526512146
0.0502421073615551
0.16096699237823486
0.0336233414709568
0.10540813207626343
0.29675984382629395
0.12495747208595276
0.21386493742465973
0.07884879410266876
0.2503167986869812
0.22987043857574463
0.15127766132354736
0.23535791039466858
0.04806560277938843
0.09374941140413284
0.10304585099220276
0.2908077538013458
0.08643170446157455
0.09344154596328735
0.09742018580436707
0.28368017077445984
0.1060473695397377
0.07947134971618652
0.08833085745573044
0.18679127097129822
0.12372469902038574
0.10052738338708878
0.08779674023389816
0.05147066339850426
0.16324366629123688
0.07722822576761246
0.037112582474946976
0.20216628909111023
0.11031676083803177
0.0981709361076355
0.15974585711956024
0.12317877262830734
0.14944586157798767
0.16669070720672607
0.2270030975341797
0.16071569919586182
0.37259942293167114
0.032144658267498016
0.0733327642083168
0.08597248047590256
0.16312433779239655
0.18301302194595337
0.21856826543807983
0.10381360352039337
0.08765110373497009
0.057192374020814896
0.0682612955570221
0.14424878358840942
0.09991016238927841
0.0459153838455677
0.07532592862844467
0.13770189881324768
0.2276536077260971
0.10293214023113251
0.12014073133468628
0.12903456389904022
0.06788909435272217
0.045248813927173615
0.09095218777656555
0.2548898458480835
0.234432190656662
0.11091750860214233
0.0834280252456665
0.11023452132940292
0.37975752353668213
0.04895249754190445
0.14595158398151398
0.090177521109581
0.2106739580631256
0.09459225088357925
0.18434610962867737
0.13881710171699524
0.17005278170108795
0.05796149745583534
0.3066105842590332
0.155649334192276
0.2857531011104584
0.27162906527519226
0.06261830031871796
0.11337440460920334
0.16425424814224243
0.2528088390827179
0.05197098106145859
0.10732175409793854
0.09213308990001678
0.15248729288578033
0.13116271793842316
0.07108607888221741
