0.18204784393310547
0.24674572050571442
0.09706639498472214
0.06396970897912979
0.0810382217168808
0.1232205182313919
0.0718790739774704
0.10836449265480042
0.047189339995384216
0.02243328094482422
0.16729754209518433
0.18484808504581451
0.12526172399520874
0.11501975357532501
0.1754167228937149
0.12080121040344238
0.15583229064941406
0.06060997396707535
0.1082788035273552
0.05718811973929405
0.12744969129562378
0.08245249092578888
0.110679030418396
0.07589808851480484
0.10585562884807587
0.03885650634765625
0.07483137398958206
0.03548210859298706
0.13366879522800446
0.21513333916664124
0.09951820969581604
0.22280122339725494
0.10479583591222763
0.02804023027420044
0.21745170652866364
0.12136701494455338
0.11506124585866928
0.06516490876674652
0.0931459590792656
0.10673624277114868
0.09366786479949951
0.12129341065883636
0.03390815481543541
0.07247303426265717
0.07039547711610794
0.18521463871002197
0.07572055608034134
0.139187753200531
0.059104789048433304
0.12840567529201508
0.05268803611397743
0.15609918534755707
0.08484436571598053
0.0647546723484993
0.19547821581363678
0.23210860788822174
0.30265846848487854
0.07057742774486542
0.10446304827928543
0.054650671780109406
0.06086616963148117
0.09911756217479706
0.039288442581892014
0.14918948709964752
0.15264125168323517
0.0581587553024292
0.05633237212896347
0.14102163910865784
0.09146510064601898
0.09081462025642395
0.5044145584106445
0.039592087268829346
0.14876827597618103
0.15009264647960663
0.1683465838432312
0.20764309167861938
0.11053060740232468
0.17177420854568481
0.033644020557403564
0.11963413655757904
0.02973298169672489
0.0757983922958374
0.0765724703669548
0.21273188292980194
0.09248900413513184
0.04188842326402664
0.06366293877363205
0.10350159555673599
0.10628446191549301
0.0810173898935318
0.05720527097582817
0.0802031010389328
0.20097455382347107
0.08600350469350815
0.10432449728250504
0.09701035171747208
0.11784448474645615
0.09912300109863281
0.1271594613790512
0.3119686543941498
0.23891083896160126
0.07032960653305054
0.3648703098297119
0.10025500506162643
0.18909679353237152
0.08947478979825974
0.05873381346464157
0.07503273338079453
0.0837922990322113
0.023353595286607742
0.13925576210021973
0.0939314216375351
0.03732544928789139
0.05038265511393547
0.18630872666835785
0.12030798941850662
0.1334616243839264
0.09217149019241333
0.15938088297843933
0.04805231839418411
0.1251928210258484
0.08357914537191391
0.09860020875930786
0.1327110081911087
0.05106394737958908
0.15249933302402496
0.07373850047588348
0.06998784840106964
0.03648572042584419
0.05554986000061035
0.18605700135231018
0.32026979327201843
0.1521337777376175
0.09382041543722153
0.0680728331208229
0.07755640894174576
0.08171351253986359
0.05828753858804703
0.11258559674024582
0.09196916967630386
0.11265529692173004
0.06015852093696594
0.13299132883548737
0.08837629109621048
0.08629657328128815
0.01784536987543106
0.028486406430602074
0.10468357056379318
0.11999919265508652
0.07549549639225006
0.14678709208965302
0.016004372388124466
0.05091452598571777
0.0546216182410717
0.06427188962697983
0.07793743163347244
0.09281496703624725
0.21575909852981567
0.0351194329559803
0.03978051617741585
0.17193569242954254
0.12017438560724258
0.20363089442253113
0.18475709855556488
0.13416892290115356
0.10843595862388611
0.052449069917201996
0.12170236557722092
0.08233412355184555
0.20612771809101105
0.07662714272737503
0.07744517922401428
0.011100690811872482
0.08153378218412399
0.14951388537883759
0.14337827265262604
0.0396595224738121
0.11665062606334686
0.03558335453271866
0.07707682996988297
0.076644666492939
0.2620575428009033
0.04967612400650978
0.12900429964065552
0.2574109137058258
0.15322241187095642
0.3965005576610565
0.08518863469362259
0.09460326284170151
0.06374037265777588
0.16201163828372955
0.1913311779499054
0.12125329673290253
0.13701820373535156
0.0776928961277008
0.2320445030927658
0.051873479038476944
0.0899466946721077
0.057057734578847885
0.055027276277542114
0.11565341055393219
0.09324655681848526
0.15377795696258545
0.1780063360929489
0.054843828082084656
0.09783528745174408
0.13304203748703003
0.0729093849658966
0.1418519765138626
0.2209347039461136
0.09412556141614914
0.16214051842689514
0.1264411211013794
0.12887577712535858
0.17266510426998138
0.04399373009800911
0.07451943308115005
0.18245011568069458
0.09609665721654892
0.10570086538791656
0.14682547748088837
0.06782326847314835
0.07641799747943878
0.06731289625167847
0.09128788113594055
0.12206079065799713
0.10151203721761703
0.08307762444019318
0.2298865020275116
0.147016704082489
0.12795446813106537
0.109762042760849
0.08980946987867355
0.1516333967447281
0.28555262088775635
0.1360408067703247
0.07187862694263458
0.05562384054064751
0.08956650644540787
0.02127670682966709
0.0596797838807106
0.2171933650970459
0.08213527500629425
0.17569202184677124
0.12739169597625732
0.10621830075979233
0.02841365709900856
0.1785411536693573
0.08452648669481277
0.08683645725250244
0.16905763745307922
0.05615038424730301
0.09487835317850113
0.15980952978134155
0.08561443537473679
0.0305947158485651
0.08733884245157242
0.12894508242607117
0.27952542901039124
0.0539444237947464
0.140206977725029
0.06671467423439026
0.08429345488548279
0.08853542059659958
0.07066702842712402
0.14480239152908325
0.07860435545444489
0.1375517100095749
0.12652207911014557
0.1434713900089264
0.18669985234737396
0.0757538303732872
0.10631760954856873
0.06150314211845398
0.08176454901695251
0.11830751597881317
0.12356791645288467
0.23905229568481445
0.27326905727386475
0.1319805532693863
0.0860910564661026
0.05640321597456932
0.20878098905086517
0.14214223623275757
0.21594887971878052
0.07652852684259415
0.13367894291877747
0.10526533424854279
0.12895558774471283
0.10516563057899475
0.17822308838367462
0.26336079835891724
0.05661539360880852
0.04176449775695801
0.1629595011472702
0.15553465485572815
0.11514247953891754
0.06862415373325348
0.14255227148532867
0.11251767724752426
0.05305621027946472
0.04542343690991402
0.0740337073802948
0.13718841969966888
0.03648849204182625
0.1603609323501587
0.07293061912059784
0.044583044946193695
0.10284280776977539
0.06538325548171997
0.07200029492378235
0.06371966004371643
0.07676462084054947
0.13623875379562378
0.16375420987606049
0.10101604461669922
0.09546719491481781
0.03225245326757431
0.01747306063771248
0.09662938863039017
0.03986821323633194
0.14072173833847046
0.06481821089982986
0.09319905191659927
0.27980607748031616
0.1875007152557373
0.18135598301887512
0.047969937324523926
0.10537315160036087
0.19391518831253052
0.12577924132347107
0.08344808220863342
0.09535957872867584
0.04814751818776131
0.09327348321676254
0.24738925695419312
0.4524920582771301
0.1335001438856125
0.39263099431991577
0.03278493508696556
0.1914740949869156
0.05722389742732048
0.1796921044588089
0.039621081203222275
0.04032696411013603
0.10343451052904129
0.021866533905267715
0.07824263721704483
0.06530182808637619
0.07902108877897263
0.21007075905799866
0.19045458734035492
0.03374277055263519
0.056214358657598495
0.048491209745407104
0.02427329495549202
0.09739242494106293
0.09950849413871765
0.05158241093158722
0.02757539413869381
0.1366639882326126
0.14847049117088318
0.059231095016002655
0.03884958103299141
0.10394760966300964
0.11552846431732178
0.15238910913467407
0.03758992627263069
0.17524351179599762
0.0897672101855278
0.11462388932704926
0.10088380426168442
0.09809283912181854
0.021370140835642815
0.05923696234822273
0.017068644985556602
0.17858389019966125
0.18713127076625824
0.06411676853895187
0.06046389043331146
0.02200801484286785
0.06526938080787659
0.08280516415834427
0.18950876593589783
0.048691678792238235
0.08038162440061569
0.07630772888660431
0.19185610115528107
0.045592255890369415
0.06503076106309891
0.21515057981014252
0.19107580184936523
0.07524306327104568
0.07209748774766922
0.12038064002990723
0.31212106347084045
0.16718997061252594
0.2012399584054947
0.13800249993801117
0.03174417093396187
0.07573792338371277
0.14162322878837585
0.13902868330478668
0.294117271900177
0.16518151760101318
0.16322433948516846
0.10705310851335526
0.09790089726448059
0.22590529918670654
0.07038310170173645
0.24077613651752472
0.17985038459300995
0.1485964059829712
0.1441914588212967
0.10010777413845062
0.0877804234623909
0.10923130065202713
0.11277345567941666
0.10330555588006973
0.0340978279709816
0.2934083044528961
0.041734613478183746
0.043582428246736526
0.13341841101646423
0.20098605751991272
0.20457153022289276
0.1349545568227768
0.10658267140388489
0.15567095577716827
0.03616269677877426
0.15828798711299896
0.0537705272436142
0.06252415478229523
0.15484166145324707
0.20752286911010742
0.07217737287282944
0.28346964716911316
0.2479701042175293
0.14760880172252655
0.19892629981040955
0.0468863844871521
0.1354088932275772
0.11645731329917908
0.11144158244132996
0.05816429853439331
0.04622604697942734
0.12386573106050491
0.15234984457492828
0.052079059183597565
0.05485762283205986
0.11407876759767532
0.06095509231090546
0.2508387565612793
0.15853121876716614
0.10422933846712112
0.20265507698059082
0.08253367990255356
0.05301302671432495
0.15296725928783417
0.1107514426112175
0.07177766412496567
0.11728563904762268
0.1014094278216362
0.0811774954199791
0.17268215119838715
0.059903308749198914
0.14741547405719757
0.08019454032182693
0.026858873665332794
0.11359357088804245
0.17878462374210358
0.0750996321439743
0.017312899231910706
0.18086671829223633
0.10063255578279495
0.015155707485973835
0.03897480666637421
0.11483610421419144
0.06537863612174988
0.1943991482257843
0.12608467042446136
0.19253966212272644
0.18122819066047668
0.06149009242653847
0.1639590710401535
0.1635967344045639
0.18183907866477966
0.14075115323066711
0.08409193158149719
0.07084828615188599
0.01716695725917816
0.10949725657701492
0.19345153868198395
0.09490019083023071
0.1956862360239029
0.12653748691082
0.1053626537322998
0.1897333413362503
0.09366250783205032
0.10253356397151947
0.17388279736042023
0.051083534955978394
0.09538989514112473
0.07769980281591415
0.09590736031532288
0.07868790626525879
0.12036468088626862
0.15439745783805847
0.14293338358402252
0.12985195219516754
0.099125936627388
0.028097137808799744
0.15338285267353058
0.040362343192100525
0.09732654690742493
0.15451809763908386
0.07462205737829208
0.15265460312366486
0.07159195840358734
0.3498077094554901
0.052067119628190994
0.04086128994822502
0.05146797001361847
0.07538946717977524
0.04126695170998573
0.0918775424361229
0.08481964468955994
0.07369547337293625
0.11522282660007477
0.07231036573648453
0.0964006558060646
0.1293303221464157
0.09036687761545181
0.10976632684469223
0.061970144510269165
0.1904318779706955
0.035693686455488205
0.22242359817028046
0.18849024176597595
0.08585507422685623
0.061819836497306824
0.0814945250749588
0.04485354945063591
0.19177180528640747
0.08915585279464722
0.06607265025377274
0.12042776495218277
0.17550873756408691
0.11695658415555954
0.15993249416351318
0.04943313077092171
0.15253879129886627
0.12333507090806961
0.08056028187274933
0.0469394326210022
0.18822143971920013
0.032614171504974365
0.05610458925366402
0.10730750858783722
0.05395958200097084
0.09001734852790833
0.07587014138698578
0.15185807645320892
0.13747256994247437
0.08445955812931061
0.11639175564050674
0.2101166695356369
0.19637875258922577
0.20034201443195343
0.11008016765117645
0.05095050111413002
0.234144389629364
0.20236362516880035
0.12496475130319595
0.06567738205194473
0.144368514418602
0.0855046883225441
0.28136366605758667
0.14528171718120575
0.24206309020519257
0.10715837776660919
0.08088216930627823
0.0695863738656044
0.18624438345432281
0.039867036044597626
0.04902046173810959
0.06949856132268906
0.15223807096481323
0.14250800013542175
0.08267151564359665
0.07270483672618866
0.06917422264814377
0.12194210290908813
0.15312790870666504
0.07616662979125977
0.14467357099056244
0.21904902160167694
0.08939500153064728
0.012849755585193634
0.16342201828956604
0.05809241533279419
0.1362437605857849
0.18330009281635284
0.13652977347373962
0.04970105364918709
0.09928053617477417
0.05833029747009277
0.15934987366199493
0.058215297758579254
0.27398619055747986
0.09788504242897034
0.306378573179245
0.09465000033378601
0.10887031257152557
0.029311370104551315
0.040578171610832214
0.17517058551311493
0.06931928545236588
0.15319998562335968
0.11004580557346344
0.10727789252996445
0.008498702198266983
0.16346468031406403
0.0952337384223938
0.05850924178957939
0.09036671370267868
0.09519126266241074
0.05435112491250038
0.1661507487297058
0.14184559881687164
0.03707701340317726
0.05223437398672104
0.0966607853770256
0.08896006643772125
0.09874719381332397
0.048213131725788116
0.09382610768079758
0.1139594092965126
0.1144503727555275
0.14697584509849548
0.07672543823719025
0.04931355267763138
0.11858831346035004
0.19575728476047516
0.11400872468948364
0.06308314949274063
0.18605172634124756
0.06638751178979874
0.1672016978263855
0.04328969493508339
0.0822276845574379
0.1376972645521164
0.18266886472702026
0.11512965708971024
0.1405237913131714
0.0954832136631012
0.10492812842130661
0.08475812524557114
0.03742210566997528
0.25634774565696716
0.08673223108053207
0.0902942568063736
0.037896379828453064
0.04788396134972572
0.07025843858718872
0.010665788315236568
0.08123297244310379
0.12139396369457245
0.15784427523612976
0.16531288623809814
0.13332794606685638
0.04248955845832825
0.3217847943305969
0.24538980424404144
0.078738734126091
0.18107257783412933
0.07721047103404999
0.033229582011699677
0.05129912868142128
0.24655772745609283
0.25115281343460083
0.22934380173683167
0.14308330416679382
0.18399885296821594
0.04310270771384239
0.10343500971794128
0.05283913388848305
0.060615308582782745
0.06794166564941406
0.18475624918937683
0.10378440469503403
0.11908993870019913
0.07755258679389954
0.09896902740001678
0.25298643112182617
0.061292704194784164
0.14039501547813416
0.15651655197143555
0.1386064887046814
0.14333724975585938
0.07146111875772476
0.11690092086791992
0.19964922964572906
0.08696214109659195
0.0334739163517952
0.13654513657093048
0.1746499389410019
0.23161573708057404
0.15573692321777344
0.16699710488319397
0.05443209037184715
0.23197302222251892
0.055653348565101624
0.1262589395046234
0.15796422958374023
0.10584204643964767
0.3149133324623108
0.08303986489772797
0.034773144870996475
0.13599245250225067
0.15068411827087402
0.10283868759870529
0.06111344322562218
0.18687006831169128
0.05999656021595001
0.0517556257545948
0.09091375768184662
0.2142326831817627
0.13510023057460785
0.06324155628681183
0.08405417203903198
0.19468148052692413
0.24345776438713074
0.09930887818336487
0.04390754550695419
0.14234352111816406
0.18265429139137268
0.06860366463661194
0.30817294120788574
0.24848702549934387
0.020135847851634026
0.10312562435865402
0.16289880871772766
0.13786903023719788
0.06251224875450134
0.08455216884613037
0.09199145436286926
0.02617630921304226
0.12119880318641663
0.03021290712058544
0.03168102353811264
0.13442593812942505
0.05489593371748924
0.13378866016864777
0.17668874561786652
0.06710157543420792
0.2873818874359131
0.06200345605611801
0.1358598917722702
0.1342422515153885
0.07230042666196823
0.10328830033540726
0.0928570106625557
0.01879112236201763
0.13086450099945068
0.1095694899559021
0.1565985530614853
0.10297177731990814
0.03600696101784706
0.12475010752677917
0.0919443741440773
0.10738134384155273
0.06072331219911575
0.26667770743370056
0.06436527520418167
0.04026176407933235
0.09280999004840851
0.14709149301052094
0.15081138908863068
0.09945790469646454
0.14627887308597565
0.042310576885938644
0.08026102185249329
0.13145563006401062
0.08784741163253784
0.08392537385225296
0.13349591195583344
0.04397803917527199
0.15139277279376984
0.1929645836353302
0.09128275513648987
0.06328672915697098
0.0766294077038765
0.0671028420329094
0.10531117022037506
0.17068301141262054
0.10005128383636475
0.18902410566806793
0.14778943359851837
0.02999802492558956
0.058755483478307724
0.13727989792823792
0.035628896206617355
0.2543959319591522
0.2447727769613266
0.08833187818527222
0.15496636927127838
0.0342024490237236
0.07559282332658768
0.10638230293989182
0.0736049935221672
0.10675216466188431
0.06984593719244003
0.09216053038835526
0.11053427308797836
0.08882084488868713
0.1815440058708191
0.28041261434555054
0.1345604509115219
0.19579465687274933
0.07628308981657028
0.11737078428268433
0.03422197327017784
0.10101921856403351
0.28685852885246277
0.08730021119117737
0.05694174766540527
0.11148083955049515
0.04076665639877319
0.11340915411710739
0.15252725780010223
0.026951799169182777
0.14411872625350952
0.054459478706121445
0.1492377072572708
0.1361934244632721
0.07406097650527954
0.1496160328388214
0.09429654479026794
0.07652413100004196
0.22577403485774994
0.17266236245632172
0.12196557968854904
0.21524251997470856
0.11405383795499802
0.2599601745605469
0.03732732683420181
0.1789664626121521
0.05352835729718208
0.1862497180700302
0.21168330311775208
0.07999595254659653
0.0837743878364563
0.06868430227041245
0.10505495220422745
0.2327231615781784
0.05398938059806824
0.07592257857322693
0.13235484063625336
0.1131066381931305
0.11333321034908295
0.025276901200413704
0.1302906572818756
0.12682057917118073
0.05326389893889427
0.05926677957177162
0.061728909611701965
0.10432405024766922
0.11131955683231354
0.11205856502056122
0.19963186979293823
0.06336918473243713
0.01745302602648735
0.11169945448637009
0.07479603588581085
0.04292074963450432
0.04409315437078476
0.18366362154483795
0.22909606993198395
0.08335170149803162
0.09353609383106232
0.057041943073272705
0.060063622891902924
0.02991589531302452
0.1013314500451088
0.15399636328220367
0.09171991795301437
0.14904837310314178
0.05609869956970215
0.11853682994842529
0.05572870001196861
0.05808006972074509
0.09245249629020691
0.01597791537642479
0.08126873522996902
0.13680753111839294
0.06702560186386108
0.07175034284591675
0.11398259550333023
0.10292023420333862
0.08090145140886307
0.11198575794696808
0.07764127105474472
0.1036991998553276
0.06777919828891754
0.10307572782039642
0.13953571021556854
0.09292582422494888
0.061032380908727646
0.05431129410862923
0.05437736213207245
0.08405213057994843
0.02099727652966976
0.03671569004654884
0.01610698737204075
0.033731479197740555
0.14679263532161713
0.07739532738924026
0.12959641218185425
0.07045404613018036
0.049972377717494965
0.06995424628257751
0.1484103798866272
0.01701793633401394
0.12783077359199524
0.1269918829202652
0.24476370215415955
0.0879705548286438
0.11695123463869095
0.08827390521764755
0.09382973611354828
0.26374009251594543
0.10878007858991623
0.013091836124658585
0.23435743153095245
0.009931717067956924
0.10469727218151093
0.12032103538513184
0.17479528486728668
0.020609145984053612
