0.04856935888528824
0.08576898276805878
0.09067367017269135
0.09859049320220947
0.09761270135641098
0.21893425285816193
0.040123023092746735
0.06840647011995316
0.02986004948616028
0.060399189591407776
0.03606616333127022
0.07189960777759552
0.09127870202064514
0.03215913474559784
0.12453309446573257
0.16579195857048035
0.025629587471485138
0.09344171732664108
0.021609142422676086
0.04888821020722389
0.27246761322021484
0.020060686394572258
0.09826299548149109
0.09482159465551376
0.022007958963513374
0.08440681546926498
0.23485277593135834
0.034646522253751755
0.1894933581352234
0.05891785770654678
0.13378284871578217
0.03789897263050079
0.0816531702876091
0.06664558500051498
0.07506600767374039
0.059165988117456436
0.07256012409925461
0.058915574103593826
0.060555145144462585
0.07428443431854248
0.126854807138443
0.039365917444229126
0.03451536223292351
0.19458796083927155
0.0345090851187706
0.11667565256357193
0.11732716858386993
0.09882545471191406
0.13618198037147522
0.060811061412096024
0.06390432268381119
0.014705799520015717
0.051240112632513046
0.16943293809890747
0.050656888633966446
0.11814681440591812
0.09712716937065125
0.037816040217876434
0.40478482842445374
0.07720232009887695
0.04114076867699623
0.08139776438474655
0.07021401077508926
0.02536075934767723
0.06249228119850159
0.02390182949602604
0.03831374645233154
0.04150554910302162
0.1411939412355423
0.03710225969552994
0.09746455401182175
0.07910877466201782
0.028287215158343315
0.101728156208992
0.03522429242730141
0.12349486351013184
0.0552261546254158
0.07700677216053009
0.16995567083358765
0.031468357890844345
0.018520832061767578
0.029599353671073914
0.26742687821388245
0.07968176901340485
0.06782858818769455
0.07847537845373154
0.05903712660074234
0.05562402307987213
0.07377492636442184
0.055851373821496964
0.12309631705284119
0.050926245748996735
0.04445718601346016
0.03289787098765373
0.1834644377231598
0.026504775509238243
0.09864692389965057
0.09916620701551437
0.062466952949762344
0.1214696541428566
0.13573312759399414
0.07899479568004608
0.09495202451944351
0.03279649093747139
0.19378414750099182
0.027107302099466324
0.05122622475028038
0.08347781747579575
0.019693635404109955
0.15431295335292816
0.09738191962242126
0.18022461235523224
0.031454671174287796
0.027013063430786133
0.05250241979956627
0.0875513106584549
0.1676468700170517
0.1453351378440857
0.06259389966726303
0.05589936301112175
0.1648223102092743
0.020424792543053627
0.1579480767250061
0.15340355038642883
0.18462418019771576
0.0242864191532135
0.03508797287940979
0.1077166497707367
0.03500077873468399
0.04197416454553604
0.11875131726264954
0.0721273124217987
0.1420302391052246
0.07643551379442215
0.14516234397888184
0.04860977083444595
0.04022745415568352
0.1556878238916397
0.11662153154611588
0.07937722653150558
0.06780964881181717
0.11975833773612976
0.10279384255409241
0.04321470856666565
0.05437619611620903
0.27904027700424194
0.02829023078083992
0.04974082484841347
0.07544488459825516
0.04598762094974518
0.021603643894195557
0.05295852571725845
0.03720349073410034
0.030971968546509743
0.12760873138904572
0.18860261142253876
0.0841774269938469
0.08221644908189774
0.08662363141775131
0.12751483917236328
0.05157843977212906
0.02351592294871807
0.07209175825119019
0.053793687373399734
0.10768260061740875
0.05645284429192543
0.08746353536844254
0.0655730590224266
0.08088122308254242
0.08744992315769196
0.009232058189809322
0.10855245590209961
0.052910059690475464
0.07774735242128372
0.10553985834121704
0.07522433996200562
0.11084921658039093
0.08288632333278656
0.13423648476600647
0.08576329052448273
0.04230319708585739
0.10648475587368011
0.02812710776925087
0.07620570063591003
0.055815912783145905
0.0818847268819809
0.10894066095352173
0.11601652950048447
0.07773290574550629
0.012303365394473076
0.048572491854429245
0.11573905497789383
0.021677624434232712
0.1380910873413086
0.10840978473424911
0.08099877089262009
0.02928304672241211
0.08782821148633957
0.09717002511024475
0.07068958878517151
0.008720307610929012
0.035570912063121796
0.03405366092920303
0.05893146991729736
0.14802521467208862
0.3209694027900696
0.20600557327270508
0.023134782910346985
0.1369631439447403
0.07532559335231781
0.01860538311302662
0.08378268033266068
0.2884373962879181
0.12270210683345795
0.1490248739719391
0.08291328698396683
0.06024622544646263
0.03908577933907509
0.07519598305225372
0.03749077394604683
0.06710967421531677
0.07348700612783432
0.0262303426861763
0.12368102371692657
0.06419599056243896
0.24128210544586182
0.011894780211150646
0.08985061943531036
0.04681239649653435
0.1584853231906891
0.04797276854515076
0.10826979577541351
0.07167045027017593
0.20271877944469452
0.04468278959393501
0.07365665584802628
0.09948234260082245
0.025964027270674706
0.11026531457901001
0.056863002479076385
0.2536314129829407
0.09114047884941101
0.07214595377445221
0.07338978350162506
0.09344732761383057
0.057751476764678955
0.23035863041877747
0.02253594435751438
0.07439523190259933
0.08698388189077377
0.1303768754005432
0.0997387245297432
0.0966564193367958
0.11018536239862442
0.0841369479894638
0.08038106560707092
0.1360713392496109
0.05710228532552719
0.024163417518138885
0.14153751730918884
0.030573152005672455
0.1555803418159485
0.07577802985906601
0.07181211560964584
0.14640069007873535
0.07927760481834412
0.02735794521868229
0.20669624209403992
0.07747333496809006
0.10893195867538452
0.10971830040216446
0.09420643746852875
0.03713022917509079
0.10469448566436768
0.0818474143743515
0.10477139055728912
0.04594596102833748
0.08771200478076935
0.0523432195186615
0.015119442716240883
0.14506621658802032
0.12308357656002045
0.04157328978180885
0.022495197132229805
0.06335768103599548
0.16602101922035217
0.1867446005344391
0.04595005512237549
0.178822323679924
0.09181765466928482
0.11572413891553879
0.19638977944850922
0.01245454978197813
0.09252551198005676
0.051857516169548035
0.06536128371953964
0.0767517238855362
0.09289374202489853
0.06873869895935059
0.1225445419549942
0.04124607518315315
0.16024383902549744
0.031202083453536034
0.11572831124067307
0.07484806329011917
0.08547749370336533
0.1406307816505432
0.011380168609321117
0.06992638111114502
0.09599119424819946
0.1365988850593567
0.15399745106697083
0.048183225095272064
0.1246180608868599
0.02611722983419895
0.06049797311425209
0.19540207087993622
0.16932527720928192
0.0650663673877716
0.047690607607364655
0.08376822620630264
0.1601429134607315
0.05496881902217865
0.036252036690711975
0.02933415398001671
0.04337437078356743
0.08504035323858261
0.09636052697896957
0.04564939811825752
0.05958430841565132
0.120496466755867
0.13803574442863464
0.09688735753297806
0.03655802085995674
0.18194414675235748
0.22919675707817078
0.09455693513154984
0.022124938666820526
0.11142029613256454
0.03892916813492775
0.04934559389948845
0.0640900582075119
0.06704028695821762
0.028060130774974823
0.06616560369729996
0.011662035249173641
0.03448151424527168
0.04690423607826233
0.06235124543309212
0.10520748049020767
0.07120835036039352
0.04644804820418358
0.02739011123776436
0.0213190745562315
0.06956469267606735
0.1060132309794426
0.07123291492462158
0.17703349888324738
0.1419941782951355
0.13595807552337646
0.045989129692316055
0.020878689363598824
0.012781734578311443
0.03345828130841255
0.006756564602255821
0.06899616867303848
0.09353205561637878
0.07350650429725647
0.1173596903681755
0.0887792557477951
0.07135018706321716
0.04923049733042717
0.09878067672252655
0.0990300327539444
0.04548460617661476
0.04417034983634949
0.031681984663009644
0.0736173689365387
0.13380829989910126
0.05341428518295288
0.23525233566761017
0.14871960878372192
0.1612473875284195
0.038571279495954514
0.0359916165471077
0.055534783750772476
0.07622258365154266
0.023961089551448822
0.054263707250356674
0.027015697211027145
0.03037184476852417
0.14489535987377167
0.24225535988807678
0.07507742196321487
0.1540045142173767
0.08584102988243103
0.07100140303373337
0.07278696447610855
0.03850889205932617
0.11423284560441971
0.07013703137636185
0.17761357128620148
0.03184852749109268
0.08876999467611313
0.1260436624288559
0.01784728653728962
0.03177395835518837
0.11646862328052521
0.05064762383699417
0.03386031836271286
0.09991554915904999
0.09600915759801865
0.041063092648983
0.032352276146411896
0.03628133237361908
0.22197765111923218
0.07545468211174011
0.05235107243061066
0.1049146056175232
0.032762832939624786
0.17575660347938538
0.021965492516756058
0.06818507611751556
0.029804402962327003
0.05147545784711838
0.11855197697877884
0.057709187269210815
0.11541818827390671
0.07705392688512802
0.06095421314239502
0.07011973857879639
0.08425704389810562
0.015851128846406937
0.05590582266449928
0.03485434874892235
0.15140287578105927
0.0496857613325119
0.198617085814476
0.11569145321846008
0.15390834212303162
0.08201272785663605
0.06037398427724838
0.09116359800100327
0.18384221196174622
0.10867664963006973
0.037461791187524796
0.048986565321683884
0.22541217505931854
0.10322073101997375
0.09709089249372482
0.21439297497272491
0.08259306848049164
0.07505625486373901
0.035698167979717255
0.025899376720190048
0.18930256366729736
0.09199092537164688
0.10078969597816467
0.04494912549853325
0.06137301027774811
0.16595569252967834
0.045340411365032196
0.025786953046917915
0.07969916611909866
0.0888356864452362
0.09504004567861557
0.020078841596841812
0.12922418117523193
0.13141219317913055
0.05999410152435303
0.07610616832971573
0.06156431883573532
0.23943276703357697
0.13346096873283386
0.039604976773262024
0.11339699476957321
0.03322536125779152
0.14783108234405518
0.08074868470430374
0.0783691555261612
0.055293504148721695
0.030654622241854668
0.11735360324382782
0.0271495021879673
0.05859624966979027
0.14757919311523438
0.04723380506038666
0.05413873493671417
0.028956910595297813
0.03295685723423958
0.16883425414562225
0.0540904775261879
0.12062288075685501
0.1340903341770172
0.09825019538402557
0.0388091579079628
0.14882643520832062
0.017194310203194618
0.08349689841270447
0.09043673425912857
0.06296142190694809
0.08040943741798401
0.06592236459255219
0.20863640308380127
0.1678377091884613
0.022451529279351234
0.05109529197216034
0.05097582936286926
0.0802295133471489
0.019898278638720512
0.1484174132347107
0.04548872634768486
0.1520143449306488
0.03171568363904953
0.1091974601149559
0.06287992000579834
0.09709449857473373
0.09278423339128494
0.18046638369560242
0.0994725227355957
0.031303148716688156
0.034173328429460526
0.09931308776140213
0.03388146311044693
0.0499907024204731
0.13984732329845428
0.07825624942779541
0.15006831288337708
0.05833187326788902
0.025530017912387848
0.126755028963089
0.11309840530157089
0.22120343148708344
0.11246664822101593
0.09827567636966705
0.038150280714035034
0.1588035374879837
0.2493971437215805
0.10867375880479813
0.053884051740169525
0.08571001887321472
0.06443425267934799
0.07900287955999374
0.038763538002967834
0.03594774007797241
0.06819995492696762
0.08325938880443573
0.02695036306977272
0.03658830374479294
0.05565089359879494
0.04542568698525429
0.11727839708328247
0.09454493969678879
0.02528267726302147
0.09561994671821594
0.051858846098184586
0.04589454457163811
0.040906645357608795
0.1637764275074005
0.09096258878707886
0.03470673784613609
0.09544737637042999
0.21867477893829346
0.12237417697906494
0.06217510253190994
0.11520985513925552
0.029260529205203056
0.021869292482733727
0.06844548135995865
0.09204080700874329
0.043387521058321
0.11119421571493149
0.06776196509599686
0.0573606938123703
0.11713191866874695
0.07689587771892548
0.01970842480659485
0.06587250530719757
0.022465135902166367
0.13984505832195282
0.04606318101286888
0.11517833173274994
0.18002811074256897
0.14475786685943604
0.24232418835163116
0.038311827927827835
0.01840105839073658
0.16920001804828644
0.0737970694899559
0.037047021090984344
0.06215883046388626
0.09543558210134506
0.20443305373191833
0.03883402422070503
0.18827420473098755
0.05280056223273277
0.01775788888335228
0.1276523917913437
0.10735101997852325
0.10652981698513031
0.2651405334472656
0.0919041782617569
0.16100828349590302
0.23355725407600403
0.11784815043210983
0.06598782539367676
0.044325534254312515
0.03252103552222252
0.044320058077573776
0.22186706960201263
0.1363919973373413
0.16045507788658142
0.11753618717193604
0.12549327313899994
0.05088036507368088
0.2331118881702423
0.05308593064546585
0.060634128749370575
0.057117119431495667
0.1361055076122284
0.04543260112404823
0.035428356379270554
0.05039845407009125
0.17666004598140717
0.11788953095674515
0.022198233753442764
0.04127895459532738
0.08586523681879044
0.06521064043045044
0.11551560461521149
0.10692683607339859
0.04806441813707352
0.08187692612409592
0.06699866056442261
0.045467425137758255
0.0550958551466465
0.10407708585262299
0.05954797938466072
0.11354100704193115
0.0842261090874672
0.029003065079450607
0.016518592834472656
0.09791716933250427
0.08368750661611557
0.05014384537935257
0.08410905301570892
0.07715208828449249
0.14553681015968323
0.03447132930159569
0.07763940095901489
0.025667835026979446
0.14844007790088654
0.03771156072616577
0.05091088265180588
0.0700962021946907
0.11815939098596573
0.045998577028512955
0.035381980240345
0.08769936114549637
0.12669378519058228
0.044875919818878174
0.09617048501968384
0.10001332312822342
0.038551222532987595
0.03655203804373741
0.1272081881761551
0.1416212022304535
0.28056907653808594
0.06882601231336594
0.139386847615242
0.06041160598397255
0.03702250123023987
0.046488720923662186
0.10339350253343582
0.043691541999578476
0.04831874743103981
0.07226704806089401
0.041170794516801834
0.04002642259001732
0.03403514623641968
0.08137103915214539
0.028462177142500877
0.16638736426830292
0.16885055601596832
0.07963986694812775
0.06429799646139145
0.06953448057174683
0.1711580604314804
0.05245744436979294
0.02238827385008335
0.10704262554645538
0.13287442922592163
0.02933192253112793
0.02773834392428398
0.055469200015068054
0.09585174918174744
0.020576633512973785
0.14388039708137512
0.1624595671892166
0.07316705584526062
0.06701423227787018
0.08774475753307343
0.13777713477611542
0.06990625709295273
0.08123931288719177
0.06848802417516708
0.06654395908117294
0.05173969268798828
0.040131404995918274
0.20425240695476532
0.11887297034263611
0.2065567672252655
0.047488387674093246
0.1904246211051941
0.17728514969348907
0.037590667605400085
0.13825704157352448
0.05499597638845444
0.11597093194723129
0.112982377409935
0.06923377513885498
0.06251838803291321
0.03238566219806671
0.015232686884701252
0.06065827235579491
0.1199670359492302
0.06868132948875427
0.08341439068317413
0.026846200227737427
0.05689440667629242
0.1122155636548996
0.2211867868900299
0.06298225373029709
0.0933324545621872
0.11800417304039001
0.06879691779613495
0.07492529600858688
0.10362059623003006
0.20785699784755707
0.15456749498844147
0.030909284949302673
0.03756467625498772
0.04869909584522247
0.07370750606060028
0.12579414248466492
0.19032953679561615
0.022579213604331017
0.04101342707872391
0.029687058180570602
0.023845292627811432
0.06312981247901917
0.052059244364500046
0.13481740653514862
0.033781178295612335
0.05590101331472397
0.115413136780262
0.05155768617987633
0.026688095182180405
0.05529334396123886
0.04691589996218681
0.01341669075191021
0.024435419589281082
0.11934981495141983
0.19419659674167633
0.2322564721107483
0.03733652085065842
0.04472449794411659
0.09615503251552582
0.18933962285518646
0.19242528080940247
0.17883910238742828
0.13252107799053192
0.022417956963181496
0.11114751547574997
0.07371849566698074
0.09233838319778442
0.04981062561273575
0.03421254828572273
0.09139376133680344
0.07655516266822815
0.08075020462274551
0.03997136652469635
0.06732022017240524
0.12277021259069443
0.11451989412307739
0.01927999034523964
0.10158834606409073
0.12683920562267303
0.11550484597682953
0.05156710743904114
0.1201736181974411
0.04131981357932091
0.02259080298244953
0.0318647138774395
0.08462631702423096
0.10472460091114044
0.07560950517654419
0.08544948697090149
0.04796280711889267
0.021445132791996002
0.1168898493051529
0.044121067970991135
0.15856365859508514
0.06748531013727188
0.0917443260550499
0.0643574520945549
0.01806866005063057
0.016843510791659355
0.055518463253974915
0.06462332606315613
0.1523483246564865
0.046207889914512634
0.032878752797842026
0.04411252215504646
0.16598980128765106
0.1008555069565773
0.23223532736301422
0.04262948036193848
0.11843058466911316
0.04319927841424942
0.07341272383928299
0.1326315999031067
0.009163537994027138
0.14396843314170837
0.12553030252456665
0.06384848058223724
0.11164860427379608
0.07339288294315338
0.09882283955812454
0.1578051596879959
0.015275075100362301
0.1865699589252472
0.0835585668683052
0.12129136919975281
0.01010276097804308
0.04234703630208969
0.08546596765518188
0.05424883961677551
0.0901733934879303
0.03226057067513466
0.10792902857065201
0.1772589236497879
0.029891610145568848
0.15355567634105682
0.06550440192222595
0.23078025877475739
0.100080206990242
0.2081771194934845
0.028522348031401634
0.0881224051117897
0.041095227003097534
0.06741133332252502
0.05816858261823654
0.035022053867578506
0.01534330751746893
0.09833858907222748
0.1254998743534088
0.08129308372735977
0.08497906476259232
0.17163339257240295
0.02994275838136673
0.22329279780387878
0.06630328297615051
0.03135129064321518
0.11089526861906052
0.08251910656690598
0.07408645749092102
0.02102816477417946
0.055833522230386734
0.20612889528274536
0.07702802121639252
0.14529883861541748
0.2113596647977829
0.20205149054527283
0.13159820437431335
0.044687509536743164
0.15446937084197998
0.03446270152926445
0.12925972044467926
0.13071869313716888
0.08303164690732956
0.08250822126865387
0.03157974034547806
0.019031478092074394
0.06469210237264633
0.18527677655220032
0.15828759968280792
0.030415762215852737
0.0394892580807209
0.1643618494272232
0.10014589130878448
0.05308327451348305
0.050689760595560074
0.23195353150367737
0.07016444206237793
0.09777474403381348
0.050608664751052856
0.04589575156569481
0.028268326073884964
0.05901964381337166
0.08171584457159042
0.009260485880076885
0.042884621769189835
0.16417087614536285
0.1655668467283249
0.03735217824578285
0.07352996617555618
0.12358038127422333
0.16438685357570648
0.031529951840639114
0.03426356613636017
0.06769529730081558
0.10416542738676071
0.1283152550458908
0.06074277311563492
0.20669510960578918
0.11505141854286194
0.08954194188117981
0.21471254527568817
0.1697884351015091
0.039824895560741425
0.16418980062007904
0.09144651889801025
0.16052383184432983
0.04243941977620125
0.030464446172118187
0.06941515952348709
0.09451141953468323
0.07533451169729233
0.10407008230686188
0.03886253386735916
0.12045221030712128
0.14314337074756622
0.16981282830238342
0.08861482888460159
0.13192568719387054
0.016553565859794617
0.08963140845298767
0.238621324300766
0.0348433256149292
