0.10885392129421234
0.09378205984830856
0.14358624815940857
0.14673490822315216
0.1233171597123146
0.088182732462883
0.19321036338806152
0.095070980489254
0.10984817147254944
0.05642153322696686
0.1466483324766159
0.06694827973842621
0.09323905408382416
0.0779145285487175
0.06543847918510437
0.0465020090341568
0.13884258270263672
0.1237507089972496
0.09073660522699356
0.05025022476911545
0.12397300451993942
0.09687875211238861
0.052459318190813065
0.10905702412128448
0.09578128904104233
0.08977015316486359
0.049425750970840454
0.0968984067440033
0.16726259887218475
0.09897413849830627
0.05160030350089073
0.03387022390961647
0.09998377412557602
0.03685973584651947
0.19109317660331726
0.04102444648742676
0.1046813502907753
0.015819966793060303
0.17405273020267487
0.2674977481365204
0.08519688248634338
0.11719401925802231
0.06389074772596359
0.05501716583967209
0.12022851407527924
0.1122204139828682
0.05697648599743843
0.10165776312351227
0.10078113526105881
0.0707504078745842
0.0677744448184967
0.14584796130657196
0.08988827466964722
0.15235328674316406
0.09467040002346039
0.16739904880523682
0.11386105418205261
0.04287180304527283
0.03624751418828964
0.041088566184043884
0.19632995128631592
0.10402348637580872
0.12094665318727493
0.11537537723779678
0.15116162598133087
0.1083044707775116
0.1282317340373993
0.02258443459868431
0.19391308724880219
0.08909044414758682
0.090560182929039
0.05412019044160843
0.09078511595726013
0.035939786583185196
0.07326950877904892
0.10790261626243591
0.12823480367660522
0.03536731004714966
0.2984292805194855
0.07220810651779175
0.06235560029745102
0.14384451508522034
0.11696875840425491
0.09551871567964554
0.05481462925672531
0.058393821120262146
0.0580904558300972
0.04308796674013138
0.16373471915721893
0.24183407425880432
0.07832446694374084
0.043862082064151764
0.028096025809645653
0.1420452743768692
0.08124122023582458
0.15040217339992523
0.10496341437101364
0.06352165341377258
0.06990893930196762
0.19283071160316467
0.024148941040039063
0.09261179715394974
0.014095612801611423
0.029161492362618446
0.0561663843691349
0.06514493376016617
0.0430746003985405
0.0985662043094635
0.09993567317724228
0.19742614030838013
0.07475566118955612
0.05963053181767464
0.06469747424125671
0.055889230221509933
0.07068569213151932
0.0674966424703598
0.07491642236709595
0.11771483719348907
0.042586129158735275
0.15554669499397278
0.15767264366149902
0.23615765571594238
0.19766756892204285
0.1023719310760498
0.12197624146938324
0.06378792971372604
0.027976928278803825
0.0625077337026596
0.10824751853942871
0.05630413070321083
0.06179550662636757
0.060611698776483536
0.0751979723572731
0.09202826768159866
0.04667431861162186
0.19468547403812408
0.13614098727703094
0.09063028544187546
0.1595298796892166
0.04829147085547447
0.06790801882743835
0.050446826964616776
0.04635992646217346
0.06764787435531616
0.2633967697620392
0.08053722232580185
0.05959136784076691
0.06858718395233154
0.05601149797439575
0.0716809630393982
0.046926211565732956
0.07133530080318451
0.08518190681934357
0.021534118801355362
0.1904696226119995
0.12236479669809341
0.11036290973424911
0.02597413957118988
0.1882450133562088
0.1161215528845787
0.06113370880484581
0.05000987648963928
0.3109987676143646
0.12216032296419144
0.04068531095981598
0.11047901958227158
0.09203427284955978
0.03350667282938957
0.1775365024805069
0.054927729070186615
0.19105586409568787
0.09572969377040863
0.04053803160786629
0.0529952198266983
0.04499216377735138
0.10344881564378738
0.08866710215806961
0.06427562236785889
0.1195763647556305
0.04620346426963806
0.12036196142435074
0.07524420320987701
0.05152488127350807
0.06990187615156174
0.11573223024606705
0.047783177345991135
0.06254438310861588
0.08889082074165344
0.1019987240433693
0.032262172549963
0.06126003339886665
0.1565072387456894
0.06620197743177414
0.22542428970336914
0.15864142775535583
0.025273416191339493
0.03992924094200134
0.10378007590770721
0.07369669526815414
0.10780705511569977
0.08171390742063522
0.10557624697685242
0.07374802231788635
0.04559345170855522
0.015503084287047386
0.045440416783094406
0.07881948351860046
0.20432251691818237
0.02737622894346714
0.053724098950624466
0.04899131879210472
0.038116417825222015
0.1070055142045021
0.041348010301589966
0.09459701925516129
0.08198405057191849
0.07304301112890244
0.1396009474992752
0.1383422464132309
0.09371355921030045
0.0663100928068161
0.06170503795146942
0.018449796363711357
0.08058901876211166
0.05945001170039177
0.08418241143226624
0.13270758092403412
0.07410809397697449
0.007104889024049044
0.06334898620843887
0.07791437953710556
0.11270786821842194
0.011652304790914059
0.06991301476955414
0.052354153245687485
0.1422564685344696
0.10476022213697433
0.05364397168159485
0.2762455642223358
0.10703016817569733
0.012727892026305199
0.07068153470754623
0.11526718735694885
0.10036396235227585
0.04750355705618858
0.06779944151639938
0.09088083356618881
0.0345173254609108
0.1386973261833191
0.07760836184024811
0.10571269690990448
0.06207552179694176
0.029383273795247078
0.09443541616201401
0.11479531228542328
0.04114188253879547
0.02230149134993553
0.07659423351287842
0.03488323464989662
0.11497869342565536
0.13028240203857422
0.18190719187259674
0.07208605110645294
0.052849363535642624
0.0892055556178093
0.18467865884304047
0.1095341220498085
0.04441113397479057
0.005726729054003954
0.03435615822672844
0.08352114260196686
0.22244127094745636
0.055574141442775726
0.11103890836238861
0.05239395797252655
0.04111200571060181
0.1283808946609497
0.0800631120800972
0.08973442018032074
0.08277150243520737
0.239142507314682
0.026750855147838593
0.049838900566101074
0.06322194635868073
0.17126014828681946
0.28423386812210083
0.04873335361480713
0.13923633098602295
0.11122462898492813
0.03127295896410942
0.12890611588954926
0.1061454489827156
0.2557569146156311
0.05359930545091629
0.04846174642443657
0.08167119324207306
0.07544267922639847
0.08188313245773315
0.1045607402920723
0.1670263558626175
0.10553006827831268
0.17336611449718475
0.20374801754951477
0.10654173046350479
0.08167912811040878
0.03169277682900429
0.06716688722372055
0.30001574754714966
0.08113086223602295
0.05496751517057419
0.03903903067111969
0.05884825438261032
0.08745648711919785
0.10277172178030014
0.08100685477256775
0.12819761037826538
0.07458360493183136
0.0347270630300045
0.05113992467522621
0.026937121525406837
0.16399158537387848
0.09596920758485794
0.11397340148687363
0.05582161247730255
0.10674456506967545
0.12037652730941772
0.06216685473918915
0.07413684576749802
0.17432798445224762
0.12848587334156036
0.1641027331352234
0.14195609092712402
0.11906671524047852
0.04962030425667763
0.06168171390891075
0.08220615983009338
0.041900862008333206
0.03407009690999985
0.12642619013786316
0.1500365287065506
0.07357485592365265
0.03111070580780506
0.01568731851875782
0.0658184066414833
0.05000324174761772
0.1719982922077179
0.09672336280345917
0.14149920642375946
0.15867963433265686
0.1324608325958252
0.12258442491292953
0.1223289966583252
0.15750528872013092
0.023440303280949593
0.04787316918373108
0.21859225630760193
0.08696542680263519
0.12238074839115143
0.08787547051906586
0.08396868407726288
0.12890952825546265
0.2207440733909607
0.13298925757408142
0.0700269266963005
0.07172983884811401
0.11228208243846893
0.10213952511548996
0.10461102426052094
0.08967459201812744
0.06468714773654938
0.1794811487197876
0.0742170661687851
0.176295205950737
0.17905203998088837
0.08535079658031464
0.04054076224565506
0.13496984541416168
0.022656794637441635
0.16033083200454712
0.11756815761327744
0.03180127590894699
0.118629090487957
0.13515149056911469
0.03530968353152275
0.15139755606651306
0.15067607164382935
0.043478574603796005
0.11006119847297668
0.07903610169887543
0.22351707518100739
0.07212977111339569
0.1709282249212265
0.04782183840870857
0.13097473978996277
0.15074916183948517
0.09742667526006699
0.027885494753718376
0.1879509687423706
0.0634550154209137
0.07402084767818451
0.0378580205142498
0.0527355931699276
0.04890526831150055
0.07469556480646133
0.06150900945067406
0.10915948450565338
0.038259971886873245
0.17761850357055664
0.054716870188713074
0.1356336921453476
0.025826551020145416
0.06200727820396423
0.26595523953437805
0.08219359815120697
0.0950690507888794
0.08995413780212402
0.04260271415114403
0.09250543266534805
0.08342205733060837
0.07088121771812439
0.05499621853232384
0.12222921848297119
0.14067140221595764
0.1305200159549713
0.0700898990035057
0.0694243535399437
0.14898087084293365
0.07426080107688904
0.03815867751836777
0.10181912034749985
0.0837121233344078
0.053277209401130676
0.01762748509645462
0.13926208019256592
0.043964169919490814
0.024624250829219818
0.05789536237716675
0.1313638687133789
0.290990948677063
0.013200820423662663
0.09677181392908096
0.10984683036804199
0.12024595588445663
0.04207465797662735
0.04230115935206413
0.12789444625377655
0.02358088828623295
0.06809428334236145
0.141623854637146
0.035267557948827744
0.11430701613426208
0.1695108860731125
0.03607748821377754
0.0968504324555397
0.0888681709766388
0.06271713972091675
0.07137223333120346
0.1062316969037056
0.14251399040222168
0.12382247298955917
0.08461187034845352
0.056986816227436066
0.04743421450257301
0.02494482696056366
0.05220242589712143
0.09393986314535141
0.01939486339688301
0.15869596600532532
0.13150781393051147
0.08525429666042328
0.1087399423122406
0.021664375439286232
0.013821616768836975
0.06295111775398254
0.04918045178055763
0.17588338255882263
0.08239606767892838
0.08159968256950378
0.06266702711582184
0.01879637874662876
0.056135401129722595
0.1167740598320961
0.02552349679172039
0.10754983872175217
0.04518222063779831
0.04178261384367943
0.036728695034980774
0.20262667536735535
0.0769037976861
0.06444048136472702
0.08109210431575775
0.06794236600399017
0.08293695747852325
0.028233012184500694
0.15841925144195557
0.02036016434431076
0.0863185003399849
0.025767821818590164
0.04442865028977394
0.013706092722713947
0.0613863542675972
0.051605354994535446
0.10189689695835114
0.17780561745166779
0.18376022577285767
0.02128840610384941
0.11020728945732117
0.053055040538311005
0.09633728861808777
0.18231213092803955
0.023926878347992897
0.010864565148949623
0.049391038715839386
0.07661676406860352
0.10146696120500565
0.1550629585981369
0.013172141276299953
0.06704015284776688
0.11583898961544037
0.07803584635257721
0.024195820093154907
0.060086049139499664
0.01955493539571762
0.050233468413352966
0.13644227385520935
0.095147505402565
0.02283959649503231
0.09810934215784073
0.11369182169437408
0.12355436384677887
0.15652234852313995
0.1951606571674347
0.03789934515953064
0.22305741906166077
0.07476474344730377
0.16494566202163696
0.07439766079187393
0.0849509909749031
0.054548729211091995
0.04634563997387886
0.12461788207292557
0.12240806221961975
0.030754733830690384
0.2565390169620514
0.04620665684342384
0.04556174576282501
0.04287341237068176
0.03487454354763031
0.14672164618968964
0.0902923196554184
0.24545778334140778
0.044703491032123566
0.16884587705135345
0.07476869970560074
0.032181717455387115
0.017099369317293167
0.162502720952034
0.16507956385612488
0.08408824354410172
0.09401846677064896
0.06227783486247063
0.21730110049247742
0.17276859283447266
0.03993675112724304
0.19093076884746552
0.07403910160064697
0.07069919258356094
0.07349616289138794
0.07046708464622498
0.11589208990335464
0.2465885430574417
0.09176455438137054
0.07768256217241287
0.03789125382900238
0.0841037780046463
0.2103404998779297
0.11097204685211182
0.1528932750225067
0.05510440096259117
0.025559863075613976
0.091802217066288
0.11559723317623138
0.06883955001831055
0.044636521488428116
0.1322336047887802
0.1050492599606514
0.10015835613012314
0.12924131751060486
0.07153889536857605
0.08794388175010681
0.07766734808683395
0.08390308171510696
0.18030282855033875
0.27615705132484436
0.048617344349622726
0.01993543840944767
0.34352192282676697
0.08804000169038773
0.11830846220254898
0.11254467815160751
0.12819930911064148
0.12035588920116425
0.09313574433326721
0.07319717854261398
0.07912633568048477
0.08216730505228043
0.2109525501728058
0.14853045344352722
0.11073785275220871
0.05475196987390518
0.014806421473622322
0.12465504556894302
0.11657382547855377
0.11169597506523132
0.0658077746629715
0.04500137269496918
0.12457692623138428
0.15356877446174622
0.02480749599635601
0.20193319022655487
0.041744474321603775
0.13077320158481598
0.1259576380252838
0.09301982074975967
0.24244187772274017
0.040812600404024124
0.0938696414232254
0.1582803875207901
0.05775956064462662
0.07435709238052368
0.08297514915466309
0.03470238298177719
0.11020222306251526
0.07757245004177094
0.07762082666158676
0.15113985538482666
0.059323281049728394
0.2524760067462921
0.07955612242221832
0.04919565096497536
0.05465709790587425
0.09934528917074203
0.09834334999322891
0.1274883896112442
0.028919866308569908
0.19275328516960144
0.08876477926969528
0.0496983602643013
0.0735962986946106
0.06403515487909317
0.16706056892871857
0.02817845717072487
0.11068546772003174
0.0655171126127243
0.02713971585035324
0.18043874204158783
0.06240559741854668
0.033614516258239746
0.1313365250825882
0.23427174985408783
0.028592798858880997
0.16907930374145508
0.17471764981746674
0.016546502709388733
0.1976965367794037
0.07370408624410629
0.1442531943321228
0.09352181851863861
0.07331302762031555
0.20947913825511932
0.12743745744228363
0.09737973660230637
0.22835597395896912
0.09792900085449219
0.10686849057674408
0.13115128874778748
0.12262343615293503
0.07607100903987885
0.17176780104637146
0.06374463438987732
0.03746989369392395
0.06103057786822319
0.05340879037976265
0.09771943837404251
0.07228009402751923
0.10555869340896606
0.12427535653114319
0.1572609692811966
0.10698298364877701
0.04713883250951767
0.058293551206588745
0.03430327773094177
0.024980274960398674
0.051326606422662735
0.06322973966598511
0.2652871012687683
0.03991707041859627
0.0990692526102066
0.04099294915795326
0.11655846238136292
0.023153016343712807
0.025202447548508644
0.14331570267677307
0.10569091141223907
0.1607879102230072
0.02989952638745308
0.06761620193719864
0.07516632229089737
0.08696725964546204
0.04939747974276543
0.13544288277626038
0.01768665574491024
0.17106717824935913
0.08354554325342178
0.04636513069272041
0.1366494596004486
0.25984644889831543
0.03210420906543732
0.06095685437321663
0.15609526634216309
0.21538180112838745
0.07173474878072739
0.12218896299600601
0.11337504535913467
0.06907913088798523
0.2429760843515396
0.1724671870470047
0.06099685654044151
0.08564145863056183
0.19161972403526306
0.10678547620773315
0.17394982278347015
0.06602748483419418
0.04794716835021973
0.027078725397586823
0.10064294934272766
0.058965858072042465
0.04760700464248657
0.05810821056365967
0.06891985237598419
0.07330949604511261
0.09060559421777725
0.05278831720352173
0.03601850941777229
0.10627276450395584
0.03912055119872093
0.17292869091033936
0.08147883415222168
0.04311428219079971
0.018034018576145172
0.0688263401389122
0.08055499196052551
0.14320887625217438
0.18757431209087372
0.1002730056643486
0.1840313971042633
0.07588189095258713
0.017578385770320892
0.15631674230098724
0.07602837681770325
0.08455325663089752
0.12908071279525757
0.05695599317550659
0.12008114904165268
0.06958048790693283
0.039551589637994766
0.036613814532756805
0.09482096135616302
0.13055239617824554
0.030976200476288795
0.128692165017128
0.09001810103654861
0.0762815997004509
0.03971923515200615
0.05745310336351395
0.08203760534524918
0.07723966985940933
0.03497844189405441
0.05174197256565094
0.12059079110622406
0.0807177871465683
0.09186961501836777
0.12277405709028244
0.0944874957203865
0.08036687970161438
0.20448826253414154
0.06936945021152496
0.05151372402906418
0.06595064699649811
0.07319620251655579
0.1749207228422165
0.08873240649700165
0.13086862862110138
0.13442088663578033
0.06161603331565857
0.038357917219400406
0.12194066494703293
0.12038463354110718
0.10958877205848694
0.11587170511484146
0.15943987667560577
0.03688891604542732
0.07504996657371521
0.1449546366930008
0.10588468611240387
0.08721954375505447
0.11942785978317261
0.11470858752727509
0.01572461798787117
0.15156224370002747
0.04575251042842865
0.08414393663406372
0.056138716638088226
0.06177113205194473
0.05356690660119057
0.028412332758307457
0.23299521207809448
0.044082414358854294
0.055565252900123596
0.02271888591349125
0.19428099691867828
0.11208388954401016
0.08232499659061432
0.09296023845672607
0.04908406361937523
0.16975116729736328
0.04943646490573883
0.061293233186006546
0.03069963864982128
0.10319097340106964
0.17896094918251038
0.08916439116001129
0.10867666453123093
0.021807502955198288
0.15051329135894775
0.022155901417136192
0.1131284087896347
0.08752161264419556
0.016328126192092896
0.12902222573757172
0.0531933419406414
0.16282565891742706
0.18788465857505798
0.06165994331240654
0.035832010209560394
0.16370470821857452
0.029819505289196968
0.07525023072957993
0.09056714922189713
0.07715575397014618
0.10614224523305893
0.0430108942091465
0.10577087849378586
0.061587926000356674
0.16168412566184998
0.06444922089576721
0.11045897752046585
0.06726053357124329
0.136379212141037
0.011695860885083675
0.025501180440187454
0.131296768784523
0.0521186962723732
0.08598741143941879
0.13937053084373474
0.027742015197873116
0.0309571735560894
0.3919934034347534
0.04473122954368591
0.07737047970294952
0.08089372515678406
0.11402281373739243
0.07963862270116806
0.0949309691786766
0.06882186979055405
0.08898859471082687
0.11214125901460648
0.025759272277355194
0.2611156404018402
0.10389532148838043
0.11715272068977356
0.08304200321435928
0.03456610441207886
0.12577122449874878
0.07033805549144745
0.12786777317523956
0.02843805029988289
0.0638141855597496
0.07251215726137161
0.027217287570238113
0.08313270658254623
0.022781100124120712
0.07389361411333084
0.09033187478780746
0.059098463505506516
0.1405131220817566
0.023714439943432808
0.07852137088775635
0.0817292332649231
0.056675102561712265
0.09422479569911957
0.19057942926883698
0.1475268453359604
0.06111391261219978
0.051672663539648056
0.08015002310276031
0.09089751541614532
0.09992195665836334
0.00539780966937542
0.0689968392252922
0.06054887920618057
0.06379953026771545
0.10150900483131409
0.22312596440315247
0.07426818460226059
0.03375909477472305
0.06495237350463867
0.14754092693328857
0.024948855862021446
0.07146673649549484
0.11169278621673584
0.03725998103618622
0.01907367631793022
0.04764856398105621
0.1010458841919899
0.16828715801239014
0.10671427100896835
0.053188033401966095
0.025461778044700623
0.14203286170959473
0.06558416783809662
0.13699236512184143
0.3754332959651947
0.1479538381099701
0.028551921248435974
0.21650941669940948
0.031203893944621086
0.020592279732227325
0.015301154926419258
0.5073077082633972
